
*** Running vivado
    with args -log cam_to_mem_v_axi4s_vid_out_0_0.vds -m64 -product Vivado -mode batch -messageDb vivado.pb -notrace -source cam_to_mem_v_axi4s_vid_out_0_0.tcl



****** Vivado v2025.2 (64-bit)
  **** SW Build 6299465 on Fri Nov 14 19:35:11 GMT 2025
  **** IP Build 6300035 on Fri Nov 14 10:48:45 MST 2025
  **** SharedData Build 6298862 on Thu Nov 13 04:50:51 MST 2025
  **** Start of session at: Mon May  4 10:04:07 2026
    ** Copyright 1986-2022 Xilinx, Inc. All Rights Reserved.
    ** Copyright 2022-2025 Advanced Micro Devices, Inc. All Rights Reserved.

source cam_to_mem_v_axi4s_vid_out_0_0.tcl -notrace
create_project: Time (s): cpu = 00:00:29 ; elapsed = 00:00:27 . Memory (MB): peak = 525.324 ; gain = 219.727
Command: synth_design -top cam_to_mem_v_axi4s_vid_out_0_0 -part xc7z020clg400-2 -incremental_mode off -mode out_of_context
Starting synth_design
Attempting to get a license for feature 'Synthesis' and/or device 'xc7z020'
INFO: [Common 17-349] Got license for feature 'Synthesis' and/or device 'xc7z020'
INFO: [Device 21-403] Loading part xc7z020clg400-2
INFO: [Synth 8-7079] Multithreading enabled for synth_design using a maximum of 2 processes.
INFO: [Synth 8-7078] Launching helper process for spawning children vivado processes
INFO: [Synth 8-7075] Helper process launched with PID 31576
---------------------------------------------------------------------------------
Starting RTL Elaboration : Time (s): cpu = 00:00:13 ; elapsed = 00:00:15 . Memory (MB): peak = 1306.172 ; gain = 539.680
---------------------------------------------------------------------------------
INFO: [Synth 8-6157] synthesizing module 'cam_to_mem_v_axi4s_vid_out_0_0' [c:/Users/niumu/Refocusing/camera_screen/camera_screen.gen/sources_1/bd/cam_to_mem/ip/cam_to_mem_v_axi4s_vid_out_0_0/synth/cam_to_mem_v_axi4s_vid_out_0_0.v:53]
INFO: [Synth 8-6157] synthesizing module 'v_axi4s_vid_out_v4_0_20' [c:/Users/niumu/Refocusing/camera_screen/camera_screen.gen/sources_1/bd/cam_to_mem/ipshared/d1ca/hdl/v_axi4s_vid_out_v4_0_vl_rfs.v:2392]
INFO: [Synth 8-6157] synthesizing module 'v_axi4s_vid_out_v4_0_20_cdc_single' [c:/Users/niumu/Refocusing/camera_screen/camera_screen.gen/sources_1/bd/cam_to_mem/ipshared/d1ca/hdl/v_axi4s_vid_out_v4_0_vl_rfs.v:215]
INFO: [Synth 8-6157] synthesizing module 'xpm_cdc_single' [C:/AMDDesignTools/2025.2/Vivado/data/ip/xpm/xpm_cdc/hdl/xpm_cdc.sv:152]
INFO: [Synth 8-6155] done synthesizing module 'xpm_cdc_single' (0#1) [C:/AMDDesignTools/2025.2/Vivado/data/ip/xpm/xpm_cdc/hdl/xpm_cdc.sv:152]
INFO: [Synth 8-6155] done synthesizing module 'v_axi4s_vid_out_v4_0_20_cdc_single' (0#1) [c:/Users/niumu/Refocusing/camera_screen/camera_screen.gen/sources_1/bd/cam_to_mem/ipshared/d1ca/hdl/v_axi4s_vid_out_v4_0_vl_rfs.v:215]
INFO: [Synth 8-6157] synthesizing module 'v_axi4s_vid_out_v4_0_20_coupler' [c:/Users/niumu/Refocusing/camera_screen/camera_screen.gen/sources_1/bd/cam_to_mem/ipshared/d1ca/hdl/v_axi4s_vid_out_v4_0_vl_rfs.v:299]
INFO: [Synth 8-6157] synthesizing module 'v_axi4s_vid_out_v4_0_20_fifo_async' [c:/Users/niumu/Refocusing/camera_screen/camera_screen.gen/sources_1/bd/cam_to_mem/ipshared/d1ca/hdl/v_axi4s_vid_out_v4_0_vl_rfs.v:56]
INFO: [Synth 8-6157] synthesizing module 'xpm_fifo_async' [C:/AMDDesignTools/2025.2/Vivado/data/ip/xpm/xpm_fifo/hdl/xpm_fifo.sv:2173]
INFO: [Synth 8-6157] synthesizing module 'xpm_fifo_base' [C:/AMDDesignTools/2025.2/Vivado/data/ip/xpm/xpm_fifo/hdl/xpm_fifo.sv:53]
INFO: [Synth 8-6157] synthesizing module 'xpm_memory_base' [C:/AMDDesignTools/2025.2/Vivado/data/ip/xpm/xpm_memory/hdl/xpm_memory.sv:54]
INFO: [Synth 8-6059] Synth Info: [XPM_MEMORY 20-1] MEMORY_PRIMITIVE (0) instructs Vivado Synthesis to choose the memory primitive type. Depending on their values, other XPM_MEMORY parameters may preclude the choice of certain memory primitive types. Review XPM_MEMORY documentation and parameter values to understand any limitations, or set MEMORY_PRIMITIVE to a different value.   [C:/AMDDesignTools/2025.2/Vivado/data/ip/xpm/xpm_memory/hdl/xpm_memory.sv:522]
INFO: [Synth 8-6155] done synthesizing module 'xpm_memory_base' (0#1) [C:/AMDDesignTools/2025.2/Vivado/data/ip/xpm/xpm_memory/hdl/xpm_memory.sv:54]
INFO: [Synth 8-6157] synthesizing module 'xpm_cdc_gray' [C:/AMDDesignTools/2025.2/Vivado/data/ip/xpm/xpm_cdc/hdl/xpm_cdc.sv:283]
INFO: [Synth 8-6155] done synthesizing module 'xpm_cdc_gray' (0#1) [C:/AMDDesignTools/2025.2/Vivado/data/ip/xpm/xpm_cdc/hdl/xpm_cdc.sv:283]
INFO: [Synth 8-6157] synthesizing module 'xpm_fifo_reg_vec' [C:/AMDDesignTools/2025.2/Vivado/data/ip/xpm/xpm_fifo/hdl/xpm_fifo.sv:1905]
INFO: [Synth 8-6155] done synthesizing module 'xpm_fifo_reg_vec' (0#1) [C:/AMDDesignTools/2025.2/Vivado/data/ip/xpm/xpm_fifo/hdl/xpm_fifo.sv:1905]
INFO: [Synth 8-6157] synthesizing module 'xpm_cdc_gray__parameterized0' [C:/AMDDesignTools/2025.2/Vivado/data/ip/xpm/xpm_cdc/hdl/xpm_cdc.sv:283]
INFO: [Synth 8-6155] done synthesizing module 'xpm_cdc_gray__parameterized0' (0#1) [C:/AMDDesignTools/2025.2/Vivado/data/ip/xpm/xpm_cdc/hdl/xpm_cdc.sv:283]
INFO: [Synth 8-6157] synthesizing module 'xpm_fifo_reg_vec__parameterized0' [C:/AMDDesignTools/2025.2/Vivado/data/ip/xpm/xpm_fifo/hdl/xpm_fifo.sv:1905]
INFO: [Synth 8-6155] done synthesizing module 'xpm_fifo_reg_vec__parameterized0' (0#1) [C:/AMDDesignTools/2025.2/Vivado/data/ip/xpm/xpm_fifo/hdl/xpm_fifo.sv:1905]
INFO: [Synth 8-6157] synthesizing module 'xpm_cdc_gray__parameterized1' [C:/AMDDesignTools/2025.2/Vivado/data/ip/xpm/xpm_cdc/hdl/xpm_cdc.sv:283]
INFO: [Synth 8-6155] done synthesizing module 'xpm_cdc_gray__parameterized1' (0#1) [C:/AMDDesignTools/2025.2/Vivado/data/ip/xpm/xpm_cdc/hdl/xpm_cdc.sv:283]
INFO: [Synth 8-226] default block is never used [C:/AMDDesignTools/2025.2/Vivado/data/ip/xpm/xpm_fifo/hdl/xpm_fifo.sv:1220]
INFO: [Synth 8-226] default block is never used [C:/AMDDesignTools/2025.2/Vivado/data/ip/xpm/xpm_fifo/hdl/xpm_fifo.sv:1287]
INFO: [Synth 8-226] default block is never used [C:/AMDDesignTools/2025.2/Vivado/data/ip/xpm/xpm_fifo/hdl/xpm_fifo.sv:1309]
INFO: [Synth 8-6157] synthesizing module 'xpm_fifo_reg_bit' [C:/AMDDesignTools/2025.2/Vivado/data/ip/xpm/xpm_fifo/hdl/xpm_fifo.sv:1927]
INFO: [Synth 8-6155] done synthesizing module 'xpm_fifo_reg_bit' (0#1) [C:/AMDDesignTools/2025.2/Vivado/data/ip/xpm/xpm_fifo/hdl/xpm_fifo.sv:1927]
INFO: [Synth 8-6157] synthesizing module 'xpm_counter_updn' [C:/AMDDesignTools/2025.2/Vivado/data/ip/xpm/xpm_fifo/hdl/xpm_fifo.sv:1879]
INFO: [Synth 8-6155] done synthesizing module 'xpm_counter_updn' (0#1) [C:/AMDDesignTools/2025.2/Vivado/data/ip/xpm/xpm_fifo/hdl/xpm_fifo.sv:1879]
INFO: [Synth 8-6157] synthesizing module 'xpm_fifo_rst' [C:/AMDDesignTools/2025.2/Vivado/data/ip/xpm/xpm_fifo/hdl/xpm_fifo.sv:1639]
INFO: [Synth 8-6157] synthesizing module 'xpm_cdc_sync_rst' [C:/AMDDesignTools/2025.2/Vivado/data/ip/xpm/xpm_cdc/hdl/xpm_cdc.sv:1059]
INFO: [Synth 8-6155] done synthesizing module 'xpm_cdc_sync_rst' (0#1) [C:/AMDDesignTools/2025.2/Vivado/data/ip/xpm/xpm_cdc/hdl/xpm_cdc.sv:1059]
INFO: [Synth 8-6155] done synthesizing module 'xpm_fifo_rst' (0#1) [C:/AMDDesignTools/2025.2/Vivado/data/ip/xpm/xpm_fifo/hdl/xpm_fifo.sv:1639]
INFO: [Synth 8-6157] synthesizing module 'xpm_counter_updn__parameterized0' [C:/AMDDesignTools/2025.2/Vivado/data/ip/xpm/xpm_fifo/hdl/xpm_fifo.sv:1879]
INFO: [Synth 8-6155] done synthesizing module 'xpm_counter_updn__parameterized0' (0#1) [C:/AMDDesignTools/2025.2/Vivado/data/ip/xpm/xpm_fifo/hdl/xpm_fifo.sv:1879]
INFO: [Synth 8-6157] synthesizing module 'xpm_counter_updn__parameterized1' [C:/AMDDesignTools/2025.2/Vivado/data/ip/xpm/xpm_fifo/hdl/xpm_fifo.sv:1879]
INFO: [Synth 8-6155] done synthesizing module 'xpm_counter_updn__parameterized1' (0#1) [C:/AMDDesignTools/2025.2/Vivado/data/ip/xpm/xpm_fifo/hdl/xpm_fifo.sv:1879]
INFO: [Synth 8-6157] synthesizing module 'xpm_counter_updn__parameterized2' [C:/AMDDesignTools/2025.2/Vivado/data/ip/xpm/xpm_fifo/hdl/xpm_fifo.sv:1879]
INFO: [Synth 8-6155] done synthesizing module 'xpm_counter_updn__parameterized2' (0#1) [C:/AMDDesignTools/2025.2/Vivado/data/ip/xpm/xpm_fifo/hdl/xpm_fifo.sv:1879]
INFO: [Synth 8-6155] done synthesizing module 'xpm_fifo_base' (0#1) [C:/AMDDesignTools/2025.2/Vivado/data/ip/xpm/xpm_fifo/hdl/xpm_fifo.sv:53]
INFO: [Synth 8-6155] done synthesizing module 'xpm_fifo_async' (0#1) [C:/AMDDesignTools/2025.2/Vivado/data/ip/xpm/xpm_fifo/hdl/xpm_fifo.sv:2173]
INFO: [Synth 8-6155] done synthesizing module 'v_axi4s_vid_out_v4_0_20_fifo_async' (0#1) [c:/Users/niumu/Refocusing/camera_screen/camera_screen.gen/sources_1/bd/cam_to_mem/ipshared/d1ca/hdl/v_axi4s_vid_out_v4_0_vl_rfs.v:56]
INFO: [Synth 8-6155] done synthesizing module 'v_axi4s_vid_out_v4_0_20_coupler' (0#1) [c:/Users/niumu/Refocusing/camera_screen/camera_screen.gen/sources_1/bd/cam_to_mem/ipshared/d1ca/hdl/v_axi4s_vid_out_v4_0_vl_rfs.v:299]
INFO: [Synth 8-6157] synthesizing module 'v_axi4s_vid_out_v4_0_20_sync' [c:/Users/niumu/Refocusing/camera_screen/camera_screen.gen/sources_1/bd/cam_to_mem/ipshared/d1ca/hdl/v_axi4s_vid_out_v4_0_vl_rfs.v:510]
INFO: [Synth 8-6155] done synthesizing module 'v_axi4s_vid_out_v4_0_20_sync' (0#1) [c:/Users/niumu/Refocusing/camera_screen/camera_screen.gen/sources_1/bd/cam_to_mem/ipshared/d1ca/hdl/v_axi4s_vid_out_v4_0_vl_rfs.v:510]
INFO: [Synth 8-6157] synthesizing module 'v_axi4s_vid_out_v4_0_20_formatter' [c:/Users/niumu/Refocusing/camera_screen/camera_screen.gen/sources_1/bd/cam_to_mem/ipshared/d1ca/hdl/v_axi4s_vid_out_v4_0_vl_rfs.v:1195]
INFO: [Synth 8-6155] done synthesizing module 'v_axi4s_vid_out_v4_0_20_formatter' (0#1) [c:/Users/niumu/Refocusing/camera_screen/camera_screen.gen/sources_1/bd/cam_to_mem/ipshared/d1ca/hdl/v_axi4s_vid_out_v4_0_vl_rfs.v:1195]
INFO: [Synth 8-6155] done synthesizing module 'v_axi4s_vid_out_v4_0_20' (0#1) [c:/Users/niumu/Refocusing/camera_screen/camera_screen.gen/sources_1/bd/cam_to_mem/ipshared/d1ca/hdl/v_axi4s_vid_out_v4_0_vl_rfs.v:2392]
INFO: [Synth 8-6155] done synthesizing module 'cam_to_mem_v_axi4s_vid_out_0_0' (0#1) [c:/Users/niumu/Refocusing/camera_screen/camera_screen.gen/sources_1/bd/cam_to_mem/ip/cam_to_mem_v_axi4s_vid_out_0_0/synth/cam_to_mem_v_axi4s_vid_out_0_0.v:53]
WARNING: [Synth 8-6014] Unused sequential element gen_rd_b.gen_doutb_pipe.enb_pipe_reg[0] was removed.  [C:/AMDDesignTools/2025.2/Vivado/data/ip/xpm/xpm_memory/hdl/xpm_memory.sv:3087]
WARNING: [Synth 8-6014] Unused sequential element dest_out_bin_ff_reg was removed.  [C:/AMDDesignTools/2025.2/Vivado/data/ip/xpm/xpm_cdc/hdl/xpm_cdc.sv:417]
WARNING: [Synth 8-6014] Unused sequential element dest_out_bin_ff_reg was removed.  [C:/AMDDesignTools/2025.2/Vivado/data/ip/xpm/xpm_cdc/hdl/xpm_cdc.sv:417]
WARNING: [Synth 8-6014] Unused sequential element dest_out_bin_ff_reg was removed.  [C:/AMDDesignTools/2025.2/Vivado/data/ip/xpm/xpm_cdc/hdl/xpm_cdc.sv:417]
WARNING: [Synth 8-6014] Unused sequential element gen_fwft.empty_fwft_fb_reg was removed.  [C:/AMDDesignTools/2025.2/Vivado/data/ip/xpm/xpm_fifo/hdl/xpm_fifo.sv:1404]
INFO: [Synth 8-6014] Unused sequential element fifo_fid_dly_reg was removed.  [c:/Users/niumu/Refocusing/camera_screen/camera_screen.gen/sources_1/bd/cam_to_mem/ipshared/d1ca/hdl/v_axi4s_vid_out_v4_0_vl_rfs.v:725]
INFO: [Synth 8-6014] Unused sequential element vtg_fid_dly_reg was removed.  [c:/Users/niumu/Refocusing/camera_screen/camera_screen.gen/sources_1/bd/cam_to_mem/ipshared/d1ca/hdl/v_axi4s_vid_out_v4_0_vl_rfs.v:752]
INFO: [Synth 8-7129] Port VIDEO_FORMAT[1] in module v_axi4s_vid_out_v4_0_20_formatter is either unconnected or has no load
INFO: [Synth 8-7129] Port VIDEO_FORMAT[0] in module v_axi4s_vid_out_v4_0_20_formatter is either unconnected or has no load
INFO: [Synth 8-7129] Port VTG_HSYNC[0] in module v_axi4s_vid_out_v4_0_20_sync is either unconnected or has no load
INFO: [Synth 8-7129] Port sleep in module xpm_memory_base is either unconnected or has no load
INFO: [Synth 8-7129] Port rsta in module xpm_memory_base is either unconnected or has no load
INFO: [Synth 8-7129] Port regcea in module xpm_memory_base is either unconnected or has no load
INFO: [Synth 8-7129] Port injectsbiterra in module xpm_memory_base is either unconnected or has no load
INFO: [Synth 8-7129] Port injectdbiterra in module xpm_memory_base is either unconnected or has no load
INFO: [Synth 8-7129] Port dinb[26] in module xpm_memory_base is either unconnected or has no load
INFO: [Synth 8-7129] Port dinb[25] in module xpm_memory_base is either unconnected or has no load
INFO: [Synth 8-7129] Port dinb[24] in module xpm_memory_base is either unconnected or has no load
INFO: [Synth 8-7129] Port dinb[23] in module xpm_memory_base is either unconnected or has no load
INFO: [Synth 8-7129] Port dinb[22] in module xpm_memory_base is either unconnected or has no load
INFO: [Synth 8-7129] Port dinb[21] in module xpm_memory_base is either unconnected or has no load
INFO: [Synth 8-7129] Port dinb[20] in module xpm_memory_base is either unconnected or has no load
INFO: [Synth 8-7129] Port dinb[19] in module xpm_memory_base is either unconnected or has no load
INFO: [Synth 8-7129] Port dinb[18] in module xpm_memory_base is either unconnected or has no load
INFO: [Synth 8-7129] Port dinb[17] in module xpm_memory_base is either unconnected or has no load
INFO: [Synth 8-7129] Port dinb[16] in module xpm_memory_base is either unconnected or has no load
INFO: [Synth 8-7129] Port dinb[15] in module xpm_memory_base is either unconnected or has no load
INFO: [Synth 8-7129] Port dinb[14] in module xpm_memory_base is either unconnected or has no load
INFO: [Synth 8-7129] Port dinb[13] in module xpm_memory_base is either unconnected or has no load
INFO: [Synth 8-7129] Port dinb[12] in module xpm_memory_base is either unconnected or has no load
INFO: [Synth 8-7129] Port dinb[11] in module xpm_memory_base is either unconnected or has no load
INFO: [Synth 8-7129] Port dinb[10] in module xpm_memory_base is either unconnected or has no load
INFO: [Synth 8-7129] Port dinb[9] in module xpm_memory_base is either unconnected or has no load
INFO: [Synth 8-7129] Port dinb[8] in module xpm_memory_base is either unconnected or has no load
INFO: [Synth 8-7129] Port dinb[7] in module xpm_memory_base is either unconnected or has no load
INFO: [Synth 8-7129] Port dinb[6] in module xpm_memory_base is either unconnected or has no load
INFO: [Synth 8-7129] Port dinb[5] in module xpm_memory_base is either unconnected or has no load
INFO: [Synth 8-7129] Port dinb[4] in module xpm_memory_base is either unconnected or has no load
INFO: [Synth 8-7129] Port dinb[3] in module xpm_memory_base is either unconnected or has no load
INFO: [Synth 8-7129] Port dinb[2] in module xpm_memory_base is either unconnected or has no load
INFO: [Synth 8-7129] Port dinb[1] in module xpm_memory_base is either unconnected or has no load
INFO: [Synth 8-7129] Port dinb[0] in module xpm_memory_base is either unconnected or has no load
INFO: [Synth 8-7129] Port injectsbiterrb in module xpm_memory_base is either unconnected or has no load
INFO: [Synth 8-7129] Port injectdbiterrb in module xpm_memory_base is either unconnected or has no load
INFO: [Synth 8-7129] Port VID_RESET in module v_axi4s_vid_out_v4_0_20_coupler is either unconnected or has no load
INFO: [Synth 8-7129] Port src_clk in module xpm_cdc_single is either unconnected or has no load
INFO: [Synth 8-7129] Port vtg_hsync_arb[0] in module v_axi4s_vid_out_v4_0_20 is either unconnected or has no load
INFO: [Synth 8-7129] Port vtg_hblank_arb[0] in module v_axi4s_vid_out_v4_0_20 is either unconnected or has no load
INFO: [Synth 8-7129] Port vtg_vsync_arb[0] in module v_axi4s_vid_out_v4_0_20 is either unconnected or has no load
INFO: [Synth 8-7129] Port vtg_vblank_arb[0] in module v_axi4s_vid_out_v4_0_20 is either unconnected or has no load
INFO: [Synth 8-7129] Port vtg_active_video_arb[0] in module v_axi4s_vid_out_v4_0_20 is either unconnected or has no load
INFO: [Synth 8-7129] Port vtg_field_id_arb in module v_axi4s_vid_out_v4_0_20 is either unconnected or has no load
INFO: [Synth 8-7129] Port repeat_en in module v_axi4s_vid_out_v4_0_20 is either unconnected or has no load
INFO: [Synth 8-7129] Port remap_420_en in module v_axi4s_vid_out_v4_0_20 is either unconnected or has no load
---------------------------------------------------------------------------------
Finished RTL Elaboration : Time (s): cpu = 00:00:19 ; elapsed = 00:00:21 . Memory (MB): peak = 1439.789 ; gain = 673.297
---------------------------------------------------------------------------------
---------------------------------------------------------------------------------
Start Handling Custom Attributes
---------------------------------------------------------------------------------
---------------------------------------------------------------------------------
Finished Handling Custom Attributes : Time (s): cpu = 00:00:19 ; elapsed = 00:00:22 . Memory (MB): peak = 1439.789 ; gain = 673.297
---------------------------------------------------------------------------------
---------------------------------------------------------------------------------
Finished RTL Optimization Phase 1 : Time (s): cpu = 00:00:19 ; elapsed = 00:00:22 . Memory (MB): peak = 1439.789 ; gain = 673.297
---------------------------------------------------------------------------------
Netlist sorting complete. Time (s): cpu = 00:00:00 ; elapsed = 00:00:00.042 . Memory (MB): peak = 1439.789 ; gain = 0.000
INFO: [Project 1-570] Preparing netlist for logic optimization

Processing XDC Constraints
Initializing timing engine
Parsing XDC File [c:/Users/niumu/Refocusing/camera_screen/camera_screen.gen/sources_1/bd/cam_to_mem/ip/cam_to_mem_v_axi4s_vid_out_0_0/cam_to_mem_v_axi4s_vid_out_0_0_ooc.xdc] for cell 'inst'
Finished Parsing XDC File [c:/Users/niumu/Refocusing/camera_screen/camera_screen.gen/sources_1/bd/cam_to_mem/ip/cam_to_mem_v_axi4s_vid_out_0_0/cam_to_mem_v_axi4s_vid_out_0_0_ooc.xdc] for cell 'inst'
Parsing XDC File [C:/Users/niumu/Refocusing/camera_screen/camera_screen.runs/cam_to_mem_v_axi4s_vid_out_0_0_synth_1/dont_touch.xdc]
Finished Parsing XDC File [C:/Users/niumu/Refocusing/camera_screen/camera_screen.runs/cam_to_mem_v_axi4s_vid_out_0_0_synth_1/dont_touch.xdc]
Parsing XDC File [c:/Users/niumu/Refocusing/camera_screen/camera_screen.gen/sources_1/bd/cam_to_mem/ip/cam_to_mem_v_axi4s_vid_out_0_0/cam_to_mem_v_axi4s_vid_out_0_0_clocks.xdc] for cell 'inst'
Finished Parsing XDC File [c:/Users/niumu/Refocusing/camera_screen/camera_screen.gen/sources_1/bd/cam_to_mem/ip/cam_to_mem_v_axi4s_vid_out_0_0/cam_to_mem_v_axi4s_vid_out_0_0_clocks.xdc] for cell 'inst'
INFO: [Project 1-236] Implementation specific constraints were found while reading constraint file [C:/AMDDesignTools/2025.2/Vivado/data/ip/xpm/xpm_cdc/tcl/xpm_cdc_gray.tcl]. These constraints will be ignored for synthesis but will be used in implementation. Impacted constraints are listed in the file [.Xil/cam_to_mem_v_axi4s_vid_out_0_0_propImpl.xdc].
Resolution: To avoid this warning, move constraints listed in [.Xil/cam_to_mem_v_axi4s_vid_out_0_0_propImpl.xdc] to another XDC file and exclude this new file from synthesis with the used_in_synthesis property (File Properties dialog in GUI) and re-run elaboration/synthesis.
INFO: [Project 1-236] Implementation specific constraints were found while reading constraint file [C:/AMDDesignTools/2025.2/Vivado/data/ip/xpm/xpm_cdc/tcl/xpm_cdc_single.tcl]. These constraints will be ignored for synthesis but will be used in implementation. Impacted constraints are listed in the file [.Xil/cam_to_mem_v_axi4s_vid_out_0_0_propImpl.xdc].
Resolution: To avoid this warning, move constraints listed in [.Xil/cam_to_mem_v_axi4s_vid_out_0_0_propImpl.xdc] to another XDC file and exclude this new file from synthesis with the used_in_synthesis property (File Properties dialog in GUI) and re-run elaboration/synthesis.
INFO: [Project 1-236] Implementation specific constraints were found while reading constraint file [C:/AMDDesignTools/2025.2/Vivado/data/ip/xpm/xpm_fifo/tcl/xpm_fifo_rst.tcl]. These constraints will be ignored for synthesis but will be used in implementation. Impacted constraints are listed in the file [.Xil/cam_to_mem_v_axi4s_vid_out_0_0_propImpl.xdc].
Resolution: To avoid this warning, move constraints listed in [.Xil/cam_to_mem_v_axi4s_vid_out_0_0_propImpl.xdc] to another XDC file and exclude this new file from synthesis with the used_in_synthesis property (File Properties dialog in GUI) and re-run elaboration/synthesis.
INFO: [Project 1-1714] 9 XPM XDC files have been applied to the design.
Completed Processing XDC Constraints

Netlist sorting complete. Time (s): cpu = 00:00:00 ; elapsed = 00:00:00.002 . Memory (MB): peak = 1516.055 ; gain = 0.000
INFO: [Project 1-111] Unisim Transformation Summary:
No Unisim elements were transformed.

Constraint Validation Runtime : Time (s): cpu = 00:00:00 ; elapsed = 00:00:00.138 . Memory (MB): peak = 1516.055 ; gain = 0.000
INFO: [Designutils 20-5008] Incremental synthesis strategy off
---------------------------------------------------------------------------------
Finished Constraint Validation : Time (s): cpu = 00:00:39 ; elapsed = 00:00:44 . Memory (MB): peak = 1516.055 ; gain = 749.562
---------------------------------------------------------------------------------
---------------------------------------------------------------------------------
Start Loading Part and Timing Information
---------------------------------------------------------------------------------
Loading part: xc7z020clg400-2
---------------------------------------------------------------------------------
Finished Loading Part and Timing Information : Time (s): cpu = 00:00:39 ; elapsed = 00:00:44 . Memory (MB): peak = 1516.055 ; gain = 749.562
---------------------------------------------------------------------------------
---------------------------------------------------------------------------------
Start Applying 'set_property' XDC Constraints
---------------------------------------------------------------------------------
---------------------------------------------------------------------------------
Finished applying 'set_property' XDC Constraints : Time (s): cpu = 00:00:39 ; elapsed = 00:00:44 . Memory (MB): peak = 1516.055 ; gain = 749.562
---------------------------------------------------------------------------------
INFO: [Synth 8-802] inferred FSM for state register 'gen_rst_ic.curr_wrst_state_reg' in module 'xpm_fifo_rst'
INFO: [Synth 8-802] inferred FSM for state register 'gen_rst_ic.curr_rrst_state_reg' in module 'xpm_fifo_rst'
INFO: [Synth 8-802] inferred FSM for state register 'gen_fwft.curr_fwft_state_reg' in module 'xpm_fifo_base'
INFO: [Synth 8-802] inferred FSM for state register 'state_reg' in module 'v_axi4s_vid_out_v4_0_20_sync'
INFO: [Synth 8-5552] Implemented safe state 'default_state' for state register 'gen_rst_ic.curr_wrst_state_reg' in module 'xpm_fifo_rst'
---------------------------------------------------------------------------------------------------
                   State |                     New Encoding |                Previous Encoding 
---------------------------------------------------------------------------------------------------
*
               WRST_IDLE |                            00001 |                              000
                 WRST_IN |                            00010 |                              010
                WRST_OUT |                            00100 |                              111
               WRST_EXIT |                            01000 |                              110
            WRST_GO2IDLE |                            10000 |                              100
---------------------------------------------------------------------------------------------------
INFO: [Synth 8-3354] encoded FSM with state register 'gen_rst_ic.curr_wrst_state_reg' using encoding 'one-hot' in module 'xpm_fifo_rst'
INFO: [Synth 8-5552] Implemented safe state 'default_state' for state register 'gen_rst_ic.curr_rrst_state_reg' in module 'xpm_fifo_rst'
---------------------------------------------------------------------------------------------------
                   State |                     New Encoding |                Previous Encoding 
---------------------------------------------------------------------------------------------------
*
               RRST_IDLE |                               00 |                               00
                 RRST_IN |                               01 |                               10
                RRST_OUT |                               10 |                               11
               RRST_EXIT |                               11 |                               01
---------------------------------------------------------------------------------------------------
INFO: [Synth 8-3354] encoded FSM with state register 'gen_rst_ic.curr_rrst_state_reg' using encoding 'sequential' in module 'xpm_fifo_rst'
---------------------------------------------------------------------------------------------------
                   State |                     New Encoding |                Previous Encoding 
---------------------------------------------------------------------------------------------------
                 invalid |                               00 |                               00
            stage1_valid |                               01 |                               10
       both_stages_valid |                               10 |                               11
            stage2_valid |                               11 |                               01
---------------------------------------------------------------------------------------------------
INFO: [Synth 8-3354] encoded FSM with state register 'gen_fwft.curr_fwft_state_reg' using encoding 'sequential' in module 'xpm_fifo_base'
---------------------------------------------------------------------------------------------------
                   State |                     New Encoding |                Previous Encoding 
---------------------------------------------------------------------------------------------------
             C_SYNC_IDLE |                    0000000000010 |                             0000
     C_SYNC_CALN_SOF_VTG |                    0000100000000 |                             0001
    C_SYNC_CALN_SOF_FIFO |                    0000000010000 |                             0010
      C_SYNC_FALN_ACTIVE |                    0000000000100 |                             0111
 C_SYNC_FALN_EOL_LEADING |                    0000000000001 |                             0011
 C_SYNC_FALN_EOL_LAGGING |                    0000000001000 |                             0100
 C_SYNC_FALN_SOF_LEADING |                    0001000000000 |                             0101
 C_SYNC_FALN_SOF_LAGGING |                    0010000000000 |                             0110
        C_SYNC_FALN_LOCK |                    0100000000000 |                             1000
 C_SYNC_LALN_EOL_LEADING |                    1000000000000 |                             1001
 C_SYNC_LALN_EOL_LAGGING |                    0000010000000 |                             1010
 C_SYNC_LALN_SOF_LEADING |                    0000001000000 |                             1011
 C_SYNC_LALN_SOF_LAGGING |                    0000000100000 |                             1100
---------------------------------------------------------------------------------------------------
INFO: [Synth 8-3354] encoded FSM with state register 'state_reg' using encoding 'one-hot' in module 'v_axi4s_vid_out_v4_0_20_sync'
---------------------------------------------------------------------------------
Finished RTL Optimization Phase 2 : Time (s): cpu = 00:00:41 ; elapsed = 00:00:46 . Memory (MB): peak = 1516.055 ; gain = 749.562
---------------------------------------------------------------------------------
---------------------------------------------------------------------------------
Start RTL Component Statistics 
---------------------------------------------------------------------------------
Detailed RTL Component Info : 
+---Adders : 
	   4 Input   11 Bit       Adders := 3     
	   2 Input   11 Bit       Adders := 1     
	   3 Input   11 Bit       Adders := 2     
	   4 Input   10 Bit       Adders := 3     
	   3 Input   10 Bit       Adders := 1     
	   2 Input    8 Bit       Adders := 2     
	   4 Input    2 Bit       Adders := 1     
+---XORs : 
	   2 Input     11 Bit         XORs := 2     
	   2 Input     10 Bit         XORs := 2     
	   2 Input      1 Bit         XORs := 38    
+---Registers : 
	               32 Bit    Registers := 1     
	               27 Bit    Registers := 2     
	               24 Bit    Registers := 1     
	               13 Bit    Registers := 2     
	               11 Bit    Registers := 19    
	               10 Bit    Registers := 16    
	                8 Bit    Registers := 2     
	                4 Bit    Registers := 6     
	                2 Bit    Registers := 2     
	                1 Bit    Registers := 41    
+---RAMs : 
	              27K Bit	(1024 X 27 bit)          RAMs := 1     
+---Muxes : 
	  13 Input   32 Bit        Muxes := 1     
	   2 Input   32 Bit        Muxes := 2     
	  30 Input   13 Bit        Muxes := 1     
	   6 Input    5 Bit        Muxes := 1     
	   2 Input    5 Bit        Muxes := 8     
	  13 Input    4 Bit        Muxes := 1     
	   5 Input    2 Bit        Muxes := 1     
	   2 Input    2 Bit        Muxes := 33    
	   4 Input    2 Bit        Muxes := 7     
	   2 Input    1 Bit        Muxes := 10    
	   6 Input    1 Bit        Muxes := 2     
	   5 Input    1 Bit        Muxes := 3     
	   4 Input    1 Bit        Muxes := 2     
---------------------------------------------------------------------------------
Finished RTL Component Statistics 
---------------------------------------------------------------------------------
---------------------------------------------------------------------------------
Start Part Resource Summary
---------------------------------------------------------------------------------
Part Resources:
DSPs: 220 (col length:60)
BRAMs: 280 (col length: RAMB18 60 RAMB36 30)
---------------------------------------------------------------------------------
Finished Part Resource Summary
---------------------------------------------------------------------------------
---------------------------------------------------------------------------------
Start Cross Boundary and Area Optimization
---------------------------------------------------------------------------------
INFO: [Synth 8-7129] Port rsta in module xpm_memory_base is either unconnected or has no load
INFO: [Synth 8-7129] Port regcea in module xpm_memory_base is either unconnected or has no load
INFO: [Synth 8-7129] Port injectsbiterra in module xpm_memory_base is either unconnected or has no load
INFO: [Synth 8-7129] Port injectdbiterra in module xpm_memory_base is either unconnected or has no load
INFO: [Synth 8-7129] Port dinb[26] in module xpm_memory_base is either unconnected or has no load
INFO: [Synth 8-7129] Port dinb[25] in module xpm_memory_base is either unconnected or has no load
INFO: [Synth 8-7129] Port dinb[24] in module xpm_memory_base is either unconnected or has no load
INFO: [Synth 8-7129] Port dinb[23] in module xpm_memory_base is either unconnected or has no load
INFO: [Synth 8-7129] Port dinb[22] in module xpm_memory_base is either unconnected or has no load
INFO: [Synth 8-7129] Port dinb[21] in module xpm_memory_base is either unconnected or has no load
INFO: [Synth 8-7129] Port dinb[20] in module xpm_memory_base is either unconnected or has no load
INFO: [Synth 8-7129] Port dinb[19] in module xpm_memory_base is either unconnected or has no load
INFO: [Synth 8-7129] Port dinb[18] in module xpm_memory_base is either unconnected or has no load
INFO: [Synth 8-7129] Port dinb[17] in module xpm_memory_base is either unconnected or has no load
INFO: [Synth 8-7129] Port dinb[16] in module xpm_memory_base is either unconnected or has no load
INFO: [Synth 8-7129] Port dinb[15] in module xpm_memory_base is either unconnected or has no load
INFO: [Synth 8-7129] Port dinb[14] in module xpm_memory_base is either unconnected or has no load
INFO: [Synth 8-7129] Port dinb[13] in module xpm_memory_base is either unconnected or has no load
INFO: [Synth 8-7129] Port dinb[12] in module xpm_memory_base is either unconnected or has no load
INFO: [Synth 8-7129] Port dinb[11] in module xpm_memory_base is either unconnected or has no load
INFO: [Synth 8-7129] Port dinb[10] in module xpm_memory_base is either unconnected or has no load
INFO: [Synth 8-7129] Port dinb[9] in module xpm_memory_base is either unconnected or has no load
INFO: [Synth 8-7129] Port dinb[8] in module xpm_memory_base is either unconnected or has no load
INFO: [Synth 8-7129] Port dinb[7] in module xpm_memory_base is either unconnected or has no load
INFO: [Synth 8-7129] Port dinb[6] in module xpm_memory_base is either unconnected or has no load
INFO: [Synth 8-7129] Port dinb[5] in module xpm_memory_base is either unconnected or has no load
INFO: [Synth 8-7129] Port dinb[4] in module xpm_memory_base is either unconnected or has no load
INFO: [Synth 8-7129] Port dinb[3] in module xpm_memory_base is either unconnected or has no load
INFO: [Synth 8-7129] Port dinb[2] in module xpm_memory_base is either unconnected or has no load
INFO: [Synth 8-7129] Port dinb[1] in module xpm_memory_base is either unconnected or has no load
INFO: [Synth 8-7129] Port dinb[0] in module xpm_memory_base is either unconnected or has no load
INFO: [Synth 8-7129] Port injectsbiterrb in module xpm_memory_base is either unconnected or has no load
INFO: [Synth 8-7129] Port injectdbiterrb in module xpm_memory_base is either unconnected or has no load
INFO: [Synth 8-7129] Port src_clk in module xpm_cdc_single is either unconnected or has no load
INFO: [Synth 8-7129] Port src_clk in module xpm_cdc_single__1 is either unconnected or has no load
INFO: [Synth 8-7129] Port vtg_hsync_arb[0] in module v_axi4s_vid_out_v4_0_20 is either unconnected or has no load
INFO: [Synth 8-7129] Port vtg_hblank_arb[0] in module v_axi4s_vid_out_v4_0_20 is either unconnected or has no load
INFO: [Synth 8-7129] Port vtg_vsync_arb[0] in module v_axi4s_vid_out_v4_0_20 is either unconnected or has no load
INFO: [Synth 8-7129] Port vtg_vblank_arb[0] in module v_axi4s_vid_out_v4_0_20 is either unconnected or has no load
INFO: [Synth 8-7129] Port vtg_active_video_arb[0] in module v_axi4s_vid_out_v4_0_20 is either unconnected or has no load
INFO: [Synth 8-7129] Port vtg_field_id_arb in module v_axi4s_vid_out_v4_0_20 is either unconnected or has no load
INFO: [Synth 8-7129] Port video_format[1] in module v_axi4s_vid_out_v4_0_20 is either unconnected or has no load
INFO: [Synth 8-7129] Port video_format[0] in module v_axi4s_vid_out_v4_0_20 is either unconnected or has no load
INFO: [Synth 8-7129] Port repeat_en in module v_axi4s_vid_out_v4_0_20 is either unconnected or has no load
INFO: [Synth 8-7129] Port remap_420_en in module v_axi4s_vid_out_v4_0_20 is either unconnected or has no load
---------------------------------------------------------------------------------
Finished Cross Boundary and Area Optimization : Time (s): cpu = 00:00:48 ; elapsed = 00:00:54 . Memory (MB): peak = 1516.055 ; gain = 749.562
---------------------------------------------------------------------------------
---------------------------------------------------------------------------------
Start ROM, RAM, DSP, Shift Register and Retiming Reporting
---------------------------------------------------------------------------------

Block RAM: Preliminary Mapping Report (see note below)
+-----------------------------------------------------------------------------------------------------------------------------------------------+----------------------------------+------------------------+---+---+------------------------+---+---+------------------+--------+--------+
|Module Name                                                                                                                                    | RTL Object                       | PORT A (Depth x Width) | W | R | PORT B (Depth x Width) | W | R | Ports driving FF | RAMB18 | RAMB36 | 
+-----------------------------------------------------------------------------------------------------------------------------------------------+----------------------------------+------------------------+---+---+------------------------+---+---+------------------+--------+--------+
|inst/\COUPLER_INST/generate_async_fifo.FIFO_INST/XPM_FIFO_ASYNC_INST /\gnuram_async_fifo.xpm_fifo_base_inst /\gen_sdpram.xpm_memory_base_inst  | gen_wr_a.gen_word_narrow.mem_reg | 1 K x 27(NO_CHANGE)    | W |   | 1 K x 27(WRITE_FIRST)  |   | R | Port A and B     | 0      | 1      | 
+-----------------------------------------------------------------------------------------------------------------------------------------------+----------------------------------+------------------------+---+---+------------------------+---+---+------------------+--------+--------+

Note: The table above is a preliminary report that shows the Block RAMs at the current stage of the synthesis flow. Some Block RAMs may be reimplemented as non Block RAM primitives later in the synthesis flow. Multiple instantiated Block RAMs are reported only once. 
---------------------------------------------------------------------------------
Finished ROM, RAM, DSP, Shift Register and Retiming Reporting
---------------------------------------------------------------------------------
---------------------------------------------------------------------------------
Start Applying XDC Timing Constraints
---------------------------------------------------------------------------------
---------------------------------------------------------------------------------
Finished Applying XDC Timing Constraints : Time (s): cpu = 00:01:01 ; elapsed = 00:01:07 . Memory (MB): peak = 1640.906 ; gain = 874.414
---------------------------------------------------------------------------------
---------------------------------------------------------------------------------
Start Timing Optimization
---------------------------------------------------------------------------------
---------------------------------------------------------------------------------
Finished Timing Optimization : Time (s): cpu = 00:01:02 ; elapsed = 00:01:08 . Memory (MB): peak = 1672.480 ; gain = 905.988
---------------------------------------------------------------------------------
---------------------------------------------------------------------------------
Start ROM, RAM, DSP, Shift Register and Retiming Reporting
---------------------------------------------------------------------------------

Block RAM: Final Mapping Report
+-----------------------------------------------------------------------------------------------------------------------------------------------+----------------------------------+------------------------+---+---+------------------------+---+---+------------------+--------+--------+
|Module Name                                                                                                                                    | RTL Object                       | PORT A (Depth x Width) | W | R | PORT B (Depth x Width) | W | R | Ports driving FF | RAMB18 | RAMB36 | 
+-----------------------------------------------------------------------------------------------------------------------------------------------+----------------------------------+------------------------+---+---+------------------------+---+---+------------------+--------+--------+
|inst/\COUPLER_INST/generate_async_fifo.FIFO_INST/XPM_FIFO_ASYNC_INST /\gnuram_async_fifo.xpm_fifo_base_inst /\gen_sdpram.xpm_memory_base_inst  | gen_wr_a.gen_word_narrow.mem_reg | 1 K x 27(NO_CHANGE)    | W |   | 1 K x 27(WRITE_FIRST)  |   | R | Port A and B     | 0      | 1      | 
+-----------------------------------------------------------------------------------------------------------------------------------------------+----------------------------------+------------------------+---+---+------------------------+---+---+------------------+--------+--------+

---------------------------------------------------------------------------------
Finished ROM, RAM, DSP, Shift Register and Retiming Reporting
---------------------------------------------------------------------------------
---------------------------------------------------------------------------------
Start Technology Mapping
---------------------------------------------------------------------------------
---------------------------------------------------------------------------------
Finished Technology Mapping : Time (s): cpu = 00:01:03 ; elapsed = 00:01:08 . Memory (MB): peak = 1673.539 ; gain = 907.047
---------------------------------------------------------------------------------
---------------------------------------------------------------------------------
Start IO Insertion
---------------------------------------------------------------------------------
---------------------------------------------------------------------------------
Start Flattening Before IO Insertion
---------------------------------------------------------------------------------
---------------------------------------------------------------------------------
Finished Flattening Before IO Insertion
---------------------------------------------------------------------------------
---------------------------------------------------------------------------------
Start Final Netlist Cleanup
---------------------------------------------------------------------------------
---------------------------------------------------------------------------------
Finished Final Netlist Cleanup
---------------------------------------------------------------------------------
---------------------------------------------------------------------------------
Finished IO Insertion : Time (s): cpu = 00:01:10 ; elapsed = 00:01:16 . Memory (MB): peak = 1902.633 ; gain = 1136.141
---------------------------------------------------------------------------------
---------------------------------------------------------------------------------
Start Renaming Generated Instances
---------------------------------------------------------------------------------
---------------------------------------------------------------------------------
Finished Renaming Generated Instances : Time (s): cpu = 00:01:10 ; elapsed = 00:01:16 . Memory (MB): peak = 1902.633 ; gain = 1136.141
---------------------------------------------------------------------------------
---------------------------------------------------------------------------------
Start Rebuilding User Hierarchy
---------------------------------------------------------------------------------
---------------------------------------------------------------------------------
Finished Rebuilding User Hierarchy : Time (s): cpu = 00:01:10 ; elapsed = 00:01:16 . Memory (MB): peak = 1902.633 ; gain = 1136.141
---------------------------------------------------------------------------------
---------------------------------------------------------------------------------
Start Renaming Generated Ports
---------------------------------------------------------------------------------
---------------------------------------------------------------------------------
Finished Renaming Generated Ports : Time (s): cpu = 00:01:10 ; elapsed = 00:01:16 . Memory (MB): peak = 1902.633 ; gain = 1136.141
---------------------------------------------------------------------------------
---------------------------------------------------------------------------------
Start Handling Custom Attributes
---------------------------------------------------------------------------------
---------------------------------------------------------------------------------
Finished Handling Custom Attributes : Time (s): cpu = 00:01:10 ; elapsed = 00:01:16 . Memory (MB): peak = 1903.602 ; gain = 1137.109
---------------------------------------------------------------------------------
---------------------------------------------------------------------------------
Start Renaming Generated Nets
---------------------------------------------------------------------------------
---------------------------------------------------------------------------------
Finished Renaming Generated Nets : Time (s): cpu = 00:01:10 ; elapsed = 00:01:16 . Memory (MB): peak = 1903.602 ; gain = 1137.109
---------------------------------------------------------------------------------
---------------------------------------------------------------------------------
Start Writing Synthesis Report
---------------------------------------------------------------------------------

Report BlackBoxes: 
+-+--------------+----------+
| |BlackBox name |Instances |
+-+--------------+----------+
+-+--------------+----------+

Report Cell Usage: 
+------+---------+------+
|      |Cell     |Count |
+------+---------+------+
|1     |CARRY4   |    45|
|2     |LUT1     |    18|
|3     |LUT2     |   110|
|4     |LUT3     |    45|
|5     |LUT4     |    63|
|6     |LUT5     |    49|
|7     |LUT6     |    88|
|8     |RAMB36E1 |     1|
|9     |FDRE     |   584|
|10    |FDSE     |    11|
+------+---------+------+
---------------------------------------------------------------------------------
Finished Writing Synthesis Report : Time (s): cpu = 00:01:10 ; elapsed = 00:01:16 . Memory (MB): peak = 1903.602 ; gain = 1137.109
---------------------------------------------------------------------------------
Synthesis finished with 0 errors, 0 critical warnings and 0 warnings.
Synthesis Optimization Runtime : Time (s): cpu = 00:00:46 ; elapsed = 00:01:10 . Memory (MB): peak = 1903.602 ; gain = 1060.844
Synthesis Optimization Complete : Time (s): cpu = 00:01:10 ; elapsed = 00:01:16 . Memory (MB): peak = 1903.602 ; gain = 1137.109
INFO: [Project 1-571] Translating synthesized netlist
Netlist sorting complete. Time (s): cpu = 00:00:00 ; elapsed = 00:00:00.026 . Memory (MB): peak = 1911.680 ; gain = 0.000
INFO: [Netlist 29-17] Analyzing 46 Unisim elements for replacement
INFO: [Netlist 29-28] Unisim Transformation completed in 0 CPU seconds
INFO: [Project 1-570] Preparing netlist for logic optimization
INFO: [Opt 31-138] Pushed 0 inverter(s) to 0 load pin(s).
Netlist sorting complete. Time (s): cpu = 00:00:00 ; elapsed = 00:00:00.001 . Memory (MB): peak = 1912.266 ; gain = 0.000
INFO: [Project 1-111] Unisim Transformation Summary:
No Unisim elements were transformed.

Synth Design complete | Checksum: 813c146d
INFO: [Common 17-83] Releasing license: Synthesis
173 Infos, 5 Warnings, 0 Critical Warnings and 0 Errors encountered.
synth_design completed successfully
synth_design: Time (s): cpu = 00:01:19 ; elapsed = 00:01:30 . Memory (MB): peak = 1912.266 ; gain = 1374.637
Write ShapeDB Complete: Time (s): cpu = 00:00:00 ; elapsed = 00:00:00.005 . Memory (MB): peak = 1912.266 ; gain = 0.000
INFO: [Common 17-1381] The checkpoint 'C:/Users/niumu/Refocusing/camera_screen/camera_screen.runs/cam_to_mem_v_axi4s_vid_out_0_0_synth_1/cam_to_mem_v_axi4s_vid_out_0_0.dcp' has been generated.
INFO: [Coretcl 2-1648] Added synthesis output to IP cache for IP cam_to_mem_v_axi4s_vid_out_0_0, cache-ID = d563f1f2ee7ea04f
INFO: [Coretcl 2-1174] Renamed 30 cell refs.
Write ShapeDB Complete: Time (s): cpu = 00:00:00 ; elapsed = 00:00:00.005 . Memory (MB): peak = 1912.266 ; gain = 0.000
INFO: [Common 17-1381] The checkpoint 'C:/Users/niumu/Refocusing/camera_screen/camera_screen.runs/cam_to_mem_v_axi4s_vid_out_0_0_synth_1/cam_to_mem_v_axi4s_vid_out_0_0.dcp' has been generated.
INFO: [Vivado 12-24828] Executing command : report_utilization -file cam_to_mem_v_axi4s_vid_out_0_0_utilization_synth.rpt -pb cam_to_mem_v_axi4s_vid_out_0_0_utilization_synth.pb
INFO: [Common 17-206] Exiting Vivado at Mon May  4 10:06:23 2026...

*** Running vivado
    with args -log cam_to_mem_v_axi4s_vid_out_0_0.vds -m64 -product Vivado -mode batch -messageDb vivado.pb -notrace -source cam_to_mem_v_axi4s_vid_out_0_0.tcl



****** Vivado v2025.2 (64-bit)
  **** SW Build 6299465 on Fri Nov 14 19:35:11 GMT 2025
  **** IP Build 6300035 on Fri Nov 14 10:48:45 MST 2025
  **** SharedData Build 6298862 on Thu Nov 13 04:50:51 MST 2025
  **** Start of session at: Wed May  6 12:08:16 2026
    ** Copyright 1986-2022 Xilinx, Inc. All Rights Reserved.
    ** Copyright 2022-2025 Advanced Micro Devices, Inc. All Rights Reserved.

source cam_to_mem_v_axi4s_vid_out_0_0.tcl -notrace
create_project: Time (s): cpu = 00:00:14 ; elapsed = 00:00:09 . Memory (MB): peak = 525.676 ; gain = 221.031
Command: synth_design -top cam_to_mem_v_axi4s_vid_out_0_0 -part xc7z020clg400-2 -incremental_mode off -mode out_of_context
Starting synth_design
Attempting to get a license for feature 'Synthesis' and/or device 'xc7z020'
INFO: [Common 17-349] Got license for feature 'Synthesis' and/or device 'xc7z020'
INFO: [Device 21-403] Loading part xc7z020clg400-2
INFO: [Synth 8-7079] Multithreading enabled for synth_design using a maximum of 2 processes.
INFO: [Synth 8-7078] Launching helper process for spawning children vivado processes
INFO: [Synth 8-7075] Helper process launched with PID 19188
---------------------------------------------------------------------------------
Starting RTL Elaboration : Time (s): cpu = 00:00:10 ; elapsed = 00:00:12 . Memory (MB): peak = 1307.918 ; gain = 541.629
---------------------------------------------------------------------------------
INFO: [Synth 8-6157] synthesizing module 'cam_to_mem_v_axi4s_vid_out_0_0' [c:/Users/niumu/Refocusing/camera_screen/camera_screen.gen/sources_1/bd/cam_to_mem/ip/cam_to_mem_v_axi4s_vid_out_0_0/synth/cam_to_mem_v_axi4s_vid_out_0_0.v:53]
INFO: [Synth 8-6157] synthesizing module 'v_axi4s_vid_out_v4_0_20' [c:/Users/niumu/Refocusing/camera_screen/camera_screen.gen/sources_1/bd/cam_to_mem/ipshared/d1ca/hdl/v_axi4s_vid_out_v4_0_vl_rfs.v:2392]
INFO: [Synth 8-6157] synthesizing module 'v_axi4s_vid_out_v4_0_20_cdc_single' [c:/Users/niumu/Refocusing/camera_screen/camera_screen.gen/sources_1/bd/cam_to_mem/ipshared/d1ca/hdl/v_axi4s_vid_out_v4_0_vl_rfs.v:215]
INFO: [Synth 8-6157] synthesizing module 'xpm_cdc_single' [C:/AMDDesignTools/2025.2/Vivado/data/ip/xpm/xpm_cdc/hdl/xpm_cdc.sv:152]
INFO: [Synth 8-6155] done synthesizing module 'xpm_cdc_single' (0#1) [C:/AMDDesignTools/2025.2/Vivado/data/ip/xpm/xpm_cdc/hdl/xpm_cdc.sv:152]
INFO: [Synth 8-6155] done synthesizing module 'v_axi4s_vid_out_v4_0_20_cdc_single' (0#1) [c:/Users/niumu/Refocusing/camera_screen/camera_screen.gen/sources_1/bd/cam_to_mem/ipshared/d1ca/hdl/v_axi4s_vid_out_v4_0_vl_rfs.v:215]
INFO: [Synth 8-6157] synthesizing module 'v_axi4s_vid_out_v4_0_20_coupler' [c:/Users/niumu/Refocusing/camera_screen/camera_screen.gen/sources_1/bd/cam_to_mem/ipshared/d1ca/hdl/v_axi4s_vid_out_v4_0_vl_rfs.v:299]
INFO: [Synth 8-6157] synthesizing module 'v_axi4s_vid_out_v4_0_20_fifo_async' [c:/Users/niumu/Refocusing/camera_screen/camera_screen.gen/sources_1/bd/cam_to_mem/ipshared/d1ca/hdl/v_axi4s_vid_out_v4_0_vl_rfs.v:56]
INFO: [Synth 8-6157] synthesizing module 'xpm_fifo_async' [C:/AMDDesignTools/2025.2/Vivado/data/ip/xpm/xpm_fifo/hdl/xpm_fifo.sv:2173]
INFO: [Synth 8-6157] synthesizing module 'xpm_fifo_base' [C:/AMDDesignTools/2025.2/Vivado/data/ip/xpm/xpm_fifo/hdl/xpm_fifo.sv:53]
INFO: [Synth 8-6157] synthesizing module 'xpm_memory_base' [C:/AMDDesignTools/2025.2/Vivado/data/ip/xpm/xpm_memory/hdl/xpm_memory.sv:54]
INFO: [Synth 8-6059] Synth Info: [XPM_MEMORY 20-1] MEMORY_PRIMITIVE (0) instructs Vivado Synthesis to choose the memory primitive type. Depending on their values, other XPM_MEMORY parameters may preclude the choice of certain memory primitive types. Review XPM_MEMORY documentation and parameter values to understand any limitations, or set MEMORY_PRIMITIVE to a different value.   [C:/AMDDesignTools/2025.2/Vivado/data/ip/xpm/xpm_memory/hdl/xpm_memory.sv:522]
INFO: [Synth 8-6155] done synthesizing module 'xpm_memory_base' (0#1) [C:/AMDDesignTools/2025.2/Vivado/data/ip/xpm/xpm_memory/hdl/xpm_memory.sv:54]
INFO: [Synth 8-6157] synthesizing module 'xpm_cdc_gray' [C:/AMDDesignTools/2025.2/Vivado/data/ip/xpm/xpm_cdc/hdl/xpm_cdc.sv:283]
INFO: [Synth 8-6155] done synthesizing module 'xpm_cdc_gray' (0#1) [C:/AMDDesignTools/2025.2/Vivado/data/ip/xpm/xpm_cdc/hdl/xpm_cdc.sv:283]
INFO: [Synth 8-6157] synthesizing module 'xpm_fifo_reg_vec' [C:/AMDDesignTools/2025.2/Vivado/data/ip/xpm/xpm_fifo/hdl/xpm_fifo.sv:1905]
INFO: [Synth 8-6155] done synthesizing module 'xpm_fifo_reg_vec' (0#1) [C:/AMDDesignTools/2025.2/Vivado/data/ip/xpm/xpm_fifo/hdl/xpm_fifo.sv:1905]
INFO: [Synth 8-6157] synthesizing module 'xpm_cdc_gray__parameterized0' [C:/AMDDesignTools/2025.2/Vivado/data/ip/xpm/xpm_cdc/hdl/xpm_cdc.sv:283]
INFO: [Synth 8-6155] done synthesizing module 'xpm_cdc_gray__parameterized0' (0#1) [C:/AMDDesignTools/2025.2/Vivado/data/ip/xpm/xpm_cdc/hdl/xpm_cdc.sv:283]
INFO: [Synth 8-6157] synthesizing module 'xpm_fifo_reg_vec__parameterized0' [C:/AMDDesignTools/2025.2/Vivado/data/ip/xpm/xpm_fifo/hdl/xpm_fifo.sv:1905]
INFO: [Synth 8-6155] done synthesizing module 'xpm_fifo_reg_vec__parameterized0' (0#1) [C:/AMDDesignTools/2025.2/Vivado/data/ip/xpm/xpm_fifo/hdl/xpm_fifo.sv:1905]
INFO: [Synth 8-6157] synthesizing module 'xpm_cdc_gray__parameterized1' [C:/AMDDesignTools/2025.2/Vivado/data/ip/xpm/xpm_cdc/hdl/xpm_cdc.sv:283]
INFO: [Synth 8-6155] done synthesizing module 'xpm_cdc_gray__parameterized1' (0#1) [C:/AMDDesignTools/2025.2/Vivado/data/ip/xpm/xpm_cdc/hdl/xpm_cdc.sv:283]
INFO: [Synth 8-226] default block is never used [C:/AMDDesignTools/2025.2/Vivado/data/ip/xpm/xpm_fifo/hdl/xpm_fifo.sv:1220]
INFO: [Synth 8-226] default block is never used [C:/AMDDesignTools/2025.2/Vivado/data/ip/xpm/xpm_fifo/hdl/xpm_fifo.sv:1287]
INFO: [Synth 8-226] default block is never used [C:/AMDDesignTools/2025.2/Vivado/data/ip/xpm/xpm_fifo/hdl/xpm_fifo.sv:1309]
INFO: [Synth 8-6157] synthesizing module 'xpm_fifo_reg_bit' [C:/AMDDesignTools/2025.2/Vivado/data/ip/xpm/xpm_fifo/hdl/xpm_fifo.sv:1927]
INFO: [Synth 8-6155] done synthesizing module 'xpm_fifo_reg_bit' (0#1) [C:/AMDDesignTools/2025.2/Vivado/data/ip/xpm/xpm_fifo/hdl/xpm_fifo.sv:1927]
INFO: [Synth 8-6157] synthesizing module 'xpm_counter_updn' [C:/AMDDesignTools/2025.2/Vivado/data/ip/xpm/xpm_fifo/hdl/xpm_fifo.sv:1879]
INFO: [Synth 8-6155] done synthesizing module 'xpm_counter_updn' (0#1) [C:/AMDDesignTools/2025.2/Vivado/data/ip/xpm/xpm_fifo/hdl/xpm_fifo.sv:1879]
INFO: [Synth 8-6157] synthesizing module 'xpm_fifo_rst' [C:/AMDDesignTools/2025.2/Vivado/data/ip/xpm/xpm_fifo/hdl/xpm_fifo.sv:1639]
INFO: [Synth 8-6157] synthesizing module 'xpm_cdc_sync_rst' [C:/AMDDesignTools/2025.2/Vivado/data/ip/xpm/xpm_cdc/hdl/xpm_cdc.sv:1059]
INFO: [Synth 8-6155] done synthesizing module 'xpm_cdc_sync_rst' (0#1) [C:/AMDDesignTools/2025.2/Vivado/data/ip/xpm/xpm_cdc/hdl/xpm_cdc.sv:1059]
INFO: [Synth 8-6155] done synthesizing module 'xpm_fifo_rst' (0#1) [C:/AMDDesignTools/2025.2/Vivado/data/ip/xpm/xpm_fifo/hdl/xpm_fifo.sv:1639]
INFO: [Synth 8-6157] synthesizing module 'xpm_counter_updn__parameterized0' [C:/AMDDesignTools/2025.2/Vivado/data/ip/xpm/xpm_fifo/hdl/xpm_fifo.sv:1879]
INFO: [Synth 8-6155] done synthesizing module 'xpm_counter_updn__parameterized0' (0#1) [C:/AMDDesignTools/2025.2/Vivado/data/ip/xpm/xpm_fifo/hdl/xpm_fifo.sv:1879]
INFO: [Synth 8-6157] synthesizing module 'xpm_counter_updn__parameterized1' [C:/AMDDesignTools/2025.2/Vivado/data/ip/xpm/xpm_fifo/hdl/xpm_fifo.sv:1879]
INFO: [Synth 8-6155] done synthesizing module 'xpm_counter_updn__parameterized1' (0#1) [C:/AMDDesignTools/2025.2/Vivado/data/ip/xpm/xpm_fifo/hdl/xpm_fifo.sv:1879]
INFO: [Synth 8-6157] synthesizing module 'xpm_counter_updn__parameterized2' [C:/AMDDesignTools/2025.2/Vivado/data/ip/xpm/xpm_fifo/hdl/xpm_fifo.sv:1879]
INFO: [Synth 8-6155] done synthesizing module 'xpm_counter_updn__parameterized2' (0#1) [C:/AMDDesignTools/2025.2/Vivado/data/ip/xpm/xpm_fifo/hdl/xpm_fifo.sv:1879]
INFO: [Synth 8-6155] done synthesizing module 'xpm_fifo_base' (0#1) [C:/AMDDesignTools/2025.2/Vivado/data/ip/xpm/xpm_fifo/hdl/xpm_fifo.sv:53]
INFO: [Synth 8-6155] done synthesizing module 'xpm_fifo_async' (0#1) [C:/AMDDesignTools/2025.2/Vivado/data/ip/xpm/xpm_fifo/hdl/xpm_fifo.sv:2173]
INFO: [Synth 8-6155] done synthesizing module 'v_axi4s_vid_out_v4_0_20_fifo_async' (0#1) [c:/Users/niumu/Refocusing/camera_screen/camera_screen.gen/sources_1/bd/cam_to_mem/ipshared/d1ca/hdl/v_axi4s_vid_out_v4_0_vl_rfs.v:56]
INFO: [Synth 8-6155] done synthesizing module 'v_axi4s_vid_out_v4_0_20_coupler' (0#1) [c:/Users/niumu/Refocusing/camera_screen/camera_screen.gen/sources_1/bd/cam_to_mem/ipshared/d1ca/hdl/v_axi4s_vid_out_v4_0_vl_rfs.v:299]
INFO: [Synth 8-6157] synthesizing module 'v_axi4s_vid_out_v4_0_20_sync' [c:/Users/niumu/Refocusing/camera_screen/camera_screen.gen/sources_1/bd/cam_to_mem/ipshared/d1ca/hdl/v_axi4s_vid_out_v4_0_vl_rfs.v:510]
INFO: [Synth 8-6155] done synthesizing module 'v_axi4s_vid_out_v4_0_20_sync' (0#1) [c:/Users/niumu/Refocusing/camera_screen/camera_screen.gen/sources_1/bd/cam_to_mem/ipshared/d1ca/hdl/v_axi4s_vid_out_v4_0_vl_rfs.v:510]
INFO: [Synth 8-6157] synthesizing module 'v_axi4s_vid_out_v4_0_20_formatter' [c:/Users/niumu/Refocusing/camera_screen/camera_screen.gen/sources_1/bd/cam_to_mem/ipshared/d1ca/hdl/v_axi4s_vid_out_v4_0_vl_rfs.v:1195]
INFO: [Synth 8-6155] done synthesizing module 'v_axi4s_vid_out_v4_0_20_formatter' (0#1) [c:/Users/niumu/Refocusing/camera_screen/camera_screen.gen/sources_1/bd/cam_to_mem/ipshared/d1ca/hdl/v_axi4s_vid_out_v4_0_vl_rfs.v:1195]
INFO: [Synth 8-6155] done synthesizing module 'v_axi4s_vid_out_v4_0_20' (0#1) [c:/Users/niumu/Refocusing/camera_screen/camera_screen.gen/sources_1/bd/cam_to_mem/ipshared/d1ca/hdl/v_axi4s_vid_out_v4_0_vl_rfs.v:2392]
INFO: [Synth 8-6155] done synthesizing module 'cam_to_mem_v_axi4s_vid_out_0_0' (0#1) [c:/Users/niumu/Refocusing/camera_screen/camera_screen.gen/sources_1/bd/cam_to_mem/ip/cam_to_mem_v_axi4s_vid_out_0_0/synth/cam_to_mem_v_axi4s_vid_out_0_0.v:53]
WARNING: [Synth 8-6014] Unused sequential element gen_rd_b.gen_doutb_pipe.enb_pipe_reg[0] was removed.  [C:/AMDDesignTools/2025.2/Vivado/data/ip/xpm/xpm_memory/hdl/xpm_memory.sv:3087]
WARNING: [Synth 8-6014] Unused sequential element dest_out_bin_ff_reg was removed.  [C:/AMDDesignTools/2025.2/Vivado/data/ip/xpm/xpm_cdc/hdl/xpm_cdc.sv:417]
WARNING: [Synth 8-6014] Unused sequential element dest_out_bin_ff_reg was removed.  [C:/AMDDesignTools/2025.2/Vivado/data/ip/xpm/xpm_cdc/hdl/xpm_cdc.sv:417]
WARNING: [Synth 8-6014] Unused sequential element dest_out_bin_ff_reg was removed.  [C:/AMDDesignTools/2025.2/Vivado/data/ip/xpm/xpm_cdc/hdl/xpm_cdc.sv:417]
WARNING: [Synth 8-6014] Unused sequential element gen_fwft.empty_fwft_fb_reg was removed.  [C:/AMDDesignTools/2025.2/Vivado/data/ip/xpm/xpm_fifo/hdl/xpm_fifo.sv:1404]
INFO: [Synth 8-6014] Unused sequential element fifo_fid_dly_reg was removed.  [c:/Users/niumu/Refocusing/camera_screen/camera_screen.gen/sources_1/bd/cam_to_mem/ipshared/d1ca/hdl/v_axi4s_vid_out_v4_0_vl_rfs.v:725]
INFO: [Synth 8-6014] Unused sequential element vtg_fid_dly_reg was removed.  [c:/Users/niumu/Refocusing/camera_screen/camera_screen.gen/sources_1/bd/cam_to_mem/ipshared/d1ca/hdl/v_axi4s_vid_out_v4_0_vl_rfs.v:752]
INFO: [Synth 8-7129] Port VIDEO_FORMAT[1] in module v_axi4s_vid_out_v4_0_20_formatter is either unconnected or has no load
INFO: [Synth 8-7129] Port VIDEO_FORMAT[0] in module v_axi4s_vid_out_v4_0_20_formatter is either unconnected or has no load
INFO: [Synth 8-7129] Port VTG_HSYNC[0] in module v_axi4s_vid_out_v4_0_20_sync is either unconnected or has no load
INFO: [Synth 8-7129] Port sleep in module xpm_memory_base is either unconnected or has no load
INFO: [Synth 8-7129] Port rsta in module xpm_memory_base is either unconnected or has no load
INFO: [Synth 8-7129] Port regcea in module xpm_memory_base is either unconnected or has no load
INFO: [Synth 8-7129] Port injectsbiterra in module xpm_memory_base is either unconnected or has no load
INFO: [Synth 8-7129] Port injectdbiterra in module xpm_memory_base is either unconnected or has no load
INFO: [Synth 8-7129] Port dinb[26] in module xpm_memory_base is either unconnected or has no load
INFO: [Synth 8-7129] Port dinb[25] in module xpm_memory_base is either unconnected or has no load
INFO: [Synth 8-7129] Port dinb[24] in module xpm_memory_base is either unconnected or has no load
INFO: [Synth 8-7129] Port dinb[23] in module xpm_memory_base is either unconnected or has no load
INFO: [Synth 8-7129] Port dinb[22] in module xpm_memory_base is either unconnected or has no load
INFO: [Synth 8-7129] Port dinb[21] in module xpm_memory_base is either unconnected or has no load
INFO: [Synth 8-7129] Port dinb[20] in module xpm_memory_base is either unconnected or has no load
INFO: [Synth 8-7129] Port dinb[19] in module xpm_memory_base is either unconnected or has no load
INFO: [Synth 8-7129] Port dinb[18] in module xpm_memory_base is either unconnected or has no load
INFO: [Synth 8-7129] Port dinb[17] in module xpm_memory_base is either unconnected or has no load
INFO: [Synth 8-7129] Port dinb[16] in module xpm_memory_base is either unconnected or has no load
INFO: [Synth 8-7129] Port dinb[15] in module xpm_memory_base is either unconnected or has no load
INFO: [Synth 8-7129] Port dinb[14] in module xpm_memory_base is either unconnected or has no load
INFO: [Synth 8-7129] Port dinb[13] in module xpm_memory_base is either unconnected or has no load
INFO: [Synth 8-7129] Port dinb[12] in module xpm_memory_base is either unconnected or has no load
INFO: [Synth 8-7129] Port dinb[11] in module xpm_memory_base is either unconnected or has no load
INFO: [Synth 8-7129] Port dinb[10] in module xpm_memory_base is either unconnected or has no load
INFO: [Synth 8-7129] Port dinb[9] in module xpm_memory_base is either unconnected or has no load
INFO: [Synth 8-7129] Port dinb[8] in module xpm_memory_base is either unconnected or has no load
INFO: [Synth 8-7129] Port dinb[7] in module xpm_memory_base is either unconnected or has no load
INFO: [Synth 8-7129] Port dinb[6] in module xpm_memory_base is either unconnected or has no load
INFO: [Synth 8-7129] Port dinb[5] in module xpm_memory_base is either unconnected or has no load
INFO: [Synth 8-7129] Port dinb[4] in module xpm_memory_base is either unconnected or has no load
INFO: [Synth 8-7129] Port dinb[3] in module xpm_memory_base is either unconnected or has no load
INFO: [Synth 8-7129] Port dinb[2] in module xpm_memory_base is either unconnected or has no load
INFO: [Synth 8-7129] Port dinb[1] in module xpm_memory_base is either unconnected or has no load
INFO: [Synth 8-7129] Port dinb[0] in module xpm_memory_base is either unconnected or has no load
INFO: [Synth 8-7129] Port injectsbiterrb in module xpm_memory_base is either unconnected or has no load
INFO: [Synth 8-7129] Port injectdbiterrb in module xpm_memory_base is either unconnected or has no load
INFO: [Synth 8-7129] Port VID_RESET in module v_axi4s_vid_out_v4_0_20_coupler is either unconnected or has no load
INFO: [Synth 8-7129] Port src_clk in module xpm_cdc_single is either unconnected or has no load
INFO: [Synth 8-7129] Port vtg_hsync_arb[0] in module v_axi4s_vid_out_v4_0_20 is either unconnected or has no load
INFO: [Synth 8-7129] Port vtg_hblank_arb[0] in module v_axi4s_vid_out_v4_0_20 is either unconnected or has no load
INFO: [Synth 8-7129] Port vtg_vsync_arb[0] in module v_axi4s_vid_out_v4_0_20 is either unconnected or has no load
INFO: [Synth 8-7129] Port vtg_vblank_arb[0] in module v_axi4s_vid_out_v4_0_20 is either unconnected or has no load
INFO: [Synth 8-7129] Port vtg_active_video_arb[0] in module v_axi4s_vid_out_v4_0_20 is either unconnected or has no load
INFO: [Synth 8-7129] Port vtg_field_id_arb in module v_axi4s_vid_out_v4_0_20 is either unconnected or has no load
INFO: [Synth 8-7129] Port repeat_en in module v_axi4s_vid_out_v4_0_20 is either unconnected or has no load
INFO: [Synth 8-7129] Port remap_420_en in module v_axi4s_vid_out_v4_0_20 is either unconnected or has no load
---------------------------------------------------------------------------------
Finished RTL Elaboration : Time (s): cpu = 00:00:16 ; elapsed = 00:00:19 . Memory (MB): peak = 1440.738 ; gain = 674.449
---------------------------------------------------------------------------------
---------------------------------------------------------------------------------
Start Handling Custom Attributes
---------------------------------------------------------------------------------
---------------------------------------------------------------------------------
Finished Handling Custom Attributes : Time (s): cpu = 00:00:16 ; elapsed = 00:00:20 . Memory (MB): peak = 1440.738 ; gain = 674.449
---------------------------------------------------------------------------------
---------------------------------------------------------------------------------
Finished RTL Optimization Phase 1 : Time (s): cpu = 00:00:16 ; elapsed = 00:00:20 . Memory (MB): peak = 1440.738 ; gain = 674.449
---------------------------------------------------------------------------------
Netlist sorting complete. Time (s): cpu = 00:00:00 ; elapsed = 00:00:00.050 . Memory (MB): peak = 1440.738 ; gain = 0.000
INFO: [Project 1-570] Preparing netlist for logic optimization

Processing XDC Constraints
Initializing timing engine
Parsing XDC File [c:/Users/niumu/Refocusing/camera_screen/camera_screen.gen/sources_1/bd/cam_to_mem/ip/cam_to_mem_v_axi4s_vid_out_0_0/cam_to_mem_v_axi4s_vid_out_0_0_ooc.xdc] for cell 'inst'
Finished Parsing XDC File [c:/Users/niumu/Refocusing/camera_screen/camera_screen.gen/sources_1/bd/cam_to_mem/ip/cam_to_mem_v_axi4s_vid_out_0_0/cam_to_mem_v_axi4s_vid_out_0_0_ooc.xdc] for cell 'inst'
Parsing XDC File [C:/Users/niumu/Refocusing/camera_screen/camera_screen.runs/cam_to_mem_v_axi4s_vid_out_0_0_synth_1/dont_touch.xdc]
Finished Parsing XDC File [C:/Users/niumu/Refocusing/camera_screen/camera_screen.runs/cam_to_mem_v_axi4s_vid_out_0_0_synth_1/dont_touch.xdc]
Parsing XDC File [c:/Users/niumu/Refocusing/camera_screen/camera_screen.gen/sources_1/bd/cam_to_mem/ip/cam_to_mem_v_axi4s_vid_out_0_0/cam_to_mem_v_axi4s_vid_out_0_0_clocks.xdc] for cell 'inst'
Finished Parsing XDC File [c:/Users/niumu/Refocusing/camera_screen/camera_screen.gen/sources_1/bd/cam_to_mem/ip/cam_to_mem_v_axi4s_vid_out_0_0/cam_to_mem_v_axi4s_vid_out_0_0_clocks.xdc] for cell 'inst'
INFO: [Project 1-236] Implementation specific constraints were found while reading constraint file [C:/AMDDesignTools/2025.2/Vivado/data/ip/xpm/xpm_cdc/tcl/xpm_cdc_gray.tcl]. These constraints will be ignored for synthesis but will be used in implementation. Impacted constraints are listed in the file [.Xil/cam_to_mem_v_axi4s_vid_out_0_0_propImpl.xdc].
Resolution: To avoid this warning, move constraints listed in [.Xil/cam_to_mem_v_axi4s_vid_out_0_0_propImpl.xdc] to another XDC file and exclude this new file from synthesis with the used_in_synthesis property (File Properties dialog in GUI) and re-run elaboration/synthesis.
INFO: [Project 1-236] Implementation specific constraints were found while reading constraint file [C:/AMDDesignTools/2025.2/Vivado/data/ip/xpm/xpm_cdc/tcl/xpm_cdc_single.tcl]. These constraints will be ignored for synthesis but will be used in implementation. Impacted constraints are listed in the file [.Xil/cam_to_mem_v_axi4s_vid_out_0_0_propImpl.xdc].
Resolution: To avoid this warning, move constraints listed in [.Xil/cam_to_mem_v_axi4s_vid_out_0_0_propImpl.xdc] to another XDC file and exclude this new file from synthesis with the used_in_synthesis property (File Properties dialog in GUI) and re-run elaboration/synthesis.
INFO: [Project 1-236] Implementation specific constraints were found while reading constraint file [C:/AMDDesignTools/2025.2/Vivado/data/ip/xpm/xpm_fifo/tcl/xpm_fifo_rst.tcl]. These constraints will be ignored for synthesis but will be used in implementation. Impacted constraints are listed in the file [.Xil/cam_to_mem_v_axi4s_vid_out_0_0_propImpl.xdc].
Resolution: To avoid this warning, move constraints listed in [.Xil/cam_to_mem_v_axi4s_vid_out_0_0_propImpl.xdc] to another XDC file and exclude this new file from synthesis with the used_in_synthesis property (File Properties dialog in GUI) and re-run elaboration/synthesis.
INFO: [Project 1-1714] 9 XPM XDC files have been applied to the design.
Completed Processing XDC Constraints

Netlist sorting complete. Time (s): cpu = 00:00:00 ; elapsed = 00:00:00.002 . Memory (MB): peak = 1523.047 ; gain = 0.000
INFO: [Project 1-111] Unisim Transformation Summary:
No Unisim elements were transformed.

Constraint Validation Runtime : Time (s): cpu = 00:00:01 ; elapsed = 00:00:00.214 . Memory (MB): peak = 1523.047 ; gain = 0.000
INFO: [Designutils 20-5008] Incremental synthesis strategy off
---------------------------------------------------------------------------------
Finished Constraint Validation : Time (s): cpu = 00:00:36 ; elapsed = 00:00:42 . Memory (MB): peak = 1523.047 ; gain = 756.758
---------------------------------------------------------------------------------
---------------------------------------------------------------------------------
Start Loading Part and Timing Information
---------------------------------------------------------------------------------
Loading part: xc7z020clg400-2
---------------------------------------------------------------------------------
Finished Loading Part and Timing Information : Time (s): cpu = 00:00:36 ; elapsed = 00:00:42 . Memory (MB): peak = 1523.047 ; gain = 756.758
---------------------------------------------------------------------------------
---------------------------------------------------------------------------------
Start Applying 'set_property' XDC Constraints
---------------------------------------------------------------------------------
---------------------------------------------------------------------------------
Finished applying 'set_property' XDC Constraints : Time (s): cpu = 00:00:36 ; elapsed = 00:00:42 . Memory (MB): peak = 1523.047 ; gain = 756.758
---------------------------------------------------------------------------------
INFO: [Synth 8-802] inferred FSM for state register 'gen_rst_ic.curr_wrst_state_reg' in module 'xpm_fifo_rst'
INFO: [Synth 8-802] inferred FSM for state register 'gen_rst_ic.curr_rrst_state_reg' in module 'xpm_fifo_rst'
INFO: [Synth 8-802] inferred FSM for state register 'gen_fwft.curr_fwft_state_reg' in module 'xpm_fifo_base'
INFO: [Synth 8-802] inferred FSM for state register 'state_reg' in module 'v_axi4s_vid_out_v4_0_20_sync'
INFO: [Synth 8-5552] Implemented safe state 'default_state' for state register 'gen_rst_ic.curr_wrst_state_reg' in module 'xpm_fifo_rst'
---------------------------------------------------------------------------------------------------
                   State |                     New Encoding |                Previous Encoding 
---------------------------------------------------------------------------------------------------
*
               WRST_IDLE |                            00001 |                              000
                 WRST_IN |                            00010 |                              010
                WRST_OUT |                            00100 |                              111
               WRST_EXIT |                            01000 |                              110
            WRST_GO2IDLE |                            10000 |                              100
---------------------------------------------------------------------------------------------------
INFO: [Synth 8-3354] encoded FSM with state register 'gen_rst_ic.curr_wrst_state_reg' using encoding 'one-hot' in module 'xpm_fifo_rst'
INFO: [Synth 8-5552] Implemented safe state 'default_state' for state register 'gen_rst_ic.curr_rrst_state_reg' in module 'xpm_fifo_rst'
---------------------------------------------------------------------------------------------------
                   State |                     New Encoding |                Previous Encoding 
---------------------------------------------------------------------------------------------------
*
               RRST_IDLE |                               00 |                               00
                 RRST_IN |                               01 |                               10
                RRST_OUT |                               10 |                               11
               RRST_EXIT |                               11 |                               01
---------------------------------------------------------------------------------------------------
INFO: [Synth 8-3354] encoded FSM with state register 'gen_rst_ic.curr_rrst_state_reg' using encoding 'sequential' in module 'xpm_fifo_rst'
---------------------------------------------------------------------------------------------------
                   State |                     New Encoding |                Previous Encoding 
---------------------------------------------------------------------------------------------------
                 invalid |                               00 |                               00
            stage1_valid |                               01 |                               10
       both_stages_valid |                               10 |                               11
            stage2_valid |                               11 |                               01
---------------------------------------------------------------------------------------------------
INFO: [Synth 8-3354] encoded FSM with state register 'gen_fwft.curr_fwft_state_reg' using encoding 'sequential' in module 'xpm_fifo_base'
---------------------------------------------------------------------------------------------------
                   State |                     New Encoding |                Previous Encoding 
---------------------------------------------------------------------------------------------------
             C_SYNC_IDLE |                    0000000000010 |                             0000
     C_SYNC_CALN_SOF_VTG |                    0000100000000 |                             0001
    C_SYNC_CALN_SOF_FIFO |                    0000000010000 |                             0010
      C_SYNC_FALN_ACTIVE |                    0000000000100 |                             0111
 C_SYNC_FALN_EOL_LEADING |                    0000000000001 |                             0011
 C_SYNC_FALN_EOL_LAGGING |                    0000000001000 |                             0100
 C_SYNC_FALN_SOF_LEADING |                    0001000000000 |                             0101
 C_SYNC_FALN_SOF_LAGGING |                    0010000000000 |                             0110
        C_SYNC_FALN_LOCK |                    0100000000000 |                             1000
 C_SYNC_LALN_EOL_LEADING |                    1000000000000 |                             1001
 C_SYNC_LALN_EOL_LAGGING |                    0000010000000 |                             1010
 C_SYNC_LALN_SOF_LEADING |                    0000001000000 |                             1011
 C_SYNC_LALN_SOF_LAGGING |                    0000000100000 |                             1100
---------------------------------------------------------------------------------------------------
INFO: [Synth 8-3354] encoded FSM with state register 'state_reg' using encoding 'one-hot' in module 'v_axi4s_vid_out_v4_0_20_sync'
---------------------------------------------------------------------------------
Finished RTL Optimization Phase 2 : Time (s): cpu = 00:00:38 ; elapsed = 00:00:44 . Memory (MB): peak = 1523.047 ; gain = 756.758
---------------------------------------------------------------------------------
---------------------------------------------------------------------------------
Start RTL Component Statistics 
---------------------------------------------------------------------------------
Detailed RTL Component Info : 
+---Adders : 
	   4 Input   11 Bit       Adders := 3     
	   2 Input   11 Bit       Adders := 1     
	   3 Input   11 Bit       Adders := 2     
	   4 Input   10 Bit       Adders := 3     
	   3 Input   10 Bit       Adders := 1     
	   2 Input    8 Bit       Adders := 2     
	   4 Input    2 Bit       Adders := 1     
+---XORs : 
	   2 Input     11 Bit         XORs := 2     
	   2 Input     10 Bit         XORs := 2     
	   2 Input      1 Bit         XORs := 38    
+---Registers : 
	               32 Bit    Registers := 1     
	               27 Bit    Registers := 2     
	               24 Bit    Registers := 1     
	               13 Bit    Registers := 2     
	               11 Bit    Registers := 19    
	               10 Bit    Registers := 16    
	                8 Bit    Registers := 2     
	                4 Bit    Registers := 6     
	                2 Bit    Registers := 2     
	                1 Bit    Registers := 41    
+---RAMs : 
	              27K Bit	(1024 X 27 bit)          RAMs := 1     
+---Muxes : 
	  13 Input   32 Bit        Muxes := 1     
	   2 Input   32 Bit        Muxes := 2     
	  30 Input   13 Bit        Muxes := 1     
	   6 Input    5 Bit        Muxes := 1     
	   2 Input    5 Bit        Muxes := 8     
	  13 Input    4 Bit        Muxes := 1     
	   5 Input    2 Bit        Muxes := 1     
	   2 Input    2 Bit        Muxes := 33    
	   4 Input    2 Bit        Muxes := 7     
	   2 Input    1 Bit        Muxes := 10    
	   6 Input    1 Bit        Muxes := 2     
	   5 Input    1 Bit        Muxes := 3     
	   4 Input    1 Bit        Muxes := 2     
---------------------------------------------------------------------------------
Finished RTL Component Statistics 
---------------------------------------------------------------------------------
---------------------------------------------------------------------------------
Start Part Resource Summary
---------------------------------------------------------------------------------
Part Resources:
DSPs: 220 (col length:60)
BRAMs: 280 (col length: RAMB18 60 RAMB36 30)
---------------------------------------------------------------------------------
Finished Part Resource Summary
---------------------------------------------------------------------------------
---------------------------------------------------------------------------------
Start Cross Boundary and Area Optimization
---------------------------------------------------------------------------------
INFO: [Synth 8-7129] Port rsta in module xpm_memory_base is either unconnected or has no load
INFO: [Synth 8-7129] Port regcea in module xpm_memory_base is either unconnected or has no load
INFO: [Synth 8-7129] Port injectsbiterra in module xpm_memory_base is either unconnected or has no load
INFO: [Synth 8-7129] Port injectdbiterra in module xpm_memory_base is either unconnected or has no load
INFO: [Synth 8-7129] Port dinb[26] in module xpm_memory_base is either unconnected or has no load
INFO: [Synth 8-7129] Port dinb[25] in module xpm_memory_base is either unconnected or has no load
INFO: [Synth 8-7129] Port dinb[24] in module xpm_memory_base is either unconnected or has no load
INFO: [Synth 8-7129] Port dinb[23] in module xpm_memory_base is either unconnected or has no load
INFO: [Synth 8-7129] Port dinb[22] in module xpm_memory_base is either unconnected or has no load
INFO: [Synth 8-7129] Port dinb[21] in module xpm_memory_base is either unconnected or has no load
INFO: [Synth 8-7129] Port dinb[20] in module xpm_memory_base is either unconnected or has no load
INFO: [Synth 8-7129] Port dinb[19] in module xpm_memory_base is either unconnected or has no load
INFO: [Synth 8-7129] Port dinb[18] in module xpm_memory_base is either unconnected or has no load
INFO: [Synth 8-7129] Port dinb[17] in module xpm_memory_base is either unconnected or has no load
INFO: [Synth 8-7129] Port dinb[16] in module xpm_memory_base is either unconnected or has no load
INFO: [Synth 8-7129] Port dinb[15] in module xpm_memory_base is either unconnected or has no load
INFO: [Synth 8-7129] Port dinb[14] in module xpm_memory_base is either unconnected or has no load
INFO: [Synth 8-7129] Port dinb[13] in module xpm_memory_base is either unconnected or has no load
INFO: [Synth 8-7129] Port dinb[12] in module xpm_memory_base is either unconnected or has no load
INFO: [Synth 8-7129] Port dinb[11] in module xpm_memory_base is either unconnected or has no load
INFO: [Synth 8-7129] Port dinb[10] in module xpm_memory_base is either unconnected or has no load
INFO: [Synth 8-7129] Port dinb[9] in module xpm_memory_base is either unconnected or has no load
INFO: [Synth 8-7129] Port dinb[8] in module xpm_memory_base is either unconnected or has no load
INFO: [Synth 8-7129] Port dinb[7] in module xpm_memory_base is either unconnected or has no load
INFO: [Synth 8-7129] Port dinb[6] in module xpm_memory_base is either unconnected or has no load
INFO: [Synth 8-7129] Port dinb[5] in module xpm_memory_base is either unconnected or has no load
INFO: [Synth 8-7129] Port dinb[4] in module xpm_memory_base is either unconnected or has no load
INFO: [Synth 8-7129] Port dinb[3] in module xpm_memory_base is either unconnected or has no load
INFO: [Synth 8-7129] Port dinb[2] in module xpm_memory_base is either unconnected or has no load
INFO: [Synth 8-7129] Port dinb[1] in module xpm_memory_base is either unconnected or has no load
INFO: [Synth 8-7129] Port dinb[0] in module xpm_memory_base is either unconnected or has no load
INFO: [Synth 8-7129] Port injectsbiterrb in module xpm_memory_base is either unconnected or has no load
INFO: [Synth 8-7129] Port injectdbiterrb in module xpm_memory_base is either unconnected or has no load
INFO: [Synth 8-7129] Port src_clk in module xpm_cdc_single is either unconnected or has no load
INFO: [Synth 8-7129] Port src_clk in module xpm_cdc_single__1 is either unconnected or has no load
INFO: [Synth 8-7129] Port vtg_hsync_arb[0] in module v_axi4s_vid_out_v4_0_20 is either unconnected or has no load
INFO: [Synth 8-7129] Port vtg_hblank_arb[0] in module v_axi4s_vid_out_v4_0_20 is either unconnected or has no load
INFO: [Synth 8-7129] Port vtg_vsync_arb[0] in module v_axi4s_vid_out_v4_0_20 is either unconnected or has no load
INFO: [Synth 8-7129] Port vtg_vblank_arb[0] in module v_axi4s_vid_out_v4_0_20 is either unconnected or has no load
INFO: [Synth 8-7129] Port vtg_active_video_arb[0] in module v_axi4s_vid_out_v4_0_20 is either unconnected or has no load
INFO: [Synth 8-7129] Port vtg_field_id_arb in module v_axi4s_vid_out_v4_0_20 is either unconnected or has no load
INFO: [Synth 8-7129] Port video_format[1] in module v_axi4s_vid_out_v4_0_20 is either unconnected or has no load
INFO: [Synth 8-7129] Port video_format[0] in module v_axi4s_vid_out_v4_0_20 is either unconnected or has no load
INFO: [Synth 8-7129] Port repeat_en in module v_axi4s_vid_out_v4_0_20 is either unconnected or has no load
INFO: [Synth 8-7129] Port remap_420_en in module v_axi4s_vid_out_v4_0_20 is either unconnected or has no load
---------------------------------------------------------------------------------
Finished Cross Boundary and Area Optimization : Time (s): cpu = 00:00:46 ; elapsed = 00:00:53 . Memory (MB): peak = 1523.047 ; gain = 756.758
---------------------------------------------------------------------------------
---------------------------------------------------------------------------------
Start ROM, RAM, DSP, Shift Register and Retiming Reporting
---------------------------------------------------------------------------------

Block RAM: Preliminary Mapping Report (see note below)
+-----------------------------------------------------------------------------------------------------------------------------------------------+----------------------------------+------------------------+---+---+------------------------+---+---+------------------+--------+--------+
|Module Name                                                                                                                                    | RTL Object                       | PORT A (Depth x Width) | W | R | PORT B (Depth x Width) | W | R | Ports driving FF | RAMB18 | RAMB36 | 
+-----------------------------------------------------------------------------------------------------------------------------------------------+----------------------------------+------------------------+---+---+------------------------+---+---+------------------+--------+--------+
|inst/\COUPLER_INST/generate_async_fifo.FIFO_INST/XPM_FIFO_ASYNC_INST /\gnuram_async_fifo.xpm_fifo_base_inst /\gen_sdpram.xpm_memory_base_inst  | gen_wr_a.gen_word_narrow.mem_reg | 1 K x 27(NO_CHANGE)    | W |   | 1 K x 27(WRITE_FIRST)  |   | R | Port A and B     | 0      | 1      | 
+-----------------------------------------------------------------------------------------------------------------------------------------------+----------------------------------+------------------------+---+---+------------------------+---+---+------------------+--------+--------+

Note: The table above is a preliminary report that shows the Block RAMs at the current stage of the synthesis flow. Some Block RAMs may be reimplemented as non Block RAM primitives later in the synthesis flow. Multiple instantiated Block RAMs are reported only once. 
---------------------------------------------------------------------------------
Finished ROM, RAM, DSP, Shift Register and Retiming Reporting
---------------------------------------------------------------------------------
---------------------------------------------------------------------------------
Start Applying XDC Timing Constraints
---------------------------------------------------------------------------------
---------------------------------------------------------------------------------
Finished Applying XDC Timing Constraints : Time (s): cpu = 00:00:59 ; elapsed = 00:01:06 . Memory (MB): peak = 1631.680 ; gain = 865.391
---------------------------------------------------------------------------------
---------------------------------------------------------------------------------
Start Timing Optimization
---------------------------------------------------------------------------------
---------------------------------------------------------------------------------
Finished Timing Optimization : Time (s): cpu = 00:00:59 ; elapsed = 00:01:07 . Memory (MB): peak = 1663.961 ; gain = 897.672
---------------------------------------------------------------------------------
---------------------------------------------------------------------------------
Start ROM, RAM, DSP, Shift Register and Retiming Reporting
---------------------------------------------------------------------------------

Block RAM: Final Mapping Report
+-----------------------------------------------------------------------------------------------------------------------------------------------+----------------------------------+------------------------+---+---+------------------------+---+---+------------------+--------+--------+
|Module Name                                                                                                                                    | RTL Object                       | PORT A (Depth x Width) | W | R | PORT B (Depth x Width) | W | R | Ports driving FF | RAMB18 | RAMB36 | 
+-----------------------------------------------------------------------------------------------------------------------------------------------+----------------------------------+------------------------+---+---+------------------------+---+---+------------------+--------+--------+
|inst/\COUPLER_INST/generate_async_fifo.FIFO_INST/XPM_FIFO_ASYNC_INST /\gnuram_async_fifo.xpm_fifo_base_inst /\gen_sdpram.xpm_memory_base_inst  | gen_wr_a.gen_word_narrow.mem_reg | 1 K x 27(NO_CHANGE)    | W |   | 1 K x 27(WRITE_FIRST)  |   | R | Port A and B     | 0      | 1      | 
+-----------------------------------------------------------------------------------------------------------------------------------------------+----------------------------------+------------------------+---+---+------------------------+---+---+------------------+--------+--------+

---------------------------------------------------------------------------------
Finished ROM, RAM, DSP, Shift Register and Retiming Reporting
---------------------------------------------------------------------------------
---------------------------------------------------------------------------------
Start Technology Mapping
---------------------------------------------------------------------------------
---------------------------------------------------------------------------------
Finished Technology Mapping : Time (s): cpu = 00:01:00 ; elapsed = 00:01:08 . Memory (MB): peak = 1664.484 ; gain = 898.195
---------------------------------------------------------------------------------
---------------------------------------------------------------------------------
Start IO Insertion
---------------------------------------------------------------------------------
---------------------------------------------------------------------------------
Start Flattening Before IO Insertion
---------------------------------------------------------------------------------
---------------------------------------------------------------------------------
Finished Flattening Before IO Insertion
---------------------------------------------------------------------------------
---------------------------------------------------------------------------------
Start Final Netlist Cleanup
---------------------------------------------------------------------------------
---------------------------------------------------------------------------------
Finished Final Netlist Cleanup
---------------------------------------------------------------------------------
---------------------------------------------------------------------------------
Finished IO Insertion : Time (s): cpu = 00:01:09 ; elapsed = 00:01:17 . Memory (MB): peak = 1893.961 ; gain = 1127.672
---------------------------------------------------------------------------------
---------------------------------------------------------------------------------
Start Renaming Generated Instances
---------------------------------------------------------------------------------
---------------------------------------------------------------------------------
Finished Renaming Generated Instances : Time (s): cpu = 00:01:09 ; elapsed = 00:01:17 . Memory (MB): peak = 1893.961 ; gain = 1127.672
---------------------------------------------------------------------------------
---------------------------------------------------------------------------------
Start Rebuilding User Hierarchy
---------------------------------------------------------------------------------
---------------------------------------------------------------------------------
Finished Rebuilding User Hierarchy : Time (s): cpu = 00:01:09 ; elapsed = 00:01:18 . Memory (MB): peak = 1893.961 ; gain = 1127.672
---------------------------------------------------------------------------------
---------------------------------------------------------------------------------
Start Renaming Generated Ports
---------------------------------------------------------------------------------
---------------------------------------------------------------------------------
Finished Renaming Generated Ports : Time (s): cpu = 00:01:09 ; elapsed = 00:01:18 . Memory (MB): peak = 1893.961 ; gain = 1127.672
---------------------------------------------------------------------------------
---------------------------------------------------------------------------------
Start Handling Custom Attributes
---------------------------------------------------------------------------------
---------------------------------------------------------------------------------
Finished Handling Custom Attributes : Time (s): cpu = 00:01:09 ; elapsed = 00:01:18 . Memory (MB): peak = 1894.992 ; gain = 1128.703
---------------------------------------------------------------------------------
---------------------------------------------------------------------------------
Start Renaming Generated Nets
---------------------------------------------------------------------------------
---------------------------------------------------------------------------------
Finished Renaming Generated Nets : Time (s): cpu = 00:01:09 ; elapsed = 00:01:18 . Memory (MB): peak = 1894.992 ; gain = 1128.703
---------------------------------------------------------------------------------
---------------------------------------------------------------------------------
Start Writing Synthesis Report
---------------------------------------------------------------------------------

Report BlackBoxes: 
+-+--------------+----------+
| |BlackBox name |Instances |
+-+--------------+----------+
+-+--------------+----------+

Report Cell Usage: 
+------+---------+------+
|      |Cell     |Count |
+------+---------+------+
|1     |CARRY4   |    45|
|2     |LUT1     |    18|
|3     |LUT2     |   110|
|4     |LUT3     |    45|
|5     |LUT4     |    63|
|6     |LUT5     |    47|
|7     |LUT6     |    90|
|8     |RAMB36E1 |     1|
|9     |FDRE     |   576|
|10    |FDSE     |    19|
+------+---------+------+
---------------------------------------------------------------------------------
Finished Writing Synthesis Report : Time (s): cpu = 00:01:09 ; elapsed = 00:01:18 . Memory (MB): peak = 1894.992 ; gain = 1128.703
---------------------------------------------------------------------------------
Synthesis finished with 0 errors, 0 critical warnings and 0 warnings.
Synthesis Optimization Runtime : Time (s): cpu = 00:00:47 ; elapsed = 00:01:09 . Memory (MB): peak = 1894.992 ; gain = 1046.395
Synthesis Optimization Complete : Time (s): cpu = 00:01:10 ; elapsed = 00:01:18 . Memory (MB): peak = 1894.992 ; gain = 1128.703
INFO: [Project 1-571] Translating synthesized netlist
Netlist sorting complete. Time (s): cpu = 00:00:00 ; elapsed = 00:00:00.030 . Memory (MB): peak = 1894.992 ; gain = 0.000
INFO: [Netlist 29-17] Analyzing 46 Unisim elements for replacement
INFO: [Netlist 29-28] Unisim Transformation completed in 0 CPU seconds
INFO: [Project 1-570] Preparing netlist for logic optimization
INFO: [Opt 31-138] Pushed 0 inverter(s) to 0 load pin(s).
Netlist sorting complete. Time (s): cpu = 00:00:00 ; elapsed = 00:00:00.001 . Memory (MB): peak = 1898.410 ; gain = 0.000
INFO: [Project 1-111] Unisim Transformation Summary:
No Unisim elements were transformed.

Synth Design complete | Checksum: 30bd5424
INFO: [Common 17-83] Releasing license: Synthesis
173 Infos, 5 Warnings, 0 Critical Warnings and 0 Errors encountered.
synth_design completed successfully
synth_design: Time (s): cpu = 00:01:19 ; elapsed = 00:01:30 . Memory (MB): peak = 1898.410 ; gain = 1361.230
Write ShapeDB Complete: Time (s): cpu = 00:00:00 ; elapsed = 00:00:00.025 . Memory (MB): peak = 1898.410 ; gain = 0.000
INFO: [Common 17-1381] The checkpoint 'C:/Users/niumu/Refocusing/camera_screen/camera_screen.runs/cam_to_mem_v_axi4s_vid_out_0_0_synth_1/cam_to_mem_v_axi4s_vid_out_0_0.dcp' has been generated.
INFO: [Coretcl 2-1648] Added synthesis output to IP cache for IP cam_to_mem_v_axi4s_vid_out_0_0, cache-ID = 805db34c31849058
INFO: [Coretcl 2-1174] Renamed 30 cell refs.
Write ShapeDB Complete: Time (s): cpu = 00:00:00 ; elapsed = 00:00:00.006 . Memory (MB): peak = 1898.410 ; gain = 0.000
INFO: [Common 17-1381] The checkpoint 'C:/Users/niumu/Refocusing/camera_screen/camera_screen.runs/cam_to_mem_v_axi4s_vid_out_0_0_synth_1/cam_to_mem_v_axi4s_vid_out_0_0.dcp' has been generated.
INFO: [Vivado 12-24828] Executing command : report_utilization -file cam_to_mem_v_axi4s_vid_out_0_0_utilization_synth.rpt -pb cam_to_mem_v_axi4s_vid_out_0_0_utilization_synth.pb
INFO: [Common 17-206] Exiting Vivado at Wed May  6 12:10:05 2026...
