
*** Running vivado
    with args -log cam_to_mem_util_ds_buf_1_0.vds -m64 -product Vivado -mode batch -messageDb vivado.pb -notrace -source cam_to_mem_util_ds_buf_1_0.tcl



****** Vivado v2025.2 (64-bit)
  **** SW Build 6299465 on Fri Nov 14 19:35:11 GMT 2025
  **** IP Build 6300035 on Fri Nov 14 10:48:45 MST 2025
  **** SharedData Build 6298862 on Thu Nov 13 04:50:51 MST 2025
  **** Start of session at: Mon May  4 09:58:04 2026
    ** Copyright 1986-2022 Xilinx, Inc. All Rights Reserved.
    ** Copyright 2022-2025 Advanced Micro Devices, Inc. All Rights Reserved.

source cam_to_mem_util_ds_buf_1_0.tcl -notrace
create_project: Time (s): cpu = 00:00:29 ; elapsed = 00:00:46 . Memory (MB): peak = 525.031 ; gain = 221.633
Command: synth_design -top cam_to_mem_util_ds_buf_1_0 -part xc7z020clg400-2 -incremental_mode off -mode out_of_context
Starting synth_design
Attempting to get a license for feature 'Synthesis' and/or device 'xc7z020'
INFO: [Common 17-349] Got license for feature 'Synthesis' and/or device 'xc7z020'
INFO: [Device 21-403] Loading part xc7z020clg400-2
INFO: [Synth 8-7079] Multithreading enabled for synth_design using a maximum of 2 processes.
INFO: [Synth 8-7078] Launching helper process for spawning children vivado processes
INFO: [Synth 8-7075] Helper process launched with PID 64180
---------------------------------------------------------------------------------
Starting RTL Elaboration : Time (s): cpu = 00:00:18 ; elapsed = 00:00:51 . Memory (MB): peak = 1307.875 ; gain = 538.680
---------------------------------------------------------------------------------
INFO: [Synth 8-638] synthesizing module 'cam_to_mem_util_ds_buf_1_0' [c:/Users/niumu/Refocusing/camera_screen/camera_screen.gen/sources_1/bd/cam_to_mem/ip/cam_to_mem_util_ds_buf_1_0/synth/cam_to_mem_util_ds_buf_1_0.vhd:65]
	Parameter C_SIZE bound to: 1 - type: integer 
	Parameter C_BUF_TYPE bound to: IOBUF - type: string 
	Parameter C_BUFGCE_DIV bound to: 1 - type: integer 
	Parameter C_BUFG_GT_SYNC bound to: 0 - type: integer 
	Parameter C_OBUFDS_GTE5_ADV bound to: 2'b00 
	Parameter C_REFCLK_ICNTL_TX bound to: 5'b00000 
	Parameter C_SIM_DEVICE bound to: VERSAL_AI_CORE_ES1 - type: string 
	Parameter C_DIVBY2 bound to: 0 - type: integer 
INFO: [Synth 8-3491] module 'util_ds_buf' declared at 'c:/Users/niumu/Refocusing/camera_screen/camera_screen.gen/sources_1/bd/cam_to_mem/ip/cam_to_mem_util_ds_buf_1_0/util_ds_buf.vhd:73' bound to instance 'U0' of component 'util_ds_buf' [c:/Users/niumu/Refocusing/camera_screen/camera_screen.gen/sources_1/bd/cam_to_mem/ip/cam_to_mem_util_ds_buf_1_0/synth/cam_to_mem_util_ds_buf_1_0.vhd:246]
INFO: [Synth 8-638] synthesizing module 'util_ds_buf' [c:/Users/niumu/Refocusing/camera_screen/camera_screen.gen/sources_1/bd/cam_to_mem/ip/cam_to_mem_util_ds_buf_1_0/util_ds_buf.vhd:303]
INFO: [Synth 8-113] binding component instance 'IOBUF_I' to cell 'IOBUF' [c:/Users/niumu/Refocusing/camera_screen/camera_screen.gen/sources_1/bd/cam_to_mem/ip/cam_to_mem_util_ds_buf_1_0/util_ds_buf.vhd:840]
INFO: [Synth 8-256] done synthesizing module 'util_ds_buf' (0#1) [c:/Users/niumu/Refocusing/camera_screen/camera_screen.gen/sources_1/bd/cam_to_mem/ip/cam_to_mem_util_ds_buf_1_0/util_ds_buf.vhd:303]
INFO: [Synth 8-256] done synthesizing module 'cam_to_mem_util_ds_buf_1_0' (0#1) [c:/Users/niumu/Refocusing/camera_screen/camera_screen.gen/sources_1/bd/cam_to_mem/ip/cam_to_mem_util_ds_buf_1_0/synth/cam_to_mem_util_ds_buf_1_0.vhd:65]
INFO: [Synth 8-7129] Port IBUF_DS_P[0] in module util_ds_buf is either unconnected or has no load
INFO: [Synth 8-7129] Port IBUF_DS_N[0] in module util_ds_buf is either unconnected or has no load
INFO: [Synth 8-7129] Port IBUF_DS_CEB[0] in module util_ds_buf is either unconnected or has no load
INFO: [Synth 8-7129] Port OBUF_IN[0] in module util_ds_buf is either unconnected or has no load
INFO: [Synth 8-7129] Port BUFG_I[0] in module util_ds_buf is either unconnected or has no load
INFO: [Synth 8-7129] Port BUFGCE_I[0] in module util_ds_buf is either unconnected or has no load
INFO: [Synth 8-7129] Port BUFGCE_CE[0] in module util_ds_buf is either unconnected or has no load
INFO: [Synth 8-7129] Port BUFGCE_CLR[0] in module util_ds_buf is either unconnected or has no load
INFO: [Synth 8-7129] Port BUFH_I[0] in module util_ds_buf is either unconnected or has no load
INFO: [Synth 8-7129] Port BUFHCE_I[0] in module util_ds_buf is either unconnected or has no load
INFO: [Synth 8-7129] Port BUFHCE_CE[0] in module util_ds_buf is either unconnected or has no load
INFO: [Synth 8-7129] Port BUFG_FABRIC_I[0] in module util_ds_buf is either unconnected or has no load
INFO: [Synth 8-7129] Port OBUFDS_GTE5_CEB[0] in module util_ds_buf is either unconnected or has no load
INFO: [Synth 8-7129] Port OBUFDS_GTE5_I[0] in module util_ds_buf is either unconnected or has no load
INFO: [Synth 8-7129] Port OBUFDS_GTE5_ADV_CEB[0] in module util_ds_buf is either unconnected or has no load
INFO: [Synth 8-7129] Port OBUFDS_GTE5_ADV_I[3] in module util_ds_buf is either unconnected or has no load
INFO: [Synth 8-7129] Port OBUFDS_GTE5_ADV_I[2] in module util_ds_buf is either unconnected or has no load
INFO: [Synth 8-7129] Port OBUFDS_GTE5_ADV_I[1] in module util_ds_buf is either unconnected or has no load
INFO: [Synth 8-7129] Port OBUFDS_GTE5_ADV_I[0] in module util_ds_buf is either unconnected or has no load
INFO: [Synth 8-7129] Port OBUFDS_GTE5_ADV_RXRECCLKSEL[1] in module util_ds_buf is either unconnected or has no load
INFO: [Synth 8-7129] Port OBUFDS_GTE5_ADV_RXRECCLKSEL[0] in module util_ds_buf is either unconnected or has no load
INFO: [Synth 8-7129] Port OBUFDS_GTE3_CEB[0] in module util_ds_buf is either unconnected or has no load
INFO: [Synth 8-7129] Port OBUFDS_GTE3_I[0] in module util_ds_buf is either unconnected or has no load
INFO: [Synth 8-7129] Port OBUFDS_GTE3_ADV_CEB[0] in module util_ds_buf is either unconnected or has no load
INFO: [Synth 8-7129] Port OBUFDS_GTE3_ADV_I[3] in module util_ds_buf is either unconnected or has no load
INFO: [Synth 8-7129] Port OBUFDS_GTE3_ADV_I[2] in module util_ds_buf is either unconnected or has no load
INFO: [Synth 8-7129] Port OBUFDS_GTE3_ADV_I[1] in module util_ds_buf is either unconnected or has no load
INFO: [Synth 8-7129] Port OBUFDS_GTE3_ADV_I[0] in module util_ds_buf is either unconnected or has no load
INFO: [Synth 8-7129] Port RXRECCLK_SEL_GTE3_ADV[1] in module util_ds_buf is either unconnected or has no load
INFO: [Synth 8-7129] Port RXRECCLK_SEL_GTE3_ADV[0] in module util_ds_buf is either unconnected or has no load
INFO: [Synth 8-7129] Port OBUFDS_GTE4_CEB[0] in module util_ds_buf is either unconnected or has no load
INFO: [Synth 8-7129] Port OBUFDS_GTE4_I[0] in module util_ds_buf is either unconnected or has no load
INFO: [Synth 8-7129] Port OBUFDS_GTE4_ADV_CEB[0] in module util_ds_buf is either unconnected or has no load
INFO: [Synth 8-7129] Port OBUFDS_GTE4_ADV_I[3] in module util_ds_buf is either unconnected or has no load
INFO: [Synth 8-7129] Port OBUFDS_GTE4_ADV_I[2] in module util_ds_buf is either unconnected or has no load
INFO: [Synth 8-7129] Port OBUFDS_GTE4_ADV_I[1] in module util_ds_buf is either unconnected or has no load
INFO: [Synth 8-7129] Port OBUFDS_GTE4_ADV_I[0] in module util_ds_buf is either unconnected or has no load
INFO: [Synth 8-7129] Port RXRECCLK_SEL_GTE4_ADV[1] in module util_ds_buf is either unconnected or has no load
INFO: [Synth 8-7129] Port RXRECCLK_SEL_GTE4_ADV[0] in module util_ds_buf is either unconnected or has no load
INFO: [Synth 8-7129] Port IBUFDS_GTM_CEB[0] in module util_ds_buf is either unconnected or has no load
INFO: [Synth 8-7129] Port IBUFDS_GTM_I[0] in module util_ds_buf is either unconnected or has no load
INFO: [Synth 8-7129] Port IBUFDS_GTM_IB[0] in module util_ds_buf is either unconnected or has no load
INFO: [Synth 8-7129] Port OBUFDS_GTM_CEB[0] in module util_ds_buf is either unconnected or has no load
INFO: [Synth 8-7129] Port OBUFDS_GTM_I[0] in module util_ds_buf is either unconnected or has no load
INFO: [Synth 8-7129] Port OBUFDS_GTM_ADV_CEB[0] in module util_ds_buf is either unconnected or has no load
INFO: [Synth 8-7129] Port OBUFDS_GTM_ADV_I[3] in module util_ds_buf is either unconnected or has no load
INFO: [Synth 8-7129] Port OBUFDS_GTM_ADV_I[2] in module util_ds_buf is either unconnected or has no load
INFO: [Synth 8-7129] Port OBUFDS_GTM_ADV_I[1] in module util_ds_buf is either unconnected or has no load
INFO: [Synth 8-7129] Port OBUFDS_GTM_ADV_I[0] in module util_ds_buf is either unconnected or has no load
INFO: [Synth 8-7129] Port IBUFDS_GTME5_CEB[0] in module util_ds_buf is either unconnected or has no load
INFO: [Synth 8-7129] Port IBUFDS_GTME5_I[0] in module util_ds_buf is either unconnected or has no load
INFO: [Synth 8-7129] Port IBUFDS_GTME5_IB[0] in module util_ds_buf is either unconnected or has no load
INFO: [Synth 8-7129] Port OBUFDS_GTME5_CEB[0] in module util_ds_buf is either unconnected or has no load
INFO: [Synth 8-7129] Port OBUFDS_GTME5_I[0] in module util_ds_buf is either unconnected or has no load
INFO: [Synth 8-7129] Port OBUFDS_GTME5_ADV_CEB[0] in module util_ds_buf is either unconnected or has no load
INFO: [Synth 8-7129] Port OBUFDS_GTME5_ADV_I[3] in module util_ds_buf is either unconnected or has no load
INFO: [Synth 8-7129] Port OBUFDS_GTME5_ADV_I[2] in module util_ds_buf is either unconnected or has no load
INFO: [Synth 8-7129] Port OBUFDS_GTME5_ADV_I[1] in module util_ds_buf is either unconnected or has no load
INFO: [Synth 8-7129] Port OBUFDS_GTME5_ADV_I[0] in module util_ds_buf is either unconnected or has no load
INFO: [Synth 8-7129] Port OBUFDS_GTME5_ADV_RXRECCLKSEL[1] in module util_ds_buf is either unconnected or has no load
INFO: [Synth 8-7129] Port OBUFDS_GTME5_ADV_RXRECCLKSEL[0] in module util_ds_buf is either unconnected or has no load
INFO: [Synth 8-7129] Port BUFG_GT_I[0] in module util_ds_buf is either unconnected or has no load
INFO: [Synth 8-7129] Port BUFG_GT_CE[0] in module util_ds_buf is either unconnected or has no load
INFO: [Synth 8-7129] Port BUFG_GT_CEMASK[0] in module util_ds_buf is either unconnected or has no load
INFO: [Synth 8-7129] Port BUFG_GT_CLR[0] in module util_ds_buf is either unconnected or has no load
INFO: [Synth 8-7129] Port BUFG_GT_CLRMASK[0] in module util_ds_buf is either unconnected or has no load
INFO: [Synth 8-7129] Port BUFG_GT_DIV[2] in module util_ds_buf is either unconnected or has no load
INFO: [Synth 8-7129] Port BUFG_GT_DIV[1] in module util_ds_buf is either unconnected or has no load
INFO: [Synth 8-7129] Port BUFG_GT_DIV[0] in module util_ds_buf is either unconnected or has no load
INFO: [Synth 8-7129] Port BUFG_PS_I[0] in module util_ds_buf is either unconnected or has no load
INFO: [Synth 8-7129] Port MBUFG_GT_I[0] in module util_ds_buf is either unconnected or has no load
INFO: [Synth 8-7129] Port MBUFG_GT_CE[0] in module util_ds_buf is either unconnected or has no load
INFO: [Synth 8-7129] Port MBUFG_GT_CEMASK[0] in module util_ds_buf is either unconnected or has no load
INFO: [Synth 8-7129] Port MBUFG_GT_CLR[0] in module util_ds_buf is either unconnected or has no load
INFO: [Synth 8-7129] Port MBUFG_GT_CLRB_LEAF[0] in module util_ds_buf is either unconnected or has no load
INFO: [Synth 8-7129] Port MBUFG_GT_CLRMASK[0] in module util_ds_buf is either unconnected or has no load
INFO: [Synth 8-7129] Port MBUFG_GT_DIV[2] in module util_ds_buf is either unconnected or has no load
INFO: [Synth 8-7129] Port MBUFG_GT_DIV[1] in module util_ds_buf is either unconnected or has no load
INFO: [Synth 8-7129] Port MBUFG_GT_DIV[0] in module util_ds_buf is either unconnected or has no load
INFO: [Synth 8-7129] Port MBUFG_PS_I[0] in module util_ds_buf is either unconnected or has no load
INFO: [Synth 8-7129] Port MBUFG_PS_CLRB_LEAF[0] in module util_ds_buf is either unconnected or has no load
INFO: [Synth 8-7129] Port MBUFGCE_CE[0] in module util_ds_buf is either unconnected or has no load
INFO: [Synth 8-7129] Port MBUFGCE_CLRB_LEAF[0] in module util_ds_buf is either unconnected or has no load
INFO: [Synth 8-7129] Port MBUFGCE_I[0] in module util_ds_buf is either unconnected or has no load
INFO: [Synth 8-7129] Port MBUFGCE_DIV_CE[0] in module util_ds_buf is either unconnected or has no load
INFO: [Synth 8-7129] Port MBUFGCE_DIV_CLRB_LEAF[0] in module util_ds_buf is either unconnected or has no load
INFO: [Synth 8-7129] Port MBUFGCE_DIV_CLR[0] in module util_ds_buf is either unconnected or has no load
INFO: [Synth 8-7129] Port MBUFGCE_DIV_I[0] in module util_ds_buf is either unconnected or has no load
INFO: [Synth 8-7129] Port MBUFGCTRL_CE0[0] in module util_ds_buf is either unconnected or has no load
INFO: [Synth 8-7129] Port MBUFGCTRL_CE1[0] in module util_ds_buf is either unconnected or has no load
INFO: [Synth 8-7129] Port MBUFGCTRL_CLRB_LEAF[0] in module util_ds_buf is either unconnected or has no load
INFO: [Synth 8-7129] Port MBUFGCTRL_IGNORE0[0] in module util_ds_buf is either unconnected or has no load
INFO: [Synth 8-7129] Port MBUFGCTRL_IGNORE1[0] in module util_ds_buf is either unconnected or has no load
INFO: [Synth 8-7129] Port MBUFGCTRL_I0[0] in module util_ds_buf is either unconnected or has no load
INFO: [Synth 8-7129] Port MBUFGCTRL_I1[0] in module util_ds_buf is either unconnected or has no load
INFO: [Synth 8-7129] Port MBUFGCTRL_S0[0] in module util_ds_buf is either unconnected or has no load
INFO: [Synth 8-7129] Port MBUFGCTRL_S1[0] in module util_ds_buf is either unconnected or has no load
INFO: [Synth 8-7129] Port IBUFDS_GTM2_I[0] in module util_ds_buf is either unconnected or has no load
INFO: [Synth 8-7129] Port IBUFDS_GTM2_IB[0] in module util_ds_buf is either unconnected or has no load
INFO: [Synth 8-7129] Port BUFGCTRL_CE0[0] in module util_ds_buf is either unconnected or has no load
INFO: [Common 17-14] Message 'Synth 8-7129' appears 100 times and further instances of the messages will be disabled. Use the Tcl command set_msg_config to change the current settings.
---------------------------------------------------------------------------------
Finished RTL Elaboration : Time (s): cpu = 00:00:24 ; elapsed = 00:01:11 . Memory (MB): peak = 1434.488 ; gain = 665.293
---------------------------------------------------------------------------------
---------------------------------------------------------------------------------
Start Handling Custom Attributes
---------------------------------------------------------------------------------
---------------------------------------------------------------------------------
Finished Handling Custom Attributes : Time (s): cpu = 00:00:25 ; elapsed = 00:01:11 . Memory (MB): peak = 1434.488 ; gain = 665.293
---------------------------------------------------------------------------------
---------------------------------------------------------------------------------
Finished RTL Optimization Phase 1 : Time (s): cpu = 00:00:25 ; elapsed = 00:01:11 . Memory (MB): peak = 1434.488 ; gain = 665.293
---------------------------------------------------------------------------------
Netlist sorting complete. Time (s): cpu = 00:00:00 ; elapsed = 00:00:00.006 . Memory (MB): peak = 1434.488 ; gain = 0.000
INFO: [Netlist 29-17] Analyzing 1 Unisim elements for replacement
INFO: [Netlist 29-28] Unisim Transformation completed in 0 CPU seconds
WARNING: [Netlist 29-1115] Found multi-term driver net: U0/<const0>.
INFO: [Project 1-570] Preparing netlist for logic optimization

Processing XDC Constraints
Initializing timing engine
Parsing XDC File [c:/Users/niumu/Refocusing/camera_screen/camera_screen.gen/sources_1/bd/cam_to_mem/ip/cam_to_mem_util_ds_buf_1_0/cam_to_mem_util_ds_buf_1_0_ooc.xdc] for cell 'U0'
Finished Parsing XDC File [c:/Users/niumu/Refocusing/camera_screen/camera_screen.gen/sources_1/bd/cam_to_mem/ip/cam_to_mem_util_ds_buf_1_0/cam_to_mem_util_ds_buf_1_0_ooc.xdc] for cell 'U0'
Parsing XDC File [c:/Users/niumu/Refocusing/camera_screen/camera_screen.gen/sources_1/bd/cam_to_mem/ip/cam_to_mem_util_ds_buf_1_0/cam_to_mem_util_ds_buf_1_0_board.xdc] for cell 'U0'
Finished Parsing XDC File [c:/Users/niumu/Refocusing/camera_screen/camera_screen.gen/sources_1/bd/cam_to_mem/ip/cam_to_mem_util_ds_buf_1_0/cam_to_mem_util_ds_buf_1_0_board.xdc] for cell 'U0'
Parsing XDC File [C:/Users/niumu/Refocusing/camera_screen/camera_screen.runs/cam_to_mem_util_ds_buf_1_0_synth_1/dont_touch.xdc]
Finished Parsing XDC File [C:/Users/niumu/Refocusing/camera_screen/camera_screen.runs/cam_to_mem_util_ds_buf_1_0_synth_1/dont_touch.xdc]
Completed Processing XDC Constraints

Netlist sorting complete. Time (s): cpu = 00:00:00 ; elapsed = 00:00:00 . Memory (MB): peak = 1434.488 ; gain = 0.000
INFO: [Project 1-111] Unisim Transformation Summary:
  A total of 1 instances were transformed.
  IOBUF => IOBUF (IBUF, OBUFT): 1 instance 

Constraint Validation Runtime : Time (s): cpu = 00:00:00 ; elapsed = 00:00:00.127 . Memory (MB): peak = 1434.488 ; gain = 0.000
INFO: [Designutils 20-5008] Incremental synthesis strategy off
---------------------------------------------------------------------------------
Finished Constraint Validation : Time (s): cpu = 00:00:49 ; elapsed = 00:02:07 . Memory (MB): peak = 1434.488 ; gain = 665.293
---------------------------------------------------------------------------------
---------------------------------------------------------------------------------
Start Loading Part and Timing Information
---------------------------------------------------------------------------------
Loading part: xc7z020clg400-2
---------------------------------------------------------------------------------
Finished Loading Part and Timing Information : Time (s): cpu = 00:00:49 ; elapsed = 00:02:07 . Memory (MB): peak = 1434.488 ; gain = 665.293
---------------------------------------------------------------------------------
---------------------------------------------------------------------------------
Start Applying 'set_property' XDC Constraints
---------------------------------------------------------------------------------
---------------------------------------------------------------------------------
Finished applying 'set_property' XDC Constraints : Time (s): cpu = 00:00:49 ; elapsed = 00:02:07 . Memory (MB): peak = 1434.488 ; gain = 665.293
---------------------------------------------------------------------------------
---------------------------------------------------------------------------------
Finished RTL Optimization Phase 2 : Time (s): cpu = 00:00:50 ; elapsed = 00:02:08 . Memory (MB): peak = 1434.488 ; gain = 665.293
---------------------------------------------------------------------------------
---------------------------------------------------------------------------------
Start RTL Component Statistics 
---------------------------------------------------------------------------------
Detailed RTL Component Info : 
---------------------------------------------------------------------------------
Finished RTL Component Statistics 
---------------------------------------------------------------------------------
---------------------------------------------------------------------------------
Start Part Resource Summary
---------------------------------------------------------------------------------
Part Resources:
DSPs: 220 (col length:60)
BRAMs: 280 (col length: RAMB18 60 RAMB36 30)
---------------------------------------------------------------------------------
Finished Part Resource Summary
---------------------------------------------------------------------------------
---------------------------------------------------------------------------------
Start Cross Boundary and Area Optimization
---------------------------------------------------------------------------------
---------------------------------------------------------------------------------
Finished Cross Boundary and Area Optimization : Time (s): cpu = 00:00:56 ; elapsed = 00:02:19 . Memory (MB): peak = 1435.457 ; gain = 666.262
---------------------------------------------------------------------------------
---------------------------------------------------------------------------------
Start Applying XDC Timing Constraints
---------------------------------------------------------------------------------
---------------------------------------------------------------------------------
Finished Applying XDC Timing Constraints : Time (s): cpu = 00:01:13 ; elapsed = 00:02:48 . Memory (MB): peak = 1610.008 ; gain = 840.812
---------------------------------------------------------------------------------
---------------------------------------------------------------------------------
Start Timing Optimization
---------------------------------------------------------------------------------
---------------------------------------------------------------------------------
Finished Timing Optimization : Time (s): cpu = 00:01:13 ; elapsed = 00:02:48 . Memory (MB): peak = 1610.008 ; gain = 840.812
---------------------------------------------------------------------------------
---------------------------------------------------------------------------------
Start Technology Mapping
---------------------------------------------------------------------------------
---------------------------------------------------------------------------------
Finished Technology Mapping : Time (s): cpu = 00:01:14 ; elapsed = 00:02:48 . Memory (MB): peak = 1619.586 ; gain = 850.391
---------------------------------------------------------------------------------
---------------------------------------------------------------------------------
Start IO Insertion
---------------------------------------------------------------------------------
---------------------------------------------------------------------------------
Start Flattening Before IO Insertion
---------------------------------------------------------------------------------
---------------------------------------------------------------------------------
Finished Flattening Before IO Insertion
---------------------------------------------------------------------------------
---------------------------------------------------------------------------------
Start Final Netlist Cleanup
---------------------------------------------------------------------------------
---------------------------------------------------------------------------------
Finished Final Netlist Cleanup
---------------------------------------------------------------------------------
---------------------------------------------------------------------------------
Finished IO Insertion : Time (s): cpu = 00:01:26 ; elapsed = 00:03:28 . Memory (MB): peak = 1869.211 ; gain = 1100.016
---------------------------------------------------------------------------------
---------------------------------------------------------------------------------
Start Renaming Generated Instances
---------------------------------------------------------------------------------
---------------------------------------------------------------------------------
Finished Renaming Generated Instances : Time (s): cpu = 00:01:26 ; elapsed = 00:03:28 . Memory (MB): peak = 1869.211 ; gain = 1100.016
---------------------------------------------------------------------------------
---------------------------------------------------------------------------------
Start Rebuilding User Hierarchy
---------------------------------------------------------------------------------
---------------------------------------------------------------------------------
Finished Rebuilding User Hierarchy : Time (s): cpu = 00:01:26 ; elapsed = 00:03:28 . Memory (MB): peak = 1869.211 ; gain = 1100.016
---------------------------------------------------------------------------------
---------------------------------------------------------------------------------
Start Renaming Generated Ports
---------------------------------------------------------------------------------
---------------------------------------------------------------------------------
Finished Renaming Generated Ports : Time (s): cpu = 00:01:26 ; elapsed = 00:03:28 . Memory (MB): peak = 1869.211 ; gain = 1100.016
---------------------------------------------------------------------------------
---------------------------------------------------------------------------------
Start Handling Custom Attributes
---------------------------------------------------------------------------------
---------------------------------------------------------------------------------
Finished Handling Custom Attributes : Time (s): cpu = 00:01:26 ; elapsed = 00:03:28 . Memory (MB): peak = 1869.211 ; gain = 1100.016
---------------------------------------------------------------------------------
---------------------------------------------------------------------------------
Start Renaming Generated Nets
---------------------------------------------------------------------------------
---------------------------------------------------------------------------------
Finished Renaming Generated Nets : Time (s): cpu = 00:01:26 ; elapsed = 00:03:28 . Memory (MB): peak = 1869.211 ; gain = 1100.016
---------------------------------------------------------------------------------
---------------------------------------------------------------------------------
Start Writing Synthesis Report
---------------------------------------------------------------------------------

Report BlackBoxes: 
+-+--------------+----------+
| |BlackBox name |Instances |
+-+--------------+----------+
+-+--------------+----------+

Report Cell Usage: 
+------+------+------+
|      |Cell  |Count |
+------+------+------+
|1     |IOBUF |     1|
+------+------+------+
---------------------------------------------------------------------------------
Finished Writing Synthesis Report : Time (s): cpu = 00:01:26 ; elapsed = 00:03:29 . Memory (MB): peak = 1869.211 ; gain = 1100.016
---------------------------------------------------------------------------------
Synthesis finished with 0 errors, 0 critical warnings and 0 warnings.
Synthesis Optimization Runtime : Time (s): cpu = 00:00:56 ; elapsed = 00:03:25 . Memory (MB): peak = 1869.211 ; gain = 1100.016
Synthesis Optimization Complete : Time (s): cpu = 00:01:27 ; elapsed = 00:03:39 . Memory (MB): peak = 1869.211 ; gain = 1100.016
INFO: [Project 1-571] Translating synthesized netlist
Netlist sorting complete. Time (s): cpu = 00:00:00 ; elapsed = 00:00:00.007 . Memory (MB): peak = 1869.211 ; gain = 0.000
INFO: [Netlist 29-17] Analyzing 1 Unisim elements for replacement
INFO: [Netlist 29-28] Unisim Transformation completed in 0 CPU seconds
WARNING: [Netlist 29-1115] Found multi-term driver net: U0/<const0>.
INFO: [Project 1-570] Preparing netlist for logic optimization
INFO: [Opt 31-138] Pushed 0 inverter(s) to 0 load pin(s).
Netlist sorting complete. Time (s): cpu = 00:00:00 ; elapsed = 00:00:00 . Memory (MB): peak = 1882.066 ; gain = 0.000
INFO: [Project 1-111] Unisim Transformation Summary:
  A total of 1 instances were transformed.
  IOBUF => IOBUF (IBUF, OBUFT): 1 instance 

Synth Design complete | Checksum: 59e48cb4
INFO: [Common 17-83] Releasing license: Synthesis
124 Infos, 2 Warnings, 0 Critical Warnings and 0 Errors encountered.
synth_design completed successfully
synth_design: Time (s): cpu = 00:01:39 ; elapsed = 00:04:34 . Memory (MB): peak = 1882.066 ; gain = 1344.680
Write ShapeDB Complete: Time (s): cpu = 00:00:00 ; elapsed = 00:00:00.019 . Memory (MB): peak = 1882.066 ; gain = 0.000
INFO: [Common 17-1381] The checkpoint 'C:/Users/niumu/Refocusing/camera_screen/camera_screen.runs/cam_to_mem_util_ds_buf_1_0_synth_1/cam_to_mem_util_ds_buf_1_0.dcp' has been generated.
INFO: [Coretcl 2-1648] Added synthesis output to IP cache for IP cam_to_mem_util_ds_buf_1_0, cache-ID = e8179644f15ceae1
Write ShapeDB Complete: Time (s): cpu = 00:00:00 ; elapsed = 00:00:00.002 . Memory (MB): peak = 1882.066 ; gain = 0.000
INFO: [Common 17-1381] The checkpoint 'C:/Users/niumu/Refocusing/camera_screen/camera_screen.runs/cam_to_mem_util_ds_buf_1_0_synth_1/cam_to_mem_util_ds_buf_1_0.dcp' has been generated.
INFO: [Vivado 12-24828] Executing command : report_utilization -file cam_to_mem_util_ds_buf_1_0_utilization_synth.rpt -pb cam_to_mem_util_ds_buf_1_0_utilization_synth.pb
INFO: [Common 17-206] Exiting Vivado at Mon May  4 10:03:46 2026...
