
*** Running vivado
    with args -log cam_to_mem_axis_subset_converter_0_0.vds -m64 -product Vivado -mode batch -messageDb vivado.pb -notrace -source cam_to_mem_axis_subset_converter_0_0.tcl



****** Vivado v2025.2 (64-bit)
  **** SW Build 6299465 on Fri Nov 14 19:35:11 GMT 2025
  **** IP Build 6300035 on Fri Nov 14 10:48:45 MST 2025
  **** SharedData Build 6298862 on Thu Nov 13 04:50:51 MST 2025
  **** Start of session at: Mon May  4 09:58:03 2026
    ** Copyright 1986-2022 Xilinx, Inc. All Rights Reserved.
    ** Copyright 2022-2025 Advanced Micro Devices, Inc. All Rights Reserved.

source cam_to_mem_axis_subset_converter_0_0.tcl -notrace
create_project: Time (s): cpu = 00:00:29 ; elapsed = 00:00:46 . Memory (MB): peak = 523.621 ; gain = 217.730
Command: synth_design -top cam_to_mem_axis_subset_converter_0_0 -part xc7z020clg400-2 -incremental_mode off -mode out_of_context
Starting synth_design
Attempting to get a license for feature 'Synthesis' and/or device 'xc7z020'
INFO: [Common 17-349] Got license for feature 'Synthesis' and/or device 'xc7z020'
INFO: [Device 21-403] Loading part xc7z020clg400-2
INFO: [Synth 8-7079] Multithreading enabled for synth_design using a maximum of 2 processes.
INFO: [Synth 8-7078] Launching helper process for spawning children vivado processes
INFO: [Synth 8-7075] Helper process launched with PID 65264
---------------------------------------------------------------------------------
Starting RTL Elaboration : Time (s): cpu = 00:00:18 ; elapsed = 00:00:54 . Memory (MB): peak = 1305.645 ; gain = 539.469
---------------------------------------------------------------------------------
INFO: [Synth 8-6157] synthesizing module 'cam_to_mem_axis_subset_converter_0_0' [c:/Users/niumu/Refocusing/camera_screen/camera_screen.gen/sources_1/bd/cam_to_mem/ip/cam_to_mem_axis_subset_converter_0_0/synth/cam_to_mem_axis_subset_converter_0_0.v:53]
INFO: [Synth 8-6157] synthesizing module 'top_cam_to_mem_axis_subset_converter_0_0' [c:/Users/niumu/Refocusing/camera_screen/camera_screen.gen/sources_1/bd/cam_to_mem/ip/cam_to_mem_axis_subset_converter_0_0/hdl/top_cam_to_mem_axis_subset_converter_0_0.v:60]
INFO: [Synth 8-6157] synthesizing module 'axis_subset_converter_v1_1_36_core' [c:/Users/niumu/Refocusing/camera_screen/camera_screen.gen/sources_1/bd/cam_to_mem/ipshared/5e96/hdl/axis_subset_converter_v1_1_vl_rfs.v:61]
INFO: [Synth 8-6155] done synthesizing module 'axis_subset_converter_v1_1_36_core' (0#1) [c:/Users/niumu/Refocusing/camera_screen/camera_screen.gen/sources_1/bd/cam_to_mem/ipshared/5e96/hdl/axis_subset_converter_v1_1_vl_rfs.v:61]
INFO: [Synth 8-6157] synthesizing module 'tdata_cam_to_mem_axis_subset_converter_0_0' [c:/Users/niumu/Refocusing/camera_screen/camera_screen.gen/sources_1/bd/cam_to_mem/ip/cam_to_mem_axis_subset_converter_0_0/hdl/tdata_cam_to_mem_axis_subset_converter_0_0.v:48]
INFO: [Synth 8-6155] done synthesizing module 'tdata_cam_to_mem_axis_subset_converter_0_0' (0#1) [c:/Users/niumu/Refocusing/camera_screen/camera_screen.gen/sources_1/bd/cam_to_mem/ip/cam_to_mem_axis_subset_converter_0_0/hdl/tdata_cam_to_mem_axis_subset_converter_0_0.v:48]
INFO: [Synth 8-6157] synthesizing module 'tuser_cam_to_mem_axis_subset_converter_0_0' [c:/Users/niumu/Refocusing/camera_screen/camera_screen.gen/sources_1/bd/cam_to_mem/ip/cam_to_mem_axis_subset_converter_0_0/hdl/tuser_cam_to_mem_axis_subset_converter_0_0.v:48]
INFO: [Synth 8-6155] done synthesizing module 'tuser_cam_to_mem_axis_subset_converter_0_0' (0#1) [c:/Users/niumu/Refocusing/camera_screen/camera_screen.gen/sources_1/bd/cam_to_mem/ip/cam_to_mem_axis_subset_converter_0_0/hdl/tuser_cam_to_mem_axis_subset_converter_0_0.v:48]
INFO: [Synth 8-6157] synthesizing module 'tid_cam_to_mem_axis_subset_converter_0_0' [c:/Users/niumu/Refocusing/camera_screen/camera_screen.gen/sources_1/bd/cam_to_mem/ip/cam_to_mem_axis_subset_converter_0_0/hdl/tid_cam_to_mem_axis_subset_converter_0_0.v:48]
INFO: [Synth 8-6155] done synthesizing module 'tid_cam_to_mem_axis_subset_converter_0_0' (0#1) [c:/Users/niumu/Refocusing/camera_screen/camera_screen.gen/sources_1/bd/cam_to_mem/ip/cam_to_mem_axis_subset_converter_0_0/hdl/tid_cam_to_mem_axis_subset_converter_0_0.v:48]
INFO: [Synth 8-6157] synthesizing module 'tdest_cam_to_mem_axis_subset_converter_0_0' [c:/Users/niumu/Refocusing/camera_screen/camera_screen.gen/sources_1/bd/cam_to_mem/ip/cam_to_mem_axis_subset_converter_0_0/hdl/tdest_cam_to_mem_axis_subset_converter_0_0.v:48]
INFO: [Synth 8-6155] done synthesizing module 'tdest_cam_to_mem_axis_subset_converter_0_0' (0#1) [c:/Users/niumu/Refocusing/camera_screen/camera_screen.gen/sources_1/bd/cam_to_mem/ip/cam_to_mem_axis_subset_converter_0_0/hdl/tdest_cam_to_mem_axis_subset_converter_0_0.v:48]
INFO: [Synth 8-6157] synthesizing module 'tstrb_cam_to_mem_axis_subset_converter_0_0' [c:/Users/niumu/Refocusing/camera_screen/camera_screen.gen/sources_1/bd/cam_to_mem/ip/cam_to_mem_axis_subset_converter_0_0/hdl/tstrb_cam_to_mem_axis_subset_converter_0_0.v:48]
INFO: [Synth 8-6155] done synthesizing module 'tstrb_cam_to_mem_axis_subset_converter_0_0' (0#1) [c:/Users/niumu/Refocusing/camera_screen/camera_screen.gen/sources_1/bd/cam_to_mem/ip/cam_to_mem_axis_subset_converter_0_0/hdl/tstrb_cam_to_mem_axis_subset_converter_0_0.v:48]
INFO: [Synth 8-6157] synthesizing module 'tkeep_cam_to_mem_axis_subset_converter_0_0' [c:/Users/niumu/Refocusing/camera_screen/camera_screen.gen/sources_1/bd/cam_to_mem/ip/cam_to_mem_axis_subset_converter_0_0/hdl/tkeep_cam_to_mem_axis_subset_converter_0_0.v:48]
INFO: [Synth 8-6155] done synthesizing module 'tkeep_cam_to_mem_axis_subset_converter_0_0' (0#1) [c:/Users/niumu/Refocusing/camera_screen/camera_screen.gen/sources_1/bd/cam_to_mem/ip/cam_to_mem_axis_subset_converter_0_0/hdl/tkeep_cam_to_mem_axis_subset_converter_0_0.v:48]
INFO: [Synth 8-6157] synthesizing module 'tlast_cam_to_mem_axis_subset_converter_0_0' [c:/Users/niumu/Refocusing/camera_screen/camera_screen.gen/sources_1/bd/cam_to_mem/ip/cam_to_mem_axis_subset_converter_0_0/hdl/tlast_cam_to_mem_axis_subset_converter_0_0.v:48]
INFO: [Synth 8-6155] done synthesizing module 'tlast_cam_to_mem_axis_subset_converter_0_0' (0#1) [c:/Users/niumu/Refocusing/camera_screen/camera_screen.gen/sources_1/bd/cam_to_mem/ip/cam_to_mem_axis_subset_converter_0_0/hdl/tlast_cam_to_mem_axis_subset_converter_0_0.v:48]
INFO: [Synth 8-6155] done synthesizing module 'top_cam_to_mem_axis_subset_converter_0_0' (0#1) [c:/Users/niumu/Refocusing/camera_screen/camera_screen.gen/sources_1/bd/cam_to_mem/ip/cam_to_mem_axis_subset_converter_0_0/hdl/top_cam_to_mem_axis_subset_converter_0_0.v:60]
INFO: [Synth 8-6155] done synthesizing module 'cam_to_mem_axis_subset_converter_0_0' (0#1) [c:/Users/niumu/Refocusing/camera_screen/camera_screen.gen/sources_1/bd/cam_to_mem/ip/cam_to_mem_axis_subset_converter_0_0/synth/cam_to_mem_axis_subset_converter_0_0.v:53]
INFO: [Synth 8-7129] Port tid[0] in module tlast_cam_to_mem_axis_subset_converter_0_0 is either unconnected or has no load
INFO: [Synth 8-7129] Port tdata[15] in module tlast_cam_to_mem_axis_subset_converter_0_0 is either unconnected or has no load
INFO: [Synth 8-7129] Port tdata[14] in module tlast_cam_to_mem_axis_subset_converter_0_0 is either unconnected or has no load
INFO: [Synth 8-7129] Port tdata[13] in module tlast_cam_to_mem_axis_subset_converter_0_0 is either unconnected or has no load
INFO: [Synth 8-7129] Port tdata[12] in module tlast_cam_to_mem_axis_subset_converter_0_0 is either unconnected or has no load
INFO: [Synth 8-7129] Port tdata[11] in module tlast_cam_to_mem_axis_subset_converter_0_0 is either unconnected or has no load
INFO: [Synth 8-7129] Port tdata[10] in module tlast_cam_to_mem_axis_subset_converter_0_0 is either unconnected or has no load
INFO: [Synth 8-7129] Port tdata[9] in module tlast_cam_to_mem_axis_subset_converter_0_0 is either unconnected or has no load
INFO: [Synth 8-7129] Port tdata[8] in module tlast_cam_to_mem_axis_subset_converter_0_0 is either unconnected or has no load
INFO: [Synth 8-7129] Port tdata[7] in module tlast_cam_to_mem_axis_subset_converter_0_0 is either unconnected or has no load
INFO: [Synth 8-7129] Port tdata[6] in module tlast_cam_to_mem_axis_subset_converter_0_0 is either unconnected or has no load
INFO: [Synth 8-7129] Port tdata[5] in module tlast_cam_to_mem_axis_subset_converter_0_0 is either unconnected or has no load
INFO: [Synth 8-7129] Port tdata[4] in module tlast_cam_to_mem_axis_subset_converter_0_0 is either unconnected or has no load
INFO: [Synth 8-7129] Port tdata[3] in module tlast_cam_to_mem_axis_subset_converter_0_0 is either unconnected or has no load
INFO: [Synth 8-7129] Port tdata[2] in module tlast_cam_to_mem_axis_subset_converter_0_0 is either unconnected or has no load
INFO: [Synth 8-7129] Port tdata[1] in module tlast_cam_to_mem_axis_subset_converter_0_0 is either unconnected or has no load
INFO: [Synth 8-7129] Port tdata[0] in module tlast_cam_to_mem_axis_subset_converter_0_0 is either unconnected or has no load
INFO: [Synth 8-7129] Port tuser[0] in module tlast_cam_to_mem_axis_subset_converter_0_0 is either unconnected or has no load
INFO: [Synth 8-7129] Port tdest[0] in module tlast_cam_to_mem_axis_subset_converter_0_0 is either unconnected or has no load
INFO: [Synth 8-7129] Port tkeep[1] in module tlast_cam_to_mem_axis_subset_converter_0_0 is either unconnected or has no load
INFO: [Synth 8-7129] Port tkeep[0] in module tlast_cam_to_mem_axis_subset_converter_0_0 is either unconnected or has no load
INFO: [Synth 8-7129] Port tstrb[1] in module tlast_cam_to_mem_axis_subset_converter_0_0 is either unconnected or has no load
INFO: [Synth 8-7129] Port tstrb[0] in module tlast_cam_to_mem_axis_subset_converter_0_0 is either unconnected or has no load
INFO: [Synth 8-7129] Port tdata[15] in module tkeep_cam_to_mem_axis_subset_converter_0_0 is either unconnected or has no load
INFO: [Synth 8-7129] Port tdata[14] in module tkeep_cam_to_mem_axis_subset_converter_0_0 is either unconnected or has no load
INFO: [Synth 8-7129] Port tdata[13] in module tkeep_cam_to_mem_axis_subset_converter_0_0 is either unconnected or has no load
INFO: [Synth 8-7129] Port tdata[12] in module tkeep_cam_to_mem_axis_subset_converter_0_0 is either unconnected or has no load
INFO: [Synth 8-7129] Port tdata[11] in module tkeep_cam_to_mem_axis_subset_converter_0_0 is either unconnected or has no load
INFO: [Synth 8-7129] Port tdata[10] in module tkeep_cam_to_mem_axis_subset_converter_0_0 is either unconnected or has no load
INFO: [Synth 8-7129] Port tdata[9] in module tkeep_cam_to_mem_axis_subset_converter_0_0 is either unconnected or has no load
INFO: [Synth 8-7129] Port tdata[8] in module tkeep_cam_to_mem_axis_subset_converter_0_0 is either unconnected or has no load
INFO: [Synth 8-7129] Port tdata[7] in module tkeep_cam_to_mem_axis_subset_converter_0_0 is either unconnected or has no load
INFO: [Synth 8-7129] Port tdata[6] in module tkeep_cam_to_mem_axis_subset_converter_0_0 is either unconnected or has no load
INFO: [Synth 8-7129] Port tdata[5] in module tkeep_cam_to_mem_axis_subset_converter_0_0 is either unconnected or has no load
INFO: [Synth 8-7129] Port tdata[4] in module tkeep_cam_to_mem_axis_subset_converter_0_0 is either unconnected or has no load
INFO: [Synth 8-7129] Port tdata[3] in module tkeep_cam_to_mem_axis_subset_converter_0_0 is either unconnected or has no load
INFO: [Synth 8-7129] Port tdata[2] in module tkeep_cam_to_mem_axis_subset_converter_0_0 is either unconnected or has no load
INFO: [Synth 8-7129] Port tdata[1] in module tkeep_cam_to_mem_axis_subset_converter_0_0 is either unconnected or has no load
INFO: [Synth 8-7129] Port tdata[0] in module tkeep_cam_to_mem_axis_subset_converter_0_0 is either unconnected or has no load
INFO: [Synth 8-7129] Port tuser[0] in module tkeep_cam_to_mem_axis_subset_converter_0_0 is either unconnected or has no load
INFO: [Synth 8-7129] Port tid[0] in module tkeep_cam_to_mem_axis_subset_converter_0_0 is either unconnected or has no load
INFO: [Synth 8-7129] Port tdest[0] in module tkeep_cam_to_mem_axis_subset_converter_0_0 is either unconnected or has no load
INFO: [Synth 8-7129] Port tstrb[1] in module tkeep_cam_to_mem_axis_subset_converter_0_0 is either unconnected or has no load
INFO: [Synth 8-7129] Port tstrb[0] in module tkeep_cam_to_mem_axis_subset_converter_0_0 is either unconnected or has no load
INFO: [Synth 8-7129] Port tlast in module tkeep_cam_to_mem_axis_subset_converter_0_0 is either unconnected or has no load
INFO: [Synth 8-7129] Port tdata[15] in module tstrb_cam_to_mem_axis_subset_converter_0_0 is either unconnected or has no load
INFO: [Synth 8-7129] Port tdata[14] in module tstrb_cam_to_mem_axis_subset_converter_0_0 is either unconnected or has no load
INFO: [Synth 8-7129] Port tdata[13] in module tstrb_cam_to_mem_axis_subset_converter_0_0 is either unconnected or has no load
INFO: [Synth 8-7129] Port tdata[12] in module tstrb_cam_to_mem_axis_subset_converter_0_0 is either unconnected or has no load
INFO: [Synth 8-7129] Port tdata[11] in module tstrb_cam_to_mem_axis_subset_converter_0_0 is either unconnected or has no load
INFO: [Synth 8-7129] Port tdata[10] in module tstrb_cam_to_mem_axis_subset_converter_0_0 is either unconnected or has no load
INFO: [Synth 8-7129] Port tdata[9] in module tstrb_cam_to_mem_axis_subset_converter_0_0 is either unconnected or has no load
INFO: [Synth 8-7129] Port tdata[8] in module tstrb_cam_to_mem_axis_subset_converter_0_0 is either unconnected or has no load
INFO: [Synth 8-7129] Port tdata[7] in module tstrb_cam_to_mem_axis_subset_converter_0_0 is either unconnected or has no load
INFO: [Synth 8-7129] Port tdata[6] in module tstrb_cam_to_mem_axis_subset_converter_0_0 is either unconnected or has no load
INFO: [Synth 8-7129] Port tdata[5] in module tstrb_cam_to_mem_axis_subset_converter_0_0 is either unconnected or has no load
INFO: [Synth 8-7129] Port tdata[4] in module tstrb_cam_to_mem_axis_subset_converter_0_0 is either unconnected or has no load
INFO: [Synth 8-7129] Port tdata[3] in module tstrb_cam_to_mem_axis_subset_converter_0_0 is either unconnected or has no load
INFO: [Synth 8-7129] Port tdata[2] in module tstrb_cam_to_mem_axis_subset_converter_0_0 is either unconnected or has no load
INFO: [Synth 8-7129] Port tdata[1] in module tstrb_cam_to_mem_axis_subset_converter_0_0 is either unconnected or has no load
INFO: [Synth 8-7129] Port tdata[0] in module tstrb_cam_to_mem_axis_subset_converter_0_0 is either unconnected or has no load
INFO: [Synth 8-7129] Port tuser[0] in module tstrb_cam_to_mem_axis_subset_converter_0_0 is either unconnected or has no load
INFO: [Synth 8-7129] Port tid[0] in module tstrb_cam_to_mem_axis_subset_converter_0_0 is either unconnected or has no load
INFO: [Synth 8-7129] Port tdest[0] in module tstrb_cam_to_mem_axis_subset_converter_0_0 is either unconnected or has no load
INFO: [Synth 8-7129] Port tkeep[1] in module tstrb_cam_to_mem_axis_subset_converter_0_0 is either unconnected or has no load
INFO: [Synth 8-7129] Port tkeep[0] in module tstrb_cam_to_mem_axis_subset_converter_0_0 is either unconnected or has no load
INFO: [Synth 8-7129] Port tstrb[1] in module tstrb_cam_to_mem_axis_subset_converter_0_0 is either unconnected or has no load
INFO: [Synth 8-7129] Port tstrb[0] in module tstrb_cam_to_mem_axis_subset_converter_0_0 is either unconnected or has no load
INFO: [Synth 8-7129] Port tlast in module tstrb_cam_to_mem_axis_subset_converter_0_0 is either unconnected or has no load
INFO: [Synth 8-7129] Port tdata[15] in module tdest_cam_to_mem_axis_subset_converter_0_0 is either unconnected or has no load
INFO: [Synth 8-7129] Port tdata[14] in module tdest_cam_to_mem_axis_subset_converter_0_0 is either unconnected or has no load
INFO: [Synth 8-7129] Port tdata[13] in module tdest_cam_to_mem_axis_subset_converter_0_0 is either unconnected or has no load
INFO: [Synth 8-7129] Port tdata[12] in module tdest_cam_to_mem_axis_subset_converter_0_0 is either unconnected or has no load
INFO: [Synth 8-7129] Port tdata[11] in module tdest_cam_to_mem_axis_subset_converter_0_0 is either unconnected or has no load
INFO: [Synth 8-7129] Port tdata[10] in module tdest_cam_to_mem_axis_subset_converter_0_0 is either unconnected or has no load
INFO: [Synth 8-7129] Port tdata[9] in module tdest_cam_to_mem_axis_subset_converter_0_0 is either unconnected or has no load
INFO: [Synth 8-7129] Port tdata[8] in module tdest_cam_to_mem_axis_subset_converter_0_0 is either unconnected or has no load
INFO: [Synth 8-7129] Port tdata[7] in module tdest_cam_to_mem_axis_subset_converter_0_0 is either unconnected or has no load
INFO: [Synth 8-7129] Port tdata[6] in module tdest_cam_to_mem_axis_subset_converter_0_0 is either unconnected or has no load
INFO: [Synth 8-7129] Port tdata[5] in module tdest_cam_to_mem_axis_subset_converter_0_0 is either unconnected or has no load
INFO: [Synth 8-7129] Port tdata[4] in module tdest_cam_to_mem_axis_subset_converter_0_0 is either unconnected or has no load
INFO: [Synth 8-7129] Port tdata[3] in module tdest_cam_to_mem_axis_subset_converter_0_0 is either unconnected or has no load
INFO: [Synth 8-7129] Port tdata[2] in module tdest_cam_to_mem_axis_subset_converter_0_0 is either unconnected or has no load
INFO: [Synth 8-7129] Port tdata[1] in module tdest_cam_to_mem_axis_subset_converter_0_0 is either unconnected or has no load
INFO: [Synth 8-7129] Port tdata[0] in module tdest_cam_to_mem_axis_subset_converter_0_0 is either unconnected or has no load
INFO: [Synth 8-7129] Port tuser[0] in module tdest_cam_to_mem_axis_subset_converter_0_0 is either unconnected or has no load
INFO: [Synth 8-7129] Port tid[0] in module tdest_cam_to_mem_axis_subset_converter_0_0 is either unconnected or has no load
INFO: [Synth 8-7129] Port tdest[0] in module tdest_cam_to_mem_axis_subset_converter_0_0 is either unconnected or has no load
INFO: [Synth 8-7129] Port tkeep[1] in module tdest_cam_to_mem_axis_subset_converter_0_0 is either unconnected or has no load
INFO: [Synth 8-7129] Port tkeep[0] in module tdest_cam_to_mem_axis_subset_converter_0_0 is either unconnected or has no load
INFO: [Synth 8-7129] Port tstrb[1] in module tdest_cam_to_mem_axis_subset_converter_0_0 is either unconnected or has no load
INFO: [Synth 8-7129] Port tstrb[0] in module tdest_cam_to_mem_axis_subset_converter_0_0 is either unconnected or has no load
INFO: [Synth 8-7129] Port tlast in module tdest_cam_to_mem_axis_subset_converter_0_0 is either unconnected or has no load
INFO: [Synth 8-7129] Port tid[0] in module tid_cam_to_mem_axis_subset_converter_0_0 is either unconnected or has no load
INFO: [Synth 8-7129] Port tdata[15] in module tid_cam_to_mem_axis_subset_converter_0_0 is either unconnected or has no load
INFO: [Synth 8-7129] Port tdata[14] in module tid_cam_to_mem_axis_subset_converter_0_0 is either unconnected or has no load
INFO: [Synth 8-7129] Port tdata[13] in module tid_cam_to_mem_axis_subset_converter_0_0 is either unconnected or has no load
INFO: [Synth 8-7129] Port tdata[12] in module tid_cam_to_mem_axis_subset_converter_0_0 is either unconnected or has no load
INFO: [Synth 8-7129] Port tdata[11] in module tid_cam_to_mem_axis_subset_converter_0_0 is either unconnected or has no load
INFO: [Synth 8-7129] Port tdata[10] in module tid_cam_to_mem_axis_subset_converter_0_0 is either unconnected or has no load
INFO: [Common 17-14] Message 'Synth 8-7129' appears 100 times and further instances of the messages will be disabled. Use the Tcl command set_msg_config to change the current settings.
---------------------------------------------------------------------------------
Finished RTL Elaboration : Time (s): cpu = 00:00:23 ; elapsed = 00:01:22 . Memory (MB): peak = 1432.719 ; gain = 666.543
---------------------------------------------------------------------------------
---------------------------------------------------------------------------------
Start Handling Custom Attributes
---------------------------------------------------------------------------------
---------------------------------------------------------------------------------
Finished Handling Custom Attributes : Time (s): cpu = 00:00:23 ; elapsed = 00:01:22 . Memory (MB): peak = 1432.719 ; gain = 666.543
---------------------------------------------------------------------------------
---------------------------------------------------------------------------------
Finished RTL Optimization Phase 1 : Time (s): cpu = 00:00:23 ; elapsed = 00:01:22 . Memory (MB): peak = 1432.719 ; gain = 666.543
---------------------------------------------------------------------------------
Netlist sorting complete. Time (s): cpu = 00:00:00 ; elapsed = 00:00:00.004 . Memory (MB): peak = 1432.719 ; gain = 0.000
INFO: [Project 1-570] Preparing netlist for logic optimization

Processing XDC Constraints
Initializing timing engine
Parsing XDC File [c:/Users/niumu/Refocusing/camera_screen/camera_screen.gen/sources_1/bd/cam_to_mem/ip/cam_to_mem_axis_subset_converter_0_0/cam_to_mem_axis_subset_converter_0_0_ooc.xdc] for cell 'inst'
Finished Parsing XDC File [c:/Users/niumu/Refocusing/camera_screen/camera_screen.gen/sources_1/bd/cam_to_mem/ip/cam_to_mem_axis_subset_converter_0_0/cam_to_mem_axis_subset_converter_0_0_ooc.xdc] for cell 'inst'
Parsing XDC File [C:/Users/niumu/Refocusing/camera_screen/camera_screen.runs/cam_to_mem_axis_subset_converter_0_0_synth_1/dont_touch.xdc]
Finished Parsing XDC File [C:/Users/niumu/Refocusing/camera_screen/camera_screen.runs/cam_to_mem_axis_subset_converter_0_0_synth_1/dont_touch.xdc]
Completed Processing XDC Constraints

Netlist sorting complete. Time (s): cpu = 00:00:00 ; elapsed = 00:00:00.001 . Memory (MB): peak = 1432.719 ; gain = 0.000
INFO: [Project 1-111] Unisim Transformation Summary:
No Unisim elements were transformed.

Constraint Validation Runtime : Time (s): cpu = 00:00:00 ; elapsed = 00:00:00.197 . Memory (MB): peak = 1432.719 ; gain = 0.000
INFO: [Designutils 20-5008] Incremental synthesis strategy off
---------------------------------------------------------------------------------
Finished Constraint Validation : Time (s): cpu = 00:00:48 ; elapsed = 00:02:14 . Memory (MB): peak = 1432.719 ; gain = 666.543
---------------------------------------------------------------------------------
---------------------------------------------------------------------------------
Start Loading Part and Timing Information
---------------------------------------------------------------------------------
Loading part: xc7z020clg400-2
---------------------------------------------------------------------------------
Finished Loading Part and Timing Information : Time (s): cpu = 00:00:48 ; elapsed = 00:02:14 . Memory (MB): peak = 1432.719 ; gain = 666.543
---------------------------------------------------------------------------------
---------------------------------------------------------------------------------
Start Applying 'set_property' XDC Constraints
---------------------------------------------------------------------------------
---------------------------------------------------------------------------------
Finished applying 'set_property' XDC Constraints : Time (s): cpu = 00:00:48 ; elapsed = 00:02:14 . Memory (MB): peak = 1432.719 ; gain = 666.543
---------------------------------------------------------------------------------
---------------------------------------------------------------------------------
Finished RTL Optimization Phase 2 : Time (s): cpu = 00:00:48 ; elapsed = 00:02:15 . Memory (MB): peak = 1432.719 ; gain = 666.543
---------------------------------------------------------------------------------
---------------------------------------------------------------------------------
Start RTL Component Statistics 
---------------------------------------------------------------------------------
Detailed RTL Component Info : 
---------------------------------------------------------------------------------
Finished RTL Component Statistics 
---------------------------------------------------------------------------------
---------------------------------------------------------------------------------
Start Part Resource Summary
---------------------------------------------------------------------------------
Part Resources:
DSPs: 220 (col length:60)
BRAMs: 280 (col length: RAMB18 60 RAMB36 30)
---------------------------------------------------------------------------------
Finished Part Resource Summary
---------------------------------------------------------------------------------
---------------------------------------------------------------------------------
Start Cross Boundary and Area Optimization
---------------------------------------------------------------------------------
---------------------------------------------------------------------------------
Finished Cross Boundary and Area Optimization : Time (s): cpu = 00:00:55 ; elapsed = 00:02:27 . Memory (MB): peak = 1445.301 ; gain = 679.125
---------------------------------------------------------------------------------
---------------------------------------------------------------------------------
Start Applying XDC Timing Constraints
---------------------------------------------------------------------------------
---------------------------------------------------------------------------------
Finished Applying XDC Timing Constraints : Time (s): cpu = 00:01:13 ; elapsed = 00:02:56 . Memory (MB): peak = 1612.672 ; gain = 846.496
---------------------------------------------------------------------------------
---------------------------------------------------------------------------------
Start Timing Optimization
---------------------------------------------------------------------------------
---------------------------------------------------------------------------------
Finished Timing Optimization : Time (s): cpu = 00:01:13 ; elapsed = 00:02:56 . Memory (MB): peak = 1612.672 ; gain = 846.496
---------------------------------------------------------------------------------
---------------------------------------------------------------------------------
Start Technology Mapping
---------------------------------------------------------------------------------
---------------------------------------------------------------------------------
Finished Technology Mapping : Time (s): cpu = 00:01:13 ; elapsed = 00:02:56 . Memory (MB): peak = 1622.242 ; gain = 856.066
---------------------------------------------------------------------------------
---------------------------------------------------------------------------------
Start IO Insertion
---------------------------------------------------------------------------------
---------------------------------------------------------------------------------
Start Flattening Before IO Insertion
---------------------------------------------------------------------------------
---------------------------------------------------------------------------------
Finished Flattening Before IO Insertion
---------------------------------------------------------------------------------
---------------------------------------------------------------------------------
Start Final Netlist Cleanup
---------------------------------------------------------------------------------
---------------------------------------------------------------------------------
Finished Final Netlist Cleanup
---------------------------------------------------------------------------------
---------------------------------------------------------------------------------
Finished IO Insertion : Time (s): cpu = 00:01:25 ; elapsed = 00:03:43 . Memory (MB): peak = 1871.742 ; gain = 1105.566
---------------------------------------------------------------------------------
---------------------------------------------------------------------------------
Start Renaming Generated Instances
---------------------------------------------------------------------------------
---------------------------------------------------------------------------------
Finished Renaming Generated Instances : Time (s): cpu = 00:01:25 ; elapsed = 00:03:43 . Memory (MB): peak = 1871.742 ; gain = 1105.566
---------------------------------------------------------------------------------
---------------------------------------------------------------------------------
Start Rebuilding User Hierarchy
---------------------------------------------------------------------------------
---------------------------------------------------------------------------------
Finished Rebuilding User Hierarchy : Time (s): cpu = 00:01:26 ; elapsed = 00:03:43 . Memory (MB): peak = 1871.742 ; gain = 1105.566
---------------------------------------------------------------------------------
---------------------------------------------------------------------------------
Start Renaming Generated Ports
---------------------------------------------------------------------------------
---------------------------------------------------------------------------------
Finished Renaming Generated Ports : Time (s): cpu = 00:01:26 ; elapsed = 00:03:43 . Memory (MB): peak = 1871.742 ; gain = 1105.566
---------------------------------------------------------------------------------
---------------------------------------------------------------------------------
Start Handling Custom Attributes
---------------------------------------------------------------------------------
---------------------------------------------------------------------------------
Finished Handling Custom Attributes : Time (s): cpu = 00:01:26 ; elapsed = 00:03:43 . Memory (MB): peak = 1871.742 ; gain = 1105.566
---------------------------------------------------------------------------------
---------------------------------------------------------------------------------
Start Renaming Generated Nets
---------------------------------------------------------------------------------
---------------------------------------------------------------------------------
Finished Renaming Generated Nets : Time (s): cpu = 00:01:26 ; elapsed = 00:03:43 . Memory (MB): peak = 1871.742 ; gain = 1105.566
---------------------------------------------------------------------------------
---------------------------------------------------------------------------------
Start Writing Synthesis Report
---------------------------------------------------------------------------------

Report BlackBoxes: 
+-+--------------+----------+
| |BlackBox name |Instances |
+-+--------------+----------+
+-+--------------+----------+

Report Cell Usage: 
+-+-----+------+
| |Cell |Count |
+-+-----+------+
+-+-----+------+
---------------------------------------------------------------------------------
Finished Writing Synthesis Report : Time (s): cpu = 00:01:26 ; elapsed = 00:03:43 . Memory (MB): peak = 1871.742 ; gain = 1105.566
---------------------------------------------------------------------------------
Synthesis finished with 0 errors, 0 critical warnings and 0 warnings.
Synthesis Optimization Runtime : Time (s): cpu = 00:00:57 ; elapsed = 00:03:36 . Memory (MB): peak = 1871.742 ; gain = 1105.566
Synthesis Optimization Complete : Time (s): cpu = 00:01:26 ; elapsed = 00:03:49 . Memory (MB): peak = 1871.742 ; gain = 1105.566
INFO: [Project 1-571] Translating synthesized netlist
Netlist sorting complete. Time (s): cpu = 00:00:00 ; elapsed = 00:00:00.003 . Memory (MB): peak = 1871.742 ; gain = 0.000
INFO: [Project 1-570] Preparing netlist for logic optimization
INFO: [Opt 31-138] Pushed 0 inverter(s) to 0 load pin(s).
Netlist sorting complete. Time (s): cpu = 00:00:00 ; elapsed = 00:00:00.001 . Memory (MB): peak = 1873.492 ; gain = 0.000
INFO: [Project 1-111] Unisim Transformation Summary:
No Unisim elements were transformed.

Synth Design complete | Checksum: 25cce937
INFO: [Common 17-83] Releasing license: Synthesis
134 Infos, 0 Warnings, 0 Critical Warnings and 0 Errors encountered.
synth_design completed successfully
synth_design: Time (s): cpu = 00:01:40 ; elapsed = 00:04:41 . Memory (MB): peak = 1877.512 ; gain = 1341.977
INFO: [Common 17-1381] The checkpoint 'C:/Users/niumu/Refocusing/camera_screen/camera_screen.runs/cam_to_mem_axis_subset_converter_0_0_synth_1/cam_to_mem_axis_subset_converter_0_0.dcp' has been generated.
INFO: [Coretcl 2-1648] Added synthesis output to IP cache for IP cam_to_mem_axis_subset_converter_0_0, cache-ID = 5e3db9ce4fa6ddc2
INFO: [Common 17-1381] The checkpoint 'C:/Users/niumu/Refocusing/camera_screen/camera_screen.runs/cam_to_mem_axis_subset_converter_0_0_synth_1/cam_to_mem_axis_subset_converter_0_0.dcp' has been generated.
INFO: [Vivado 12-24828] Executing command : report_utilization -file cam_to_mem_axis_subset_converter_0_0_utilization_synth.rpt -pb cam_to_mem_axis_subset_converter_0_0_utilization_synth.pb
INFO: [Common 17-206] Exiting Vivado at Mon May  4 10:03:52 2026...
