
*** Running vivado
    with args -log cam_to_mem_axis_data_fifo_0_0.vds -m64 -product Vivado -mode batch -messageDb vivado.pb -notrace -source cam_to_mem_axis_data_fifo_0_0.tcl



****** Vivado v2025.2 (64-bit)
  **** SW Build 6299465 on Fri Nov 14 19:35:11 GMT 2025
  **** IP Build 6300035 on Fri Nov 14 10:48:45 MST 2025
  **** SharedData Build 6298862 on Thu Nov 13 04:50:51 MST 2025
  **** Start of session at: Wed May  6 17:08:33 2026
    ** Copyright 1986-2022 Xilinx, Inc. All Rights Reserved.
    ** Copyright 2022-2025 Advanced Micro Devices, Inc. All Rights Reserved.

source cam_to_mem_axis_data_fifo_0_0.tcl -notrace
create_project: Time (s): cpu = 00:00:15 ; elapsed = 00:00:13 . Memory (MB): peak = 527.375 ; gain = 222.629
Command: synth_design -top cam_to_mem_axis_data_fifo_0_0 -part xc7z020clg400-2 -incremental_mode off -mode out_of_context
Starting synth_design
Attempting to get a license for feature 'Synthesis' and/or device 'xc7z020'
INFO: [Common 17-349] Got license for feature 'Synthesis' and/or device 'xc7z020'
INFO: [Device 21-403] Loading part xc7z020clg400-2
INFO: [Synth 8-7079] Multithreading enabled for synth_design using a maximum of 2 processes.
INFO: [Synth 8-7078] Launching helper process for spawning children vivado processes
INFO: [Synth 8-7075] Helper process launched with PID 23548
---------------------------------------------------------------------------------
Starting RTL Elaboration : Time (s): cpu = 00:00:22 ; elapsed = 00:00:26 . Memory (MB): peak = 1308.727 ; gain = 539.902
---------------------------------------------------------------------------------
INFO: [Synth 8-6157] synthesizing module 'cam_to_mem_axis_data_fifo_0_0' [c:/Users/niumu/Refocusing/camera_screen/camera_screen.gen/sources_1/bd/cam_to_mem/ip/cam_to_mem_axis_data_fifo_0_0/synth/cam_to_mem_axis_data_fifo_0_0.v:53]
INFO: [Synth 8-6157] synthesizing module 'axis_data_fifo_v2_0_17_top' [c:/Users/niumu/Refocusing/camera_screen/camera_screen.gen/sources_1/bd/cam_to_mem/ipshared/e1e3/hdl/axis_data_fifo_v2_0_vl_rfs.v:53]
INFO: [Synth 8-6157] synthesizing module 'axis_infrastructure_v1_1_1_util_aclken_converter_wrapper' [c:/Users/niumu/Refocusing/camera_screen/camera_screen.gen/sources_1/bd/cam_to_mem/ipshared/434f/hdl/axis_infrastructure_v1_1_vl_rfs.v:596]
INFO: [Synth 8-6157] synthesizing module 'axis_infrastructure_v1_1_1_util_axis2vector' [c:/Users/niumu/Refocusing/camera_screen/camera_screen.gen/sources_1/bd/cam_to_mem/ipshared/434f/hdl/axis_infrastructure_v1_1_vl_rfs.v:805]
INFO: [Synth 8-6155] done synthesizing module 'axis_infrastructure_v1_1_1_util_axis2vector' (0#1) [c:/Users/niumu/Refocusing/camera_screen/camera_screen.gen/sources_1/bd/cam_to_mem/ipshared/434f/hdl/axis_infrastructure_v1_1_vl_rfs.v:805]
INFO: [Synth 8-6157] synthesizing module 'axis_infrastructure_v1_1_1_util_vector2axis' [c:/Users/niumu/Refocusing/camera_screen/camera_screen.gen/sources_1/bd/cam_to_mem/ipshared/434f/hdl/axis_infrastructure_v1_1_vl_rfs.v:986]
INFO: [Synth 8-6155] done synthesizing module 'axis_infrastructure_v1_1_1_util_vector2axis' (0#1) [c:/Users/niumu/Refocusing/camera_screen/camera_screen.gen/sources_1/bd/cam_to_mem/ipshared/434f/hdl/axis_infrastructure_v1_1_vl_rfs.v:986]
INFO: [Synth 8-6155] done synthesizing module 'axis_infrastructure_v1_1_1_util_aclken_converter_wrapper' (0#1) [c:/Users/niumu/Refocusing/camera_screen/camera_screen.gen/sources_1/bd/cam_to_mem/ipshared/434f/hdl/axis_infrastructure_v1_1_vl_rfs.v:596]
INFO: [Synth 8-6157] synthesizing module 'xpm_fifo_axis' [C:/AMDDesignTools/2025.2/Vivado/data/ip/xpm/xpm_fifo/hdl/xpm_fifo.sv:2530]
INFO: [Synth 8-6157] synthesizing module 'xpm_cdc_sync_rst' [C:/AMDDesignTools/2025.2/Vivado/data/ip/xpm/xpm_cdc/hdl/xpm_cdc.sv:1059]
INFO: [Synth 8-6155] done synthesizing module 'xpm_cdc_sync_rst' (0#1) [C:/AMDDesignTools/2025.2/Vivado/data/ip/xpm/xpm_cdc/hdl/xpm_cdc.sv:1059]
INFO: [Synth 8-6157] synthesizing module 'xpm_fifo_base' [C:/AMDDesignTools/2025.2/Vivado/data/ip/xpm/xpm_fifo/hdl/xpm_fifo.sv:53]
INFO: [Synth 8-6157] synthesizing module 'xpm_memory_base' [C:/AMDDesignTools/2025.2/Vivado/data/ip/xpm/xpm_memory/hdl/xpm_memory.sv:54]
INFO: [Synth 8-6059] Synth Info: [XPM_MEMORY 20-1] MEMORY_PRIMITIVE (0) instructs Vivado Synthesis to choose the memory primitive type. Depending on their values, other XPM_MEMORY parameters may preclude the choice of certain memory primitive types. Review XPM_MEMORY documentation and parameter values to understand any limitations, or set MEMORY_PRIMITIVE to a different value.   [C:/AMDDesignTools/2025.2/Vivado/data/ip/xpm/xpm_memory/hdl/xpm_memory.sv:522]
INFO: [Synth 8-6155] done synthesizing module 'xpm_memory_base' (0#1) [C:/AMDDesignTools/2025.2/Vivado/data/ip/xpm/xpm_memory/hdl/xpm_memory.sv:54]
INFO: [Synth 8-6157] synthesizing module 'xpm_cdc_gray' [C:/AMDDesignTools/2025.2/Vivado/data/ip/xpm/xpm_cdc/hdl/xpm_cdc.sv:283]
INFO: [Synth 8-6155] done synthesizing module 'xpm_cdc_gray' (0#1) [C:/AMDDesignTools/2025.2/Vivado/data/ip/xpm/xpm_cdc/hdl/xpm_cdc.sv:283]
INFO: [Synth 8-6157] synthesizing module 'xpm_fifo_reg_vec' [C:/AMDDesignTools/2025.2/Vivado/data/ip/xpm/xpm_fifo/hdl/xpm_fifo.sv:1905]
INFO: [Synth 8-6155] done synthesizing module 'xpm_fifo_reg_vec' (0#1) [C:/AMDDesignTools/2025.2/Vivado/data/ip/xpm/xpm_fifo/hdl/xpm_fifo.sv:1905]
INFO: [Synth 8-6157] synthesizing module 'xpm_cdc_gray__parameterized0' [C:/AMDDesignTools/2025.2/Vivado/data/ip/xpm/xpm_cdc/hdl/xpm_cdc.sv:283]
INFO: [Synth 8-6155] done synthesizing module 'xpm_cdc_gray__parameterized0' (0#1) [C:/AMDDesignTools/2025.2/Vivado/data/ip/xpm/xpm_cdc/hdl/xpm_cdc.sv:283]
INFO: [Synth 8-6157] synthesizing module 'xpm_fifo_reg_vec__parameterized0' [C:/AMDDesignTools/2025.2/Vivado/data/ip/xpm/xpm_fifo/hdl/xpm_fifo.sv:1905]
INFO: [Synth 8-6155] done synthesizing module 'xpm_fifo_reg_vec__parameterized0' (0#1) [C:/AMDDesignTools/2025.2/Vivado/data/ip/xpm/xpm_fifo/hdl/xpm_fifo.sv:1905]
INFO: [Synth 8-6157] synthesizing module 'xpm_cdc_gray__parameterized1' [C:/AMDDesignTools/2025.2/Vivado/data/ip/xpm/xpm_cdc/hdl/xpm_cdc.sv:283]
INFO: [Synth 8-6155] done synthesizing module 'xpm_cdc_gray__parameterized1' (0#1) [C:/AMDDesignTools/2025.2/Vivado/data/ip/xpm/xpm_cdc/hdl/xpm_cdc.sv:283]
INFO: [Synth 8-226] default block is never used [C:/AMDDesignTools/2025.2/Vivado/data/ip/xpm/xpm_fifo/hdl/xpm_fifo.sv:1220]
INFO: [Synth 8-226] default block is never used [C:/AMDDesignTools/2025.2/Vivado/data/ip/xpm/xpm_fifo/hdl/xpm_fifo.sv:1287]
INFO: [Synth 8-226] default block is never used [C:/AMDDesignTools/2025.2/Vivado/data/ip/xpm/xpm_fifo/hdl/xpm_fifo.sv:1309]
INFO: [Synth 8-6157] synthesizing module 'xpm_fifo_reg_bit' [C:/AMDDesignTools/2025.2/Vivado/data/ip/xpm/xpm_fifo/hdl/xpm_fifo.sv:1927]
INFO: [Synth 8-6155] done synthesizing module 'xpm_fifo_reg_bit' (0#1) [C:/AMDDesignTools/2025.2/Vivado/data/ip/xpm/xpm_fifo/hdl/xpm_fifo.sv:1927]
INFO: [Synth 8-6157] synthesizing module 'xpm_counter_updn' [C:/AMDDesignTools/2025.2/Vivado/data/ip/xpm/xpm_fifo/hdl/xpm_fifo.sv:1879]
INFO: [Synth 8-6155] done synthesizing module 'xpm_counter_updn' (0#1) [C:/AMDDesignTools/2025.2/Vivado/data/ip/xpm/xpm_fifo/hdl/xpm_fifo.sv:1879]
INFO: [Synth 8-6157] synthesizing module 'xpm_fifo_rst' [C:/AMDDesignTools/2025.2/Vivado/data/ip/xpm/xpm_fifo/hdl/xpm_fifo.sv:1639]
INFO: [Synth 8-6157] synthesizing module 'xpm_cdc_sync_rst__parameterized0' [C:/AMDDesignTools/2025.2/Vivado/data/ip/xpm/xpm_cdc/hdl/xpm_cdc.sv:1059]
INFO: [Synth 8-6155] done synthesizing module 'xpm_cdc_sync_rst__parameterized0' (0#1) [C:/AMDDesignTools/2025.2/Vivado/data/ip/xpm/xpm_cdc/hdl/xpm_cdc.sv:1059]
INFO: [Synth 8-6155] done synthesizing module 'xpm_fifo_rst' (0#1) [C:/AMDDesignTools/2025.2/Vivado/data/ip/xpm/xpm_fifo/hdl/xpm_fifo.sv:1639]
INFO: [Synth 8-6157] synthesizing module 'xpm_counter_updn__parameterized0' [C:/AMDDesignTools/2025.2/Vivado/data/ip/xpm/xpm_fifo/hdl/xpm_fifo.sv:1879]
INFO: [Synth 8-6155] done synthesizing module 'xpm_counter_updn__parameterized0' (0#1) [C:/AMDDesignTools/2025.2/Vivado/data/ip/xpm/xpm_fifo/hdl/xpm_fifo.sv:1879]
INFO: [Synth 8-6157] synthesizing module 'xpm_counter_updn__parameterized1' [C:/AMDDesignTools/2025.2/Vivado/data/ip/xpm/xpm_fifo/hdl/xpm_fifo.sv:1879]
INFO: [Synth 8-6155] done synthesizing module 'xpm_counter_updn__parameterized1' (0#1) [C:/AMDDesignTools/2025.2/Vivado/data/ip/xpm/xpm_fifo/hdl/xpm_fifo.sv:1879]
INFO: [Synth 8-6157] synthesizing module 'xpm_counter_updn__parameterized2' [C:/AMDDesignTools/2025.2/Vivado/data/ip/xpm/xpm_fifo/hdl/xpm_fifo.sv:1879]
INFO: [Synth 8-6155] done synthesizing module 'xpm_counter_updn__parameterized2' (0#1) [C:/AMDDesignTools/2025.2/Vivado/data/ip/xpm/xpm_fifo/hdl/xpm_fifo.sv:1879]
INFO: [Synth 8-6155] done synthesizing module 'xpm_fifo_base' (0#1) [C:/AMDDesignTools/2025.2/Vivado/data/ip/xpm/xpm_fifo/hdl/xpm_fifo.sv:53]
INFO: [Synth 8-6155] done synthesizing module 'xpm_fifo_axis' (0#1) [C:/AMDDesignTools/2025.2/Vivado/data/ip/xpm/xpm_fifo/hdl/xpm_fifo.sv:2530]
INFO: [Synth 8-6155] done synthesizing module 'axis_data_fifo_v2_0_17_top' (0#1) [c:/Users/niumu/Refocusing/camera_screen/camera_screen.gen/sources_1/bd/cam_to_mem/ipshared/e1e3/hdl/axis_data_fifo_v2_0_vl_rfs.v:53]
INFO: [Synth 8-6155] done synthesizing module 'cam_to_mem_axis_data_fifo_0_0' (0#1) [c:/Users/niumu/Refocusing/camera_screen/camera_screen.gen/sources_1/bd/cam_to_mem/ip/cam_to_mem_axis_data_fifo_0_0/synth/cam_to_mem_axis_data_fifo_0_0.v:53]
WARNING: [Synth 8-6014] Unused sequential element gen_rd_b.gen_doutb_pipe.enb_pipe_reg[0] was removed.  [C:/AMDDesignTools/2025.2/Vivado/data/ip/xpm/xpm_memory/hdl/xpm_memory.sv:3087]
WARNING: [Synth 8-6014] Unused sequential element dest_out_bin_ff_reg was removed.  [C:/AMDDesignTools/2025.2/Vivado/data/ip/xpm/xpm_cdc/hdl/xpm_cdc.sv:417]
WARNING: [Synth 8-6014] Unused sequential element dest_out_bin_ff_reg was removed.  [C:/AMDDesignTools/2025.2/Vivado/data/ip/xpm/xpm_cdc/hdl/xpm_cdc.sv:417]
WARNING: [Synth 8-6014] Unused sequential element dest_out_bin_ff_reg was removed.  [C:/AMDDesignTools/2025.2/Vivado/data/ip/xpm/xpm_cdc/hdl/xpm_cdc.sv:417]
WARNING: [Synth 8-6014] Unused sequential element gdvld.data_valid_std_reg was removed.  [C:/AMDDesignTools/2025.2/Vivado/data/ip/xpm/xpm_fifo/hdl/xpm_fifo.sv:550]
WARNING: [Synth 8-6014] Unused sequential element gen_fwft.empty_fwft_fb_reg was removed.  [C:/AMDDesignTools/2025.2/Vivado/data/ip/xpm/xpm_fifo/hdl/xpm_fifo.sv:1404]
INFO: [Synth 8-7129] Port ACLK in module axis_infrastructure_v1_1_1_util_aclken_converter_wrapper is either unconnected or has no load
INFO: [Synth 8-7129] Port ARESETN in module axis_infrastructure_v1_1_1_util_aclken_converter_wrapper is either unconnected or has no load
INFO: [Synth 8-7129] Port S_ACLKEN in module axis_infrastructure_v1_1_1_util_aclken_converter_wrapper is either unconnected or has no load
INFO: [Synth 8-7129] Port M_ACLKEN in module axis_infrastructure_v1_1_1_util_aclken_converter_wrapper is either unconnected or has no load
INFO: [Synth 8-7129] Port sleep in module xpm_memory_base is either unconnected or has no load
INFO: [Synth 8-7129] Port rsta in module xpm_memory_base is either unconnected or has no load
INFO: [Synth 8-7129] Port regcea in module xpm_memory_base is either unconnected or has no load
INFO: [Synth 8-7129] Port injectsbiterra in module xpm_memory_base is either unconnected or has no load
INFO: [Synth 8-7129] Port injectdbiterra in module xpm_memory_base is either unconnected or has no load
INFO: [Synth 8-7129] Port dinb[33] in module xpm_memory_base is either unconnected or has no load
INFO: [Synth 8-7129] Port dinb[32] in module xpm_memory_base is either unconnected or has no load
INFO: [Synth 8-7129] Port dinb[31] in module xpm_memory_base is either unconnected or has no load
INFO: [Synth 8-7129] Port dinb[30] in module xpm_memory_base is either unconnected or has no load
INFO: [Synth 8-7129] Port dinb[29] in module xpm_memory_base is either unconnected or has no load
INFO: [Synth 8-7129] Port dinb[28] in module xpm_memory_base is either unconnected or has no load
INFO: [Synth 8-7129] Port dinb[27] in module xpm_memory_base is either unconnected or has no load
INFO: [Synth 8-7129] Port dinb[26] in module xpm_memory_base is either unconnected or has no load
INFO: [Synth 8-7129] Port dinb[25] in module xpm_memory_base is either unconnected or has no load
INFO: [Synth 8-7129] Port dinb[24] in module xpm_memory_base is either unconnected or has no load
INFO: [Synth 8-7129] Port dinb[23] in module xpm_memory_base is either unconnected or has no load
INFO: [Synth 8-7129] Port dinb[22] in module xpm_memory_base is either unconnected or has no load
INFO: [Synth 8-7129] Port dinb[21] in module xpm_memory_base is either unconnected or has no load
INFO: [Synth 8-7129] Port dinb[20] in module xpm_memory_base is either unconnected or has no load
INFO: [Synth 8-7129] Port dinb[19] in module xpm_memory_base is either unconnected or has no load
INFO: [Synth 8-7129] Port dinb[18] in module xpm_memory_base is either unconnected or has no load
INFO: [Synth 8-7129] Port dinb[17] in module xpm_memory_base is either unconnected or has no load
INFO: [Synth 8-7129] Port dinb[16] in module xpm_memory_base is either unconnected or has no load
INFO: [Synth 8-7129] Port dinb[15] in module xpm_memory_base is either unconnected or has no load
INFO: [Synth 8-7129] Port dinb[14] in module xpm_memory_base is either unconnected or has no load
INFO: [Synth 8-7129] Port dinb[13] in module xpm_memory_base is either unconnected or has no load
INFO: [Synth 8-7129] Port dinb[12] in module xpm_memory_base is either unconnected or has no load
INFO: [Synth 8-7129] Port dinb[11] in module xpm_memory_base is either unconnected or has no load
INFO: [Synth 8-7129] Port dinb[10] in module xpm_memory_base is either unconnected or has no load
INFO: [Synth 8-7129] Port dinb[9] in module xpm_memory_base is either unconnected or has no load
INFO: [Synth 8-7129] Port dinb[8] in module xpm_memory_base is either unconnected or has no load
INFO: [Synth 8-7129] Port dinb[7] in module xpm_memory_base is either unconnected or has no load
INFO: [Synth 8-7129] Port dinb[6] in module xpm_memory_base is either unconnected or has no load
INFO: [Synth 8-7129] Port dinb[5] in module xpm_memory_base is either unconnected or has no load
INFO: [Synth 8-7129] Port dinb[4] in module xpm_memory_base is either unconnected or has no load
INFO: [Synth 8-7129] Port dinb[3] in module xpm_memory_base is either unconnected or has no load
INFO: [Synth 8-7129] Port dinb[2] in module xpm_memory_base is either unconnected or has no load
INFO: [Synth 8-7129] Port dinb[1] in module xpm_memory_base is either unconnected or has no load
INFO: [Synth 8-7129] Port dinb[0] in module xpm_memory_base is either unconnected or has no load
INFO: [Synth 8-7129] Port injectsbiterrb in module xpm_memory_base is either unconnected or has no load
INFO: [Synth 8-7129] Port injectdbiterrb in module xpm_memory_base is either unconnected or has no load
---------------------------------------------------------------------------------
Finished RTL Elaboration : Time (s): cpu = 00:00:31 ; elapsed = 00:00:36 . Memory (MB): peak = 1439.586 ; gain = 670.762
---------------------------------------------------------------------------------
---------------------------------------------------------------------------------
Start Handling Custom Attributes
---------------------------------------------------------------------------------
---------------------------------------------------------------------------------
Finished Handling Custom Attributes : Time (s): cpu = 00:00:31 ; elapsed = 00:00:36 . Memory (MB): peak = 1439.586 ; gain = 670.762
---------------------------------------------------------------------------------
---------------------------------------------------------------------------------
Finished RTL Optimization Phase 1 : Time (s): cpu = 00:00:31 ; elapsed = 00:00:36 . Memory (MB): peak = 1439.586 ; gain = 670.762
---------------------------------------------------------------------------------
Netlist sorting complete. Time (s): cpu = 00:00:00 ; elapsed = 00:00:00.045 . Memory (MB): peak = 1439.586 ; gain = 0.000
INFO: [Project 1-570] Preparing netlist for logic optimization

Processing XDC Constraints
Initializing timing engine
Parsing XDC File [c:/Users/niumu/Refocusing/camera_screen/camera_screen.gen/sources_1/bd/cam_to_mem/ip/cam_to_mem_axis_data_fifo_0_0/cam_to_mem_axis_data_fifo_0_0_ooc.xdc] for cell 'inst'
Finished Parsing XDC File [c:/Users/niumu/Refocusing/camera_screen/camera_screen.gen/sources_1/bd/cam_to_mem/ip/cam_to_mem_axis_data_fifo_0_0/cam_to_mem_axis_data_fifo_0_0_ooc.xdc] for cell 'inst'
Parsing XDC File [C:/Users/niumu/Refocusing/camera_screen/camera_screen.runs/cam_to_mem_axis_data_fifo_0_0_synth_1/dont_touch.xdc]
Finished Parsing XDC File [C:/Users/niumu/Refocusing/camera_screen/camera_screen.runs/cam_to_mem_axis_data_fifo_0_0_synth_1/dont_touch.xdc]
INFO: [Project 1-236] Implementation specific constraints were found while reading constraint file [C:/AMDDesignTools/2025.2/Vivado/data/ip/xpm/xpm_cdc/tcl/xpm_cdc_gray.tcl]. These constraints will be ignored for synthesis but will be used in implementation. Impacted constraints are listed in the file [.Xil/cam_to_mem_axis_data_fifo_0_0_propImpl.xdc].
Resolution: To avoid this warning, move constraints listed in [.Xil/cam_to_mem_axis_data_fifo_0_0_propImpl.xdc] to another XDC file and exclude this new file from synthesis with the used_in_synthesis property (File Properties dialog in GUI) and re-run elaboration/synthesis.
INFO: [Project 1-236] Implementation specific constraints were found while reading constraint file [C:/AMDDesignTools/2025.2/Vivado/data/ip/xpm/xpm_fifo/tcl/xpm_fifo_rst_axis.tcl]. These constraints will be ignored for synthesis but will be used in implementation. Impacted constraints are listed in the file [.Xil/cam_to_mem_axis_data_fifo_0_0_propImpl.xdc].
Resolution: To avoid this warning, move constraints listed in [.Xil/cam_to_mem_axis_data_fifo_0_0_propImpl.xdc] to another XDC file and exclude this new file from synthesis with the used_in_synthesis property (File Properties dialog in GUI) and re-run elaboration/synthesis.
INFO: [Project 1-1714] 8 XPM XDC files have been applied to the design.
Completed Processing XDC Constraints

Netlist sorting complete. Time (s): cpu = 00:00:00 ; elapsed = 00:00:00.002 . Memory (MB): peak = 1516.062 ; gain = 0.000
INFO: [Project 1-111] Unisim Transformation Summary:
No Unisim elements were transformed.

Constraint Validation Runtime : Time (s): cpu = 00:00:00 ; elapsed = 00:00:00.159 . Memory (MB): peak = 1516.062 ; gain = 0.000
INFO: [Designutils 20-5008] Incremental synthesis strategy off
---------------------------------------------------------------------------------
Finished Constraint Validation : Time (s): cpu = 00:01:06 ; elapsed = 00:01:14 . Memory (MB): peak = 1516.062 ; gain = 747.238
---------------------------------------------------------------------------------
---------------------------------------------------------------------------------
Start Loading Part and Timing Information
---------------------------------------------------------------------------------
Loading part: xc7z020clg400-2
---------------------------------------------------------------------------------
Finished Loading Part and Timing Information : Time (s): cpu = 00:01:06 ; elapsed = 00:01:14 . Memory (MB): peak = 1516.062 ; gain = 747.238
---------------------------------------------------------------------------------
---------------------------------------------------------------------------------
Start Applying 'set_property' XDC Constraints
---------------------------------------------------------------------------------
---------------------------------------------------------------------------------
Finished applying 'set_property' XDC Constraints : Time (s): cpu = 00:01:06 ; elapsed = 00:01:15 . Memory (MB): peak = 1516.062 ; gain = 747.238
---------------------------------------------------------------------------------
INFO: [Synth 8-802] inferred FSM for state register 'gen_rst_ic.curr_wrst_state_reg' in module 'xpm_fifo_rst'
INFO: [Synth 8-802] inferred FSM for state register 'gen_rst_ic.curr_rrst_state_reg' in module 'xpm_fifo_rst'
INFO: [Synth 8-802] inferred FSM for state register 'gen_fwft.curr_fwft_state_reg' in module 'xpm_fifo_base'
INFO: [Synth 8-5552] Implemented safe state 'default_state' for state register 'gen_rst_ic.curr_wrst_state_reg' in module 'xpm_fifo_rst'
---------------------------------------------------------------------------------------------------
                   State |                     New Encoding |                Previous Encoding 
---------------------------------------------------------------------------------------------------
*
               WRST_IDLE |                            00001 |                              000
                 WRST_IN |                            00010 |                              010
                WRST_OUT |                            00100 |                              111
               WRST_EXIT |                            01000 |                              110
            WRST_GO2IDLE |                            10000 |                              100
---------------------------------------------------------------------------------------------------
INFO: [Synth 8-3354] encoded FSM with state register 'gen_rst_ic.curr_wrst_state_reg' using encoding 'one-hot' in module 'xpm_fifo_rst'
INFO: [Synth 8-5552] Implemented safe state 'default_state' for state register 'gen_rst_ic.curr_rrst_state_reg' in module 'xpm_fifo_rst'
---------------------------------------------------------------------------------------------------
                   State |                     New Encoding |                Previous Encoding 
---------------------------------------------------------------------------------------------------
*
               RRST_IDLE |                               00 |                               00
                 RRST_IN |                               01 |                               10
                RRST_OUT |                               10 |                               11
               RRST_EXIT |                               11 |                               01
---------------------------------------------------------------------------------------------------
INFO: [Synth 8-3354] encoded FSM with state register 'gen_rst_ic.curr_rrst_state_reg' using encoding 'sequential' in module 'xpm_fifo_rst'
---------------------------------------------------------------------------------------------------
                   State |                     New Encoding |                Previous Encoding 
---------------------------------------------------------------------------------------------------
                 invalid |                               00 |                               00
            stage1_valid |                               01 |                               10
       both_stages_valid |                               10 |                               11
            stage2_valid |                               11 |                               01
---------------------------------------------------------------------------------------------------
INFO: [Synth 8-3354] encoded FSM with state register 'gen_fwft.curr_fwft_state_reg' using encoding 'sequential' in module 'xpm_fifo_base'
---------------------------------------------------------------------------------
Finished RTL Optimization Phase 2 : Time (s): cpu = 00:01:08 ; elapsed = 00:01:17 . Memory (MB): peak = 1516.062 ; gain = 747.238
---------------------------------------------------------------------------------
---------------------------------------------------------------------------------
Start RTL Component Statistics 
---------------------------------------------------------------------------------
Detailed RTL Component Info : 
+---Adders : 
	   4 Input   12 Bit       Adders := 2     
	   2 Input   12 Bit       Adders := 2     
	   4 Input   11 Bit       Adders := 3     
	   4 Input    2 Bit       Adders := 1     
+---XORs : 
	   2 Input     12 Bit         XORs := 2     
	   2 Input     11 Bit         XORs := 2     
	   2 Input      1 Bit         XORs := 42    
+---Registers : 
	               34 Bit    Registers := 2     
	               12 Bit    Registers := 14    
	               11 Bit    Registers := 13    
	                3 Bit    Registers := 3     
	                2 Bit    Registers := 2     
	                1 Bit    Registers := 14    
+---RAMs : 
	              68K Bit	(2048 X 34 bit)          RAMs := 1     
+---Muxes : 
	   6 Input    5 Bit        Muxes := 1     
	   2 Input    5 Bit        Muxes := 8     
	   5 Input    2 Bit        Muxes := 1     
	   2 Input    2 Bit        Muxes := 33    
	   4 Input    2 Bit        Muxes := 7     
	   2 Input    1 Bit        Muxes := 5     
	   6 Input    1 Bit        Muxes := 2     
	   5 Input    1 Bit        Muxes := 3     
	   4 Input    1 Bit        Muxes := 2     
---------------------------------------------------------------------------------
Finished RTL Component Statistics 
---------------------------------------------------------------------------------
---------------------------------------------------------------------------------
Start Part Resource Summary
---------------------------------------------------------------------------------
Part Resources:
DSPs: 220 (col length:60)
BRAMs: 280 (col length: RAMB18 60 RAMB36 30)
---------------------------------------------------------------------------------
Finished Part Resource Summary
---------------------------------------------------------------------------------
---------------------------------------------------------------------------------
Start Cross Boundary and Area Optimization
---------------------------------------------------------------------------------
INFO: [Synth 8-7129] Port rsta in module xpm_memory_base is either unconnected or has no load
INFO: [Synth 8-7129] Port regcea in module xpm_memory_base is either unconnected or has no load
INFO: [Synth 8-7129] Port injectsbiterra in module xpm_memory_base is either unconnected or has no load
INFO: [Synth 8-7129] Port injectdbiterra in module xpm_memory_base is either unconnected or has no load
INFO: [Synth 8-7129] Port dinb[33] in module xpm_memory_base is either unconnected or has no load
INFO: [Synth 8-7129] Port dinb[32] in module xpm_memory_base is either unconnected or has no load
INFO: [Synth 8-7129] Port dinb[31] in module xpm_memory_base is either unconnected or has no load
INFO: [Synth 8-7129] Port dinb[30] in module xpm_memory_base is either unconnected or has no load
INFO: [Synth 8-7129] Port dinb[29] in module xpm_memory_base is either unconnected or has no load
INFO: [Synth 8-7129] Port dinb[28] in module xpm_memory_base is either unconnected or has no load
INFO: [Synth 8-7129] Port dinb[27] in module xpm_memory_base is either unconnected or has no load
INFO: [Synth 8-7129] Port dinb[26] in module xpm_memory_base is either unconnected or has no load
INFO: [Synth 8-7129] Port dinb[25] in module xpm_memory_base is either unconnected or has no load
INFO: [Synth 8-7129] Port dinb[24] in module xpm_memory_base is either unconnected or has no load
INFO: [Synth 8-7129] Port dinb[23] in module xpm_memory_base is either unconnected or has no load
INFO: [Synth 8-7129] Port dinb[22] in module xpm_memory_base is either unconnected or has no load
INFO: [Synth 8-7129] Port dinb[21] in module xpm_memory_base is either unconnected or has no load
INFO: [Synth 8-7129] Port dinb[20] in module xpm_memory_base is either unconnected or has no load
INFO: [Synth 8-7129] Port dinb[19] in module xpm_memory_base is either unconnected or has no load
INFO: [Synth 8-7129] Port dinb[18] in module xpm_memory_base is either unconnected or has no load
INFO: [Synth 8-7129] Port dinb[17] in module xpm_memory_base is either unconnected or has no load
INFO: [Synth 8-7129] Port dinb[16] in module xpm_memory_base is either unconnected or has no load
INFO: [Synth 8-7129] Port dinb[15] in module xpm_memory_base is either unconnected or has no load
INFO: [Synth 8-7129] Port dinb[14] in module xpm_memory_base is either unconnected or has no load
INFO: [Synth 8-7129] Port dinb[13] in module xpm_memory_base is either unconnected or has no load
INFO: [Synth 8-7129] Port dinb[12] in module xpm_memory_base is either unconnected or has no load
INFO: [Synth 8-7129] Port dinb[11] in module xpm_memory_base is either unconnected or has no load
INFO: [Synth 8-7129] Port dinb[10] in module xpm_memory_base is either unconnected or has no load
INFO: [Synth 8-7129] Port dinb[9] in module xpm_memory_base is either unconnected or has no load
INFO: [Synth 8-7129] Port dinb[8] in module xpm_memory_base is either unconnected or has no load
INFO: [Synth 8-7129] Port dinb[7] in module xpm_memory_base is either unconnected or has no load
INFO: [Synth 8-7129] Port dinb[6] in module xpm_memory_base is either unconnected or has no load
INFO: [Synth 8-7129] Port dinb[5] in module xpm_memory_base is either unconnected or has no load
INFO: [Synth 8-7129] Port dinb[4] in module xpm_memory_base is either unconnected or has no load
INFO: [Synth 8-7129] Port dinb[3] in module xpm_memory_base is either unconnected or has no load
INFO: [Synth 8-7129] Port dinb[2] in module xpm_memory_base is either unconnected or has no load
INFO: [Synth 8-7129] Port dinb[1] in module xpm_memory_base is either unconnected or has no load
INFO: [Synth 8-7129] Port dinb[0] in module xpm_memory_base is either unconnected or has no load
INFO: [Synth 8-7129] Port injectsbiterrb in module xpm_memory_base is either unconnected or has no load
INFO: [Synth 8-7129] Port injectdbiterrb in module xpm_memory_base is either unconnected or has no load
INFO: [Synth 8-7129] Port s_axis_aclken in module axis_data_fifo_v2_0_17_top is either unconnected or has no load
INFO: [Synth 8-7129] Port s_axis_tstrb[2] in module axis_data_fifo_v2_0_17_top is either unconnected or has no load
INFO: [Synth 8-7129] Port s_axis_tstrb[1] in module axis_data_fifo_v2_0_17_top is either unconnected or has no load
INFO: [Synth 8-7129] Port s_axis_tstrb[0] in module axis_data_fifo_v2_0_17_top is either unconnected or has no load
INFO: [Synth 8-7129] Port s_axis_tkeep[2] in module axis_data_fifo_v2_0_17_top is either unconnected or has no load
INFO: [Synth 8-7129] Port s_axis_tkeep[1] in module axis_data_fifo_v2_0_17_top is either unconnected or has no load
INFO: [Synth 8-7129] Port s_axis_tkeep[0] in module axis_data_fifo_v2_0_17_top is either unconnected or has no load
INFO: [Synth 8-7129] Port s_axis_tid[0] in module axis_data_fifo_v2_0_17_top is either unconnected or has no load
INFO: [Synth 8-7129] Port s_axis_tdest[0] in module axis_data_fifo_v2_0_17_top is either unconnected or has no load
INFO: [Synth 8-7129] Port m_axis_aclken in module axis_data_fifo_v2_0_17_top is either unconnected or has no load
INFO: [Synth 8-5784] Optimized 8 bits of RAM "gen_wr_a.gen_word_narrow.mem_reg" due to constant propagation. Old ram width 34 bits, new ram width 26 bits.
---------------------------------------------------------------------------------
Finished Cross Boundary and Area Optimization : Time (s): cpu = 00:01:15 ; elapsed = 00:01:25 . Memory (MB): peak = 1516.062 ; gain = 747.238
---------------------------------------------------------------------------------
---------------------------------------------------------------------------------
Start ROM, RAM, DSP, Shift Register and Retiming Reporting
---------------------------------------------------------------------------------

Block RAM: Preliminary Mapping Report (see note below)
+----------------------------------------------------------------------------------------+----------------------------------+------------------------+---+---+------------------------+---+---+------------------+--------+--------+
|Module Name                                                                             | RTL Object                       | PORT A (Depth x Width) | W | R | PORT B (Depth x Width) | W | R | Ports driving FF | RAMB18 | RAMB36 | 
+----------------------------------------------------------------------------------------+----------------------------------+------------------------+---+---+------------------------+---+---+------------------+--------+--------+
|inst/\gen_fifo.xpm_fifo_axis_inst /xpm_fifo_base_inst/\gen_sdpram.xpm_memory_base_inst  | gen_wr_a.gen_word_narrow.mem_reg | 2 K x 34(NO_CHANGE)    | W |   | 2 K x 34(WRITE_FIRST)  |   | R | Port A and B     | 1      | 1      | 
+----------------------------------------------------------------------------------------+----------------------------------+------------------------+---+---+------------------------+---+---+------------------+--------+--------+

Note: The table above is a preliminary report that shows the Block RAMs at the current stage of the synthesis flow. Some Block RAMs may be reimplemented as non Block RAM primitives later in the synthesis flow. Multiple instantiated Block RAMs are reported only once. 
---------------------------------------------------------------------------------
Finished ROM, RAM, DSP, Shift Register and Retiming Reporting
---------------------------------------------------------------------------------
---------------------------------------------------------------------------------
Start Applying XDC Timing Constraints
---------------------------------------------------------------------------------
---------------------------------------------------------------------------------
Finished Applying XDC Timing Constraints : Time (s): cpu = 00:01:26 ; elapsed = 00:01:37 . Memory (MB): peak = 1636.105 ; gain = 867.281
---------------------------------------------------------------------------------
---------------------------------------------------------------------------------
Start Timing Optimization
---------------------------------------------------------------------------------
---------------------------------------------------------------------------------
Finished Timing Optimization : Time (s): cpu = 00:01:27 ; elapsed = 00:01:37 . Memory (MB): peak = 1637.398 ; gain = 868.574
---------------------------------------------------------------------------------
---------------------------------------------------------------------------------
Start ROM, RAM, DSP, Shift Register and Retiming Reporting
---------------------------------------------------------------------------------

Block RAM: Final Mapping Report
+----------------------------------------------------------------------------------------+----------------------------------+------------------------+---+---+------------------------+---+---+------------------+--------+--------+
|Module Name                                                                             | RTL Object                       | PORT A (Depth x Width) | W | R | PORT B (Depth x Width) | W | R | Ports driving FF | RAMB18 | RAMB36 | 
+----------------------------------------------------------------------------------------+----------------------------------+------------------------+---+---+------------------------+---+---+------------------+--------+--------+
|inst/\gen_fifo.xpm_fifo_axis_inst /xpm_fifo_base_inst/\gen_sdpram.xpm_memory_base_inst  | gen_wr_a.gen_word_narrow.mem_reg | 2 K x 34(NO_CHANGE)    | W |   | 2 K x 34(WRITE_FIRST)  |   | R | Port A and B     | 1      | 1      | 
+----------------------------------------------------------------------------------------+----------------------------------+------------------------+---+---+------------------------+---+---+------------------+--------+--------+

---------------------------------------------------------------------------------
Finished ROM, RAM, DSP, Shift Register and Retiming Reporting
---------------------------------------------------------------------------------
---------------------------------------------------------------------------------
Start Technology Mapping
---------------------------------------------------------------------------------
---------------------------------------------------------------------------------
Finished Technology Mapping : Time (s): cpu = 00:01:27 ; elapsed = 00:01:38 . Memory (MB): peak = 1666.004 ; gain = 897.180
---------------------------------------------------------------------------------
---------------------------------------------------------------------------------
Start IO Insertion
---------------------------------------------------------------------------------
---------------------------------------------------------------------------------
Start Flattening Before IO Insertion
---------------------------------------------------------------------------------
---------------------------------------------------------------------------------
Finished Flattening Before IO Insertion
---------------------------------------------------------------------------------
---------------------------------------------------------------------------------
Start Final Netlist Cleanup
---------------------------------------------------------------------------------
---------------------------------------------------------------------------------
Finished Final Netlist Cleanup
---------------------------------------------------------------------------------
---------------------------------------------------------------------------------
Finished IO Insertion : Time (s): cpu = 00:01:45 ; elapsed = 00:01:56 . Memory (MB): peak = 1897.102 ; gain = 1128.277
---------------------------------------------------------------------------------
---------------------------------------------------------------------------------
Start Renaming Generated Instances
---------------------------------------------------------------------------------
---------------------------------------------------------------------------------
Finished Renaming Generated Instances : Time (s): cpu = 00:01:45 ; elapsed = 00:01:56 . Memory (MB): peak = 1897.102 ; gain = 1128.277
---------------------------------------------------------------------------------
---------------------------------------------------------------------------------
Start Rebuilding User Hierarchy
---------------------------------------------------------------------------------
---------------------------------------------------------------------------------
Finished Rebuilding User Hierarchy : Time (s): cpu = 00:01:45 ; elapsed = 00:01:56 . Memory (MB): peak = 1897.102 ; gain = 1128.277
---------------------------------------------------------------------------------
---------------------------------------------------------------------------------
Start Renaming Generated Ports
---------------------------------------------------------------------------------
---------------------------------------------------------------------------------
Finished Renaming Generated Ports : Time (s): cpu = 00:01:45 ; elapsed = 00:01:56 . Memory (MB): peak = 1897.102 ; gain = 1128.277
---------------------------------------------------------------------------------
---------------------------------------------------------------------------------
Start Handling Custom Attributes
---------------------------------------------------------------------------------
---------------------------------------------------------------------------------
Finished Handling Custom Attributes : Time (s): cpu = 00:01:45 ; elapsed = 00:01:56 . Memory (MB): peak = 1899.102 ; gain = 1130.277
---------------------------------------------------------------------------------
---------------------------------------------------------------------------------
Start Renaming Generated Nets
---------------------------------------------------------------------------------
---------------------------------------------------------------------------------
Finished Renaming Generated Nets : Time (s): cpu = 00:01:45 ; elapsed = 00:01:56 . Memory (MB): peak = 1899.102 ; gain = 1130.277
---------------------------------------------------------------------------------
---------------------------------------------------------------------------------
Start Writing Synthesis Report
---------------------------------------------------------------------------------

Report BlackBoxes: 
+-+--------------+----------+
| |BlackBox name |Instances |
+-+--------------+----------+
+-+--------------+----------+

Report Cell Usage: 
+------+---------+------+
|      |Cell     |Count |
+------+---------+------+
|1     |CARRY4   |    22|
|2     |LUT1     |     2|
|3     |LUT2     |    50|
|4     |LUT3     |    19|
|5     |LUT4     |    15|
|6     |LUT5     |    17|
|7     |LUT6     |    25|
|8     |RAMB18E1 |     1|
|9     |RAMB36E1 |     1|
|10    |FDRE     |   313|
|11    |FDSE     |     6|
+------+---------+------+
---------------------------------------------------------------------------------
Finished Writing Synthesis Report : Time (s): cpu = 00:01:45 ; elapsed = 00:01:56 . Memory (MB): peak = 1899.102 ; gain = 1130.277
---------------------------------------------------------------------------------
Synthesis finished with 0 errors, 0 critical warnings and 0 warnings.
Synthesis Optimization Runtime : Time (s): cpu = 00:01:05 ; elapsed = 00:01:47 . Memory (MB): peak = 1899.102 ; gain = 1053.801
Synthesis Optimization Complete : Time (s): cpu = 00:01:45 ; elapsed = 00:01:57 . Memory (MB): peak = 1899.102 ; gain = 1130.277
INFO: [Project 1-571] Translating synthesized netlist
Netlist sorting complete. Time (s): cpu = 00:00:00 ; elapsed = 00:00:00.031 . Memory (MB): peak = 1908.281 ; gain = 0.000
INFO: [Netlist 29-17] Analyzing 24 Unisim elements for replacement
INFO: [Netlist 29-28] Unisim Transformation completed in 0 CPU seconds
INFO: [Project 1-570] Preparing netlist for logic optimization
INFO: [Opt 31-138] Pushed 0 inverter(s) to 0 load pin(s).
Netlist sorting complete. Time (s): cpu = 00:00:00 ; elapsed = 00:00:00.002 . Memory (MB): peak = 1911.926 ; gain = 0.000
INFO: [Project 1-111] Unisim Transformation Summary:
No Unisim elements were transformed.

Synth Design complete | Checksum: 6204e5d1
INFO: [Common 17-83] Releasing license: Synthesis
168 Infos, 6 Warnings, 0 Critical Warnings and 0 Errors encountered.
synth_design completed successfully
synth_design: Time (s): cpu = 00:02:01 ; elapsed = 00:02:33 . Memory (MB): peak = 1911.926 ; gain = 1373.566
Write ShapeDB Complete: Time (s): cpu = 00:00:00 ; elapsed = 00:00:00.012 . Memory (MB): peak = 1911.926 ; gain = 0.000
INFO: [Common 17-1381] The checkpoint 'C:/Users/niumu/Refocusing/camera_screen/camera_screen.runs/cam_to_mem_axis_data_fifo_0_0_synth_1/cam_to_mem_axis_data_fifo_0_0.dcp' has been generated.
INFO: [Coretcl 2-1648] Added synthesis output to IP cache for IP cam_to_mem_axis_data_fifo_0_0, cache-ID = d12edf54844bf328
INFO: [Coretcl 2-1174] Renamed 21 cell refs.
Write ShapeDB Complete: Time (s): cpu = 00:00:00 ; elapsed = 00:00:00.009 . Memory (MB): peak = 1911.926 ; gain = 0.000
INFO: [Common 17-1381] The checkpoint 'C:/Users/niumu/Refocusing/camera_screen/camera_screen.runs/cam_to_mem_axis_data_fifo_0_0_synth_1/cam_to_mem_axis_data_fifo_0_0.dcp' has been generated.
INFO: [Vivado 12-24828] Executing command : report_utilization -file cam_to_mem_axis_data_fifo_0_0_utilization_synth.rpt -pb cam_to_mem_axis_data_fifo_0_0_utilization_synth.pb
INFO: [Common 17-206] Exiting Vivado at Wed May  6 17:11:34 2026...
